{"numFailedTestSuites":1,"numFailedTests":1,"numPassedTestSuites":0,"numPassedTests":1,"numPendingTestSuites":0,"numPendingTests":0,"numRuntimeErrorTestSuites":0,"numTodoTests":0,"numTotalTestSuites":1,"numTotalTests":2,"openHandles":[],"snapshot":{"added":0,"didUpdate":false,"failure":false,"filesAdded":0,"filesRemoved":0,"filesRemovedList":[],"filesUnmatched":0,"filesUpdated":0,"matched":0,"total":0,"unchecked":0,"uncheckedKeysByFile":[],"unmatched":0,"updated":0},"startTime":1771589634626,"success":false,"testResults":[{"assertionResults":[{"ancestorTitles":["AcademicCareerController (e2e)"],"duration":127,"failing":false,"failureDetails":[{"matcherResult":{"actual":"DISPONIBLE","expected":"PENDIENTE","message":"\u001b[2mexpect(\u001b[22m\u001b[31mreceived\u001b[39m\u001b[2m).\u001b[22mtoBe\u001b[2m(\u001b[22m\u001b[32mexpected\u001b[39m\u001b[2m) // Object.is equality\u001b[22m\n\nExpected: \u001b[32m\"\u001b[7mPENDIENT\u001b[27mE\"\u001b[39m\nReceived: \u001b[31m\"\u001b[7mDISPONIBL\u001b[27mE\"\u001b[39m","name":"toBe","pass":false}}],"failureMessages":["Error: \u001b[2mexpect(\u001b[22m\u001b[31mreceived\u001b[39m\u001b[2m).\u001b[22mtoBe\u001b[2m(\u001b[22m\u001b[32mexpected\u001b[39m\u001b[2m) // Object.is equality\u001b[22m\n\nExpected: \u001b[32m\"\u001b[7mPENDIENT\u001b[27mE\"\u001b[39m\nReceived: \u001b[31m\"\u001b[7mDISPONIBL\u001b[27mE\"\u001b[39m\n    at Object.<anonymous> (C:\\Users\\luisd\\Desktop\\Proyectos\\Mi-Carrerita\\server\\test\\academic-career.e2e-spec.ts:75:36)\n    at processTicksAndRejections (node:internal/process/task_queues:105:5)"],"fullName":"AcademicCareerController (e2e) /academic-career/graph (GET) - deberia retornar el arbol vacio","invocations":1,"location":null,"numPassingAsserts":4,"retryReasons":[],"startAt":1771589635729,"status":"failed","title":"/academic-career/graph (GET) - deberia retornar el arbol vacio"},{"ancestorTitles":["AcademicCareerController (e2e)"],"duration":10,"failing":false,"failureDetails":[],"failureMessages":[],"fullName":"AcademicCareerController (e2e) /academic-career/graph (GET) - deberia retornar 404 si no encuentra el usuario","invocations":1,"location":null,"numPassingAsserts":1,"retryReasons":[],"startAt":1771589635861,"status":"passed","title":"/academic-career/graph (GET) - deberia retornar 404 si no encuentra el usuario"}],"endTime":1771589635883,"message":"\u001b[1m\u001b[31m  \u001b[1m● \u001b[22m\u001b[1mAcademicCareerController (e2e) › /academic-career/graph (GET) - deberia retornar el arbol vacio\u001b[39m\u001b[22m\n\n    \u001b[2mexpect(\u001b[22m\u001b[31mreceived\u001b[39m\u001b[2m).\u001b[22mtoBe\u001b[2m(\u001b[22m\u001b[32mexpected\u001b[39m\u001b[2m) // Object.is equality\u001b[22m\n\n    Expected: \u001b[32m\"\u001b[7mPENDIENT\u001b[27mE\"\u001b[39m\n    Received: \u001b[31m\"\u001b[7mDISPONIBL\u001b[27mE\"\u001b[39m\n\u001b[2m\u001b[22m\n\u001b[2m    \u001b[0m \u001b[90m 73 |\u001b[39m         expect(res\u001b[33m.\u001b[39mbody\u001b[33m.\u001b[39mlength)\u001b[33m.\u001b[39mtoBe(\u001b[35m1\u001b[39m)\u001b[33m;\u001b[39m\u001b[22m\n\u001b[2m     \u001b[90m 74 |\u001b[39m         expect(res\u001b[33m.\u001b[39mbody[\u001b[35m0\u001b[39m]\u001b[33m.\u001b[39mid)\u001b[33m.\u001b[39mtoBe(\u001b[32m's1'\u001b[39m)\u001b[33m;\u001b[39m\u001b[22m\n\u001b[2m    \u001b[31m\u001b[1m>\u001b[22m\u001b[2m\u001b[39m\u001b[90m 75 |\u001b[39m         expect(res\u001b[33m.\u001b[39mbody[\u001b[35m0\u001b[39m]\u001b[33m.\u001b[39mstatus)\u001b[33m.\u001b[39mtoBe(\u001b[33mSubjectStatus\u001b[39m\u001b[33m.\u001b[39m\u001b[33mPENDIENTE\u001b[39m)\u001b[33m;\u001b[39m\u001b[22m\n\u001b[2m     \u001b[90m    |\u001b[39m                                    \u001b[31m\u001b[1m^\u001b[22m\u001b[2m\u001b[39m\u001b[22m\n\u001b[2m     \u001b[90m 76 |\u001b[39m     })\u001b[33m;\u001b[39m\u001b[22m\n\u001b[2m     \u001b[90m 77 |\u001b[39m\u001b[22m\n\u001b[2m     \u001b[90m 78 |\u001b[39m     it(\u001b[32m'/academic-career/graph (GET) - deberia retornar 404 si no encuentra el usuario'\u001b[39m\u001b[33m,\u001b[39m () \u001b[33m=>\u001b[39m {\u001b[0m\u001b[22m\n\u001b[2m\u001b[22m\n\u001b[2m      \u001b[2mat Object.<anonymous> (\u001b[22m\u001b[2m\u001b[0m\u001b[36macademic-career.e2e-spec.ts\u001b[39m\u001b[0m\u001b[2m:75:36)\u001b[22m\u001b[2m\u001b[22m\n","name":"C:\\Users\\luisd\\Desktop\\Proyectos\\Mi-Carrerita\\server\\test\\academic-career.e2e-spec.ts","startTime":1771589634881,"status":"failed","summary":""}],"wasInterrupted":false}
