<?xml version="1.0" encoding="UTF-8"?>
<coverage generated="1772233744868" clover="3.2.0">
  <project timestamp="1772233744868" name="All files">
    <metrics statements="851" coveredstatements="735" conditionals="590" coveredconditionals="374" methods="220" coveredmethods="180" elements="1661" coveredelements="1289" complexity="0" loc="851" ncloc="851" packages="8" files="23" classes="23"/>
    <package name="features.academic.components">
      <metrics statements="367" coveredstatements="273" conditionals="327" coveredconditionals="158" methods="90" coveredmethods="56"/>
      <file name="CareerGraph.tsx" path="C:\Users\luisd\Desktop\Proyectos\Mi-Carrerita\client\src\features\academic\components\CareerGraph.tsx">
        <metrics statements="38" coveredstatements="15" conditionals="47" coveredconditionals="18" methods="19" coveredmethods="4"/>
        <line num="30" count="1" type="stmt"/>
        <line num="45" count="1" type="stmt"/>
        <line num="74" count="7" type="stmt"/>
        <line num="76" count="7" type="stmt"/>
        <line num="77" count="6" type="stmt"/>
        <line num="81" count="7" type="stmt"/>
        <line num="83" count="7" type="cond" truecount="2" falsecount="0"/>
        <line num="84" count="1" type="stmt"/>
        <line num="91" count="6" type="cond" truecount="1" falsecount="1"/>
        <line num="92" count="0" type="stmt"/>
        <line num="99" count="6" type="stmt"/>
        <line num="162" count="1" type="stmt"/>
        <line num="163" count="1" type="cond" truecount="1" falsecount="1"/>
        <line num="164" count="1" type="stmt"/>
        <line num="165" count="1" type="stmt"/>
        <line num="169" count="0" type="stmt"/>
        <line num="170" count="0" type="cond" truecount="0" falsecount="2"/>
        <line num="172" count="0" type="stmt"/>
        <line num="215" count="0" type="stmt"/>
        <line num="216" count="0" type="cond" truecount="0" falsecount="2"/>
        <line num="218" count="0" type="stmt"/>
        <line num="219" count="0" type="cond" truecount="0" falsecount="2"/>
        <line num="221" count="0" type="cond" truecount="0" falsecount="2"/>
        <line num="222" count="0" type="stmt"/>
        <line num="223" count="0" type="stmt"/>
        <line num="232" count="0" type="cond" truecount="0" falsecount="2"/>
        <line num="234" count="0" type="cond" truecount="0" falsecount="2"/>
        <line num="235" count="0" type="stmt"/>
        <line num="237" count="0" type="stmt"/>
        <line num="255" count="0" type="stmt"/>
        <line num="256" count="0" type="stmt"/>
        <line num="258" count="0" type="stmt"/>
        <line num="271" count="0" type="stmt"/>
        <line num="274" count="0" type="stmt"/>
        <line num="288" count="0" type="stmt"/>
        <line num="302" count="0" type="stmt"/>
        <line num="314" count="0" type="stmt"/>
        <line num="331" count="1" type="stmt"/>
      </file>
      <file name="ProgressTrack.tsx" path="C:\Users\luisd\Desktop\Proyectos\Mi-Carrerita\client\src\features\academic\components\ProgressTrack.tsx">
        <metrics statements="23" coveredstatements="23" conditionals="28" coveredconditionals="18" methods="5" coveredmethods="5"/>
        <line num="9" count="1" type="stmt"/>
        <line num="10" count="1" type="stmt"/>
        <line num="11" count="1" type="stmt"/>
        <line num="12" count="1" type="stmt"/>
        <line num="14" count="1" type="stmt"/>
        <line num="16" count="1" type="stmt"/>
        <line num="17" count="6" type="stmt"/>
        <line num="19" count="6" type="stmt"/>
        <line num="20" count="1" type="stmt"/>
        <line num="21" count="1" type="stmt"/>
        <line num="24" count="1" type="stmt"/>
        <line num="27" count="6" type="stmt"/>
        <line num="29" count="6" type="stmt"/>
        <line num="31" count="6" type="stmt"/>
        <line num="33" count="6" type="stmt"/>
        <line num="59" count="24" type="stmt"/>
        <line num="60" count="24" type="stmt"/>
        <line num="61" count="24" type="stmt"/>
        <line num="64" count="24" type="cond" truecount="4" falsecount="0"/>
        <line num="65" count="12" type="cond" truecount="3" falsecount="1"/>
        <line num="66" count="6" type="cond" truecount="2" falsecount="2"/>
        <line num="67" count="6" type="cond" truecount="1" falsecount="1"/>
        <line num="69" count="24" type="stmt"/>
      </file>
      <file name="SubjectNode.tsx" path="C:\Users\luisd\Desktop\Proyectos\Mi-Carrerita\client\src\features\academic\components\SubjectNode.tsx">
        <metrics statements="28" coveredstatements="8" conditionals="57" coveredconditionals="0" methods="5" coveredmethods="0"/>
        <line num="27" count="1" type="stmt"/>
        <line num="72" count="1" type="stmt"/>
        <line num="73" count="1" type="stmt"/>
        <line num="74" count="1" type="stmt"/>
        <line num="75" count="1" type="stmt"/>
        <line num="76" count="1" type="stmt"/>
        <line num="78" count="1" type="stmt"/>
        <line num="79" count="0" type="stmt"/>
        <line num="80" count="0" type="stmt"/>
        <line num="82" count="0" type="cond" truecount="0" falsecount="2"/>
        <line num="83" count="0" type="stmt"/>
        <line num="86" count="0" type="stmt"/>
        <line num="87" count="0" type="stmt"/>
        <line num="88" count="0" type="stmt"/>
        <line num="89" count="0" type="stmt"/>
        <line num="90" count="0" type="stmt"/>
        <line num="91" count="0" type="stmt"/>
        <line num="92" count="0" type="stmt"/>
        <line num="93" count="0" type="stmt"/>
        <line num="94" count="0" type="stmt"/>
        <line num="95" count="0" type="cond" truecount="0" falsecount="4"/>
        <line num="99" count="0" type="stmt"/>
        <line num="105" count="0" type="stmt"/>
        <line num="106" count="0" type="stmt"/>
        <line num="216" count="1" type="stmt"/>
        <line num="217" count="0" type="stmt"/>
        <line num="232" count="0" type="stmt"/>
        <line num="242" count="0" type="cond" truecount="0" falsecount="2"/>
      </file>
      <file name="SubjectUpdatePanel.tsx" path="C:\Users\luisd\Desktop\Proyectos\Mi-Carrerita\client\src\features\academic\components\SubjectUpdatePanel.tsx">
        <metrics statements="82" coveredstatements="75" conditionals="88" coveredconditionals="71" methods="14" coveredmethods="10"/>
        <line num="22" count="2" type="stmt"/>
        <line num="23" count="49" type="stmt"/>
        <line num="24" count="49" type="stmt"/>
        <line num="25" count="49" type="stmt"/>
        <line num="26" count="49" type="stmt"/>
        <line num="27" count="49" type="stmt"/>
        <line num="28" count="49" type="stmt"/>
        <line num="29" count="49" type="stmt"/>
        <line num="30" count="49" type="stmt"/>
        <line num="31" count="49" type="stmt"/>
        <line num="33" count="49" type="stmt"/>
        <line num="43" count="49" type="stmt"/>
        <line num="44" count="12" type="cond" truecount="2" falsecount="0"/>
        <line num="47" count="11" type="cond" truecount="1" falsecount="1"/>
        <line num="51" count="12" type="stmt"/>
        <line num="52" count="12" type="cond" truecount="2" falsecount="0"/>
        <line num="53" count="12" type="cond" truecount="3" falsecount="1"/>
        <line num="54" count="12" type="cond" truecount="2" falsecount="0"/>
        <line num="55" count="12" type="cond" truecount="2" falsecount="0"/>
        <line num="56" count="12" type="stmt"/>
        <line num="57" count="12" type="stmt"/>
        <line num="60" count="49" type="stmt"/>
        <line num="61" count="21" type="cond" truecount="2" falsecount="0"/>
        <line num="62" count="1" type="stmt"/>
        <line num="66" count="49" type="cond" truecount="4" falsecount="0"/>
        <line num="68" count="44" type="stmt"/>
        <line num="70" count="44" type="stmt"/>
        <line num="71" count="7" type="stmt"/>
        <line num="72" count="7" type="stmt"/>
        <line num="73" count="7" type="stmt"/>
        <line num="74" count="7" type="stmt"/>
        <line num="75" count="7" type="cond" truecount="2" falsecount="0"/>
        <line num="76" count="6" type="cond" truecount="2" falsecount="0"/>
        <line num="77" count="1" type="stmt"/>
        <line num="78" count="1" type="stmt"/>
        <line num="79" count="1" type="stmt"/>
        <line num="83" count="6" type="cond" truecount="2" falsecount="0"/>
        <line num="84" count="5" type="stmt"/>
        <line num="85" count="5" type="cond" truecount="5" falsecount="0"/>
        <line num="86" count="1" type="stmt"/>
        <line num="87" count="1" type="stmt"/>
        <line num="88" count="1" type="stmt"/>
        <line num="92" count="5" type="cond" truecount="2" falsecount="0"/>
        <line num="93" count="1" type="stmt"/>
        <line num="94" count="1" type="cond" truecount="4" falsecount="1"/>
        <line num="95" count="1" type="stmt"/>
        <line num="96" count="1" type="stmt"/>
        <line num="97" count="1" type="stmt"/>
        <line num="101" count="4" type="cond" truecount="2" falsecount="0"/>
        <line num="102" count="7" type="cond" truecount="3" falsecount="1"/>
        <line num="103" count="7" type="cond" truecount="1" falsecount="1"/>
        <line num="104" count="7" type="cond" truecount="2" falsecount="2"/>
        <line num="106" count="7" type="cond" truecount="2" falsecount="0"/>
        <line num="107" count="7" type="cond" truecount="2" falsecount="0"/>
        <line num="108" count="7" type="cond" truecount="1" falsecount="1"/>
        <line num="110" count="7" type="stmt"/>
        <line num="117" count="3" type="stmt"/>
        <line num="119" count="1" type="stmt"/>
        <line num="120" count="1" type="cond" truecount="1" falsecount="1"/>
        <line num="121" count="1" type="stmt"/>
        <line num="123" count="7" type="stmt"/>
        <line num="127" count="44" type="stmt"/>
        <line num="128" count="8" type="cond" truecount="4" falsecount="0"/>
        <line num="129" count="4" type="stmt"/>
        <line num="130" count="4" type="stmt"/>
        <line num="132" count="4" type="stmt"/>
        <line num="136" count="44" type="stmt"/>
        <line num="154" count="5" type="stmt"/>
        <line num="157" count="308" type="stmt"/>
        <line num="201" count="1" type="stmt"/>
        <line num="234" count="2" type="stmt"/>
        <line num="235" count="2" type="cond" truecount="3" falsecount="1"/>
        <line num="236" count="2" type="stmt"/>
        <line num="253" count="1" type="stmt"/>
        <line num="270" count="0" type="stmt"/>
        <line num="271" count="0" type="cond" truecount="0" falsecount="2"/>
        <line num="272" count="0" type="cond" truecount="0" falsecount="2"/>
        <line num="273" count="0" type="stmt"/>
        <line num="279" count="0" type="stmt"/>
        <line num="289" count="0" type="stmt"/>
        <line num="300" count="0" type="stmt"/>
        <line num="336" count="49" type="stmt"/>
      </file>
      <file name="YearSeparatorNode.tsx" path="C:\Users\luisd\Desktop\Proyectos\Mi-Carrerita\client\src\features\academic\components\YearSeparatorNode.tsx">
        <metrics statements="3" coveredstatements="2" conditionals="2" coveredconditionals="0" methods="2" coveredmethods="1"/>
        <line num="11" count="2" type="stmt"/>
        <line num="12" count="3" type="stmt"/>
        <line num="20" count="0" type="cond" truecount="0" falsecount="2"/>
      </file>
      <file name="useCareerGraph.ts" path="C:\Users\luisd\Desktop\Proyectos\Mi-Carrerita\client\src\features\academic\components\useCareerGraph.ts">
        <metrics statements="158" coveredstatements="116" conditionals="91" coveredconditionals="41" methods="36" coveredmethods="27"/>
        <line num="25" count="2" type="cond" truecount="2" falsecount="0"/>
        <line num="27" count="2" type="stmt"/>
        <line num="28" count="28" type="stmt"/>
        <line num="29" count="28" type="stmt"/>
        <line num="30" count="92" type="stmt"/>
        <line num="31" count="92" type="stmt"/>
        <line num="32" count="92" type="stmt"/>
        <line num="33" count="92" type="stmt"/>
        <line num="34" count="83" type="stmt"/>
        <line num="35" count="28" type="stmt"/>
        <line num="36" count="28" type="stmt"/>
        <line num="40" count="28" type="stmt"/>
        <line num="41" count="28" type="stmt"/>
        <line num="42" count="28" type="stmt"/>
        <line num="43" count="28" type="stmt"/>
        <line num="44" count="28" type="stmt"/>
        <line num="48" count="28" type="stmt"/>
        <line num="49" count="28" type="stmt"/>
        <line num="50" count="6" type="stmt"/>
        <line num="63" count="28" type="stmt"/>
        <line num="72" count="28" type="stmt"/>
        <line num="74" count="28" type="stmt"/>
        <line num="75" count="21" type="stmt"/>
        <line num="82" count="28" type="stmt"/>
        <line num="84" count="8" type="stmt"/>
        <line num="85" count="8" type="stmt"/>
        <line num="86" count="3" type="stmt"/>
        <line num="89" count="8" type="cond" truecount="2" falsecount="0"/>
        <line num="90" count="3" type="stmt"/>
        <line num="91" count="8" type="cond" truecount="2" falsecount="0"/>
        <line num="92" count="3" type="stmt"/>
        <line num="95" count="8" type="stmt"/>
        <line num="104" count="8" type="stmt"/>
        <line num="119" count="8" type="stmt"/>
        <line num="120" count="8" type="stmt"/>
        <line num="132" count="28" type="stmt"/>
        <line num="134" count="8" type="stmt"/>
        <line num="135" count="8" type="cond" truecount="2" falsecount="0"/>
        <line num="136" count="6" type="stmt"/>
        <line num="138" count="8" type="stmt"/>
        <line num="140" count="8" type="stmt"/>
        <line num="143" count="8" type="cond" truecount="4" falsecount="0"/>
        <line num="144" count="2" type="stmt"/>
        <line num="145" count="2" type="cond" truecount="2" falsecount="0"/>
        <line num="146" count="1" type="stmt"/>
        <line num="147" count="1" type="stmt"/>
        <line num="151" count="7" type="stmt"/>
        <line num="153" count="6" type="cond" truecount="3" falsecount="1"/>
        <line num="154" count="0" type="stmt"/>
        <line num="157" count="6" type="stmt"/>
        <line num="159" count="6" type="cond" truecount="2" falsecount="0"/>
        <line num="161" count="1" type="stmt"/>
        <line num="164" count="5" type="stmt"/>
        <line num="166" count="6" type="stmt"/>
        <line num="168" count="1" type="stmt"/>
        <line num="170" count="1" type="cond" truecount="1" falsecount="1"/>
        <line num="173" count="1" type="stmt"/>
        <line num="175" count="8" type="cond" truecount="2" falsecount="0"/>
        <line num="176" count="6" type="stmt"/>
        <line num="188" count="28" type="stmt"/>
        <line num="190" count="28" type="stmt"/>
        <line num="191" count="15" type="cond" truecount="1" falsecount="1"/>
        <line num="192" count="15" type="stmt"/>
        <line num="194" count="0" type="stmt"/>
        <line num="196" count="0" type="cond" truecount="0" falsecount="2"/>
        <line num="198" count="0" type="stmt"/>
        <line num="199" count="0" type="stmt"/>
        <line num="202" count="28" type="stmt"/>
        <line num="203" count="15" type="stmt"/>
        <line num="212" count="28" type="stmt"/>
        <line num="213" count="14" type="stmt"/>
        <line num="214" count="14" type="stmt"/>
        <line num="215" count="14" type="stmt"/>
        <line num="217" count="0" type="cond" truecount="0" falsecount="2"/>
        <line num="218" count="0" type="stmt"/>
        <line num="219" count="0" type="cond" truecount="0" falsecount="2"/>
        <line num="220" count="0" type="stmt"/>
        <line num="222" count="14" type="stmt"/>
        <line num="231" count="28" type="stmt"/>
        <line num="232" count="16" type="cond" truecount="1" falsecount="1"/>
        <line num="235" count="0" type="stmt"/>
        <line num="236" count="0" type="cond" truecount="0" falsecount="2"/>
        <line num="237" count="16" type="stmt"/>
        <line num="238" count="0" type="stmt"/>
        <line num="239" count="0" type="cond" truecount="0" falsecount="2"/>
        <line num="240" count="0" type="stmt"/>
        <line num="241" count="0" type="cond" truecount="0" falsecount="2"/>
        <line num="246" count="0" type="stmt"/>
        <line num="247" count="0" type="stmt"/>
        <line num="250" count="0" type="cond" truecount="0" falsecount="2"/>
        <line num="252" count="16" type="stmt"/>
        <line num="253" count="0" type="cond" truecount="0" falsecount="2"/>
        <line num="254" count="0" type="stmt"/>
        <line num="256" count="0" type="cond" truecount="0" falsecount="4"/>
        <line num="258" count="0" type="stmt"/>
        <line num="259" count="0" type="cond" truecount="0" falsecount="4"/>
        <line num="261" count="0" type="stmt"/>
        <line num="265" count="16" type="stmt"/>
        <line num="269" count="28" type="stmt"/>
        <line num="270" count="0" type="stmt"/>
        <line num="274" count="28" type="stmt"/>
        <line num="275" count="16" type="stmt"/>
        <line num="276" count="16" type="stmt"/>
        <line num="277" count="16" type="stmt"/>
        <line num="278" count="11" type="stmt"/>
        <line num="279" count="11" type="cond" truecount="1" falsecount="1"/>
        <line num="281" count="11" type="stmt"/>
        <line num="282" count="11" type="stmt"/>
        <line num="283" count="11" type="stmt"/>
        <line num="284" count="11" type="stmt"/>
        <line num="285" count="11" type="stmt"/>
        <line num="286" count="11" type="stmt"/>
        <line num="287" count="11" type="stmt"/>
        <line num="289" count="11" type="cond" truecount="2" falsecount="0"/>
        <line num="298" count="1" type="stmt"/>
        <line num="301" count="10" type="stmt"/>
        <line num="302" count="10" type="stmt"/>
        <line num="316" count="16" type="cond" truecount="2" falsecount="0"/>
        <line num="321" count="28" type="stmt"/>
        <line num="322" count="15" type="stmt"/>
        <line num="323" count="15" type="stmt"/>
        <line num="324" count="15" type="stmt"/>
        <line num="325" count="0" type="stmt"/>
        <line num="326" count="0" type="stmt"/>
        <line num="327" count="0" type="stmt"/>
        <line num="328" count="0" type="stmt"/>
        <line num="330" count="0" type="cond" truecount="0" falsecount="2"/>
        <line num="334" count="0" type="stmt"/>
        <line num="337" count="0" type="stmt"/>
        <line num="338" count="0" type="cond" truecount="0" falsecount="2"/>
        <line num="344" count="0" type="stmt"/>
        <line num="365" count="15" type="cond" truecount="1" falsecount="1"/>
        <line num="369" count="28" type="stmt"/>
        <line num="370" count="15" type="stmt"/>
        <line num="375" count="28" type="stmt"/>
        <line num="383" count="3" type="cond" truecount="1" falsecount="1"/>
        <line num="385" count="3" type="cond" truecount="2" falsecount="0"/>
        <line num="388" count="1" type="stmt"/>
        <line num="391" count="1" type="stmt"/>
        <line num="392" count="1" type="stmt"/>
        <line num="393" count="1" type="stmt"/>
        <line num="394" count="1" type="stmt"/>
        <line num="395" count="1" type="stmt"/>
        <line num="399" count="2" type="stmt"/>
        <line num="410" count="2" type="cond" truecount="1" falsecount="1"/>
        <line num="411" count="0" type="stmt"/>
        <line num="412" count="0" type="stmt"/>
        <line num="413" count="0" type="cond" truecount="0" falsecount="2"/>
        <line num="414" count="0" type="cond" truecount="0" falsecount="2"/>
        <line num="415" count="0" type="stmt"/>
        <line num="416" count="0" type="cond" truecount="0" falsecount="2"/>
        <line num="417" count="0" type="stmt"/>
        <line num="420" count="0" type="stmt"/>
        <line num="423" count="2" type="stmt"/>
        <line num="424" count="2" type="stmt"/>
        <line num="425" count="2" type="stmt"/>
        <line num="427" count="2" type="stmt"/>
        <line num="432" count="28" type="stmt"/>
      </file>
      <file name="useGraphSearch.ts" path="C:\Users\luisd\Desktop\Proyectos\Mi-Carrerita\client\src\features\academic\components\useGraphSearch.ts">
        <metrics statements="28" coveredstatements="27" conditionals="12" coveredconditionals="9" methods="8" coveredmethods="8"/>
        <line num="8" count="3" type="stmt"/>
        <line num="14" count="36" type="stmt"/>
        <line num="15" count="36" type="stmt"/>
        <line num="16" count="36" type="stmt"/>
        <line num="18" count="36" type="stmt"/>
        <line num="19" count="10" type="stmt"/>
        <line num="20" count="10" type="cond" truecount="2" falsecount="0"/>
        <line num="21" count="2" type="stmt"/>
        <line num="26" count="36" type="stmt"/>
        <line num="27" count="23" type="stmt"/>
        <line num="28" count="23" type="cond" truecount="2" falsecount="0"/>
        <line num="29" count="3" type="stmt"/>
        <line num="32" count="6" type="cond" truecount="2" falsecount="0"/>
        <line num="38" count="36" type="stmt"/>
        <line num="40" count="2" type="stmt"/>
        <line num="41" count="2" type="cond" truecount="1" falsecount="1"/>
        <line num="42" count="2" type="stmt"/>
        <line num="43" count="2" type="stmt"/>
        <line num="44" count="2" type="cond" truecount="1" falsecount="1"/>
        <line num="45" count="2" type="stmt"/>
        <line num="50" count="2" type="stmt"/>
        <line num="51" count="2" type="stmt"/>
        <line num="52" count="2" type="stmt"/>
        <line num="53" count="2" type="cond" truecount="1" falsecount="1"/>
        <line num="54" count="0" type="stmt"/>
        <line num="56" count="2" type="stmt"/>
        <line num="57" count="1" type="stmt"/>
        <line num="64" count="36" type="stmt"/>
      </file>
      <file name="useGraphUI.ts" path="C:\Users\luisd\Desktop\Proyectos\Mi-Carrerita\client\src\features\academic\components\useGraphUI.ts">
        <metrics statements="7" coveredstatements="7" conditionals="2" coveredconditionals="1" methods="1" coveredmethods="1"/>
        <line num="4" count="2" type="stmt"/>
        <line num="5" count="28" type="stmt"/>
        <line num="6" count="28" type="stmt"/>
        <line num="7" count="28" type="stmt"/>
        <line num="8" count="28" type="stmt"/>
        <line num="10" count="28" type="cond" truecount="1" falsecount="1"/>
        <line num="14" count="28" type="stmt"/>
      </file>
    </package>
    <package name="features.academic.lib">
      <metrics statements="56" coveredstatements="55" conditionals="12" coveredconditionals="11" methods="17" coveredmethods="15"/>
      <file name="graph-constants.ts" path="C:\Users\luisd\Desktop\Proyectos\Mi-Carrerita\client\src\features\academic\lib\graph-constants.ts">
        <metrics statements="11" coveredstatements="11" conditionals="0" coveredconditionals="0" methods="0" coveredmethods="0"/>
        <line num="1" count="3" type="stmt"/>
        <line num="16" count="3" type="stmt"/>
        <line num="21" count="3" type="stmt"/>
        <line num="29" count="3" type="stmt"/>
        <line num="36" count="3" type="stmt"/>
        <line num="43" count="3" type="stmt"/>
        <line num="44" count="3" type="stmt"/>
        <line num="45" count="3" type="stmt"/>
        <line num="46" count="3" type="stmt"/>
        <line num="47" count="3" type="stmt"/>
        <line num="48" count="3" type="stmt"/>
      </file>
      <file name="graph-layout.ts" path="C:\Users\luisd\Desktop\Proyectos\Mi-Carrerita\client\src\features\academic\lib\graph-layout.ts">
        <metrics statements="12" coveredstatements="11" conditionals="0" coveredconditionals="0" methods="5" coveredmethods="3"/>
        <line num="4" count="4" type="stmt"/>
        <line num="22" count="5" type="stmt"/>
        <line num="23" count="5" type="stmt"/>
        <line num="24" count="5" type="stmt"/>
        <line num="32" count="5" type="stmt"/>
        <line num="33" count="5" type="stmt"/>
        <line num="40" count="5" type="stmt"/>
        <line num="41" count="0" type="stmt"/>
        <line num="44" count="5" type="stmt"/>
        <line num="46" count="5" type="stmt"/>
        <line num="47" count="5" type="stmt"/>
        <line num="48" count="5" type="stmt"/>
      </file>
      <file name="year-separators.ts" path="C:\Users\luisd\Desktop\Proyectos\Mi-Carrerita\client\src\features\academic\lib\year-separators.ts">
        <metrics statements="24" coveredstatements="24" conditionals="8" coveredconditionals="7" methods="9" coveredmethods="9"/>
        <line num="7" count="3" type="stmt"/>
        <line num="8" count="3" type="stmt"/>
        <line num="9" count="3" type="stmt"/>
        <line num="10" count="3" type="stmt"/>
        <line num="16" count="27" type="stmt"/>
        <line num="17" count="27" type="cond" truecount="4" falsecount="0"/>
        <line num="18" count="18" type="stmt"/>
        <line num="21" count="9" type="stmt"/>
        <line num="22" count="13" type="stmt"/>
        <line num="24" count="13" type="stmt"/>
        <line num="25" count="13" type="stmt"/>
        <line num="26" count="9" type="stmt"/>
        <line num="30" count="9" type="stmt"/>
        <line num="32" count="9" type="stmt"/>
        <line num="33" count="9" type="stmt"/>
        <line num="35" count="9" type="stmt"/>
        <line num="36" count="12" type="cond" truecount="1" falsecount="1"/>
        <line num="37" count="12" type="stmt"/>
        <line num="38" count="13" type="stmt"/>
        <line num="41" count="12" type="cond" truecount="2" falsecount="0"/>
        <line num="42" count="1" type="stmt"/>
        <line num="45" count="12" type="stmt"/>
        <line num="46" count="11" type="stmt"/>
        <line num="48" count="11" type="stmt"/>
      </file>
      <file name="year-utils.ts" path="C:\Users\luisd\Desktop\Proyectos\Mi-Carrerita\client\src\features\academic\lib\year-utils.ts">
        <metrics statements="9" coveredstatements="9" conditionals="4" coveredconditionals="4" methods="3" coveredmethods="3"/>
        <line num="6" count="13" type="stmt"/>
        <line num="8" count="13" type="stmt"/>
        <line num="9" count="21" type="stmt"/>
        <line num="10" count="21" type="cond" truecount="2" falsecount="0"/>
        <line num="11" count="18" type="stmt"/>
        <line num="13" count="21" type="stmt"/>
        <line num="16" count="13" type="stmt"/>
        <line num="20" count="15" type="cond" truecount="2" falsecount="0"/>
        <line num="21" count="13" type="stmt"/>
      </file>
    </package>
    <package name="features.academic.store">
      <metrics statements="43" coveredstatements="34" conditionals="27" coveredconditionals="21" methods="14" coveredmethods="12"/>
      <file name="academic-store.ts" path="C:\Users\luisd\Desktop\Proyectos\Mi-Carrerita\client\src\features\academic\store\academic-store.ts">
        <metrics statements="43" coveredstatements="34" conditionals="27" coveredconditionals="21" methods="14" coveredmethods="12"/>
        <line num="5" count="5" type="stmt"/>
        <line num="11" count="9" type="stmt"/>
        <line num="14" count="0" type="stmt"/>
        <line num="31" count="13" type="stmt"/>
        <line num="32" count="13" type="stmt"/>
        <line num="33" count="18" type="cond" truecount="2" falsecount="0"/>
        <line num="40" count="6" type="stmt"/>
        <line num="44" count="13" type="stmt"/>
        <line num="46" count="18" type="cond" truecount="2" falsecount="0"/>
        <line num="50" count="6" type="stmt"/>
        <line num="53" count="12" type="cond" truecount="1" falsecount="1"/>
        <line num="54" count="18" type="cond" truecount="2" falsecount="0"/>
        <line num="55" count="7" type="stmt"/>
        <line num="58" count="5" type="stmt"/>
        <line num="59" count="5" type="stmt"/>
        <line num="70" count="9" type="stmt"/>
        <line num="71" count="9" type="cond" truecount="1" falsecount="1"/>
        <line num="72" count="0" type="stmt"/>
        <line num="73" count="0" type="stmt"/>
        <line num="75" count="9" type="stmt"/>
        <line num="82" count="7" type="stmt"/>
        <line num="83" count="7" type="stmt"/>
        <line num="122" count="5" type="stmt"/>
        <line num="126" count="5" type="stmt"/>
        <line num="127" count="5" type="stmt"/>
        <line num="128" count="5" type="cond" truecount="1" falsecount="1"/>
        <line num="129" count="5" type="stmt"/>
        <line num="136" count="6" type="stmt"/>
        <line num="140" count="4" type="stmt"/>
        <line num="141" count="4" type="stmt"/>
        <line num="142" count="5" type="cond" truecount="2" falsecount="0"/>
        <line num="144" count="4" type="stmt"/>
        <line num="145" count="4" type="stmt"/>
        <line num="146" count="4" type="cond" truecount="1" falsecount="1"/>
        <line num="147" count="4" type="stmt"/>
        <line num="152" count="7" type="stmt"/>
        <line num="153" count="7" type="stmt"/>
        <line num="157" count="0" type="stmt"/>
        <line num="158" count="0" type="stmt"/>
        <line num="159" count="0" type="cond" truecount="0" falsecount="2"/>
        <line num="160" count="0" type="stmt"/>
        <line num="161" count="0" type="stmt"/>
        <line num="164" count="0" type="stmt"/>
      </file>
    </package>
    <package name="features.auth.lib">
      <metrics statements="78" coveredstatements="70" conditionals="47" coveredconditionals="37" methods="16" coveredmethods="15"/>
      <file name="api.ts" path="C:\Users\luisd\Desktop\Proyectos\Mi-Carrerita\client\src\features\auth\lib\api.ts">
        <metrics statements="63" coveredstatements="59" conditionals="43" coveredconditionals="36" methods="10" coveredmethods="10"/>
        <line num="4" count="1" type="cond" truecount="2" falsecount="0"/>
        <line num="5" count="1" type="stmt"/>
        <line num="6" count="1" type="stmt"/>
        <line num="9" count="8" type="cond" truecount="4" falsecount="0"/>
        <line num="10" count="2" type="stmt"/>
        <line num="13" count="6" type="cond" truecount="2" falsecount="0"/>
        <line num="14" count="1" type="stmt"/>
        <line num="15" count="2" type="cond" truecount="1" falsecount="1"/>
        <line num="17" count="1" type="cond" truecount="1" falsecount="1"/>
        <line num="18" count="1" type="stmt"/>
        <line num="22" count="5" type="cond" truecount="5" falsecount="0"/>
        <line num="23" count="3" type="stmt"/>
        <line num="26" count="2" type="stmt"/>
        <line num="30" count="2" type="stmt"/>
        <line num="31" count="2" type="stmt"/>
        <line num="32" count="2" type="stmt"/>
        <line num="41" count="2" type="cond" truecount="2" falsecount="0"/>
        <line num="42" count="1" type="stmt"/>
        <line num="43" count="1" type="stmt"/>
        <line num="46" count="1" type="stmt"/>
        <line num="47" count="1" type="cond" truecount="1" falsecount="1"/>
        <line num="49" count="1" type="stmt"/>
        <line num="50" count="1" type="cond" truecount="1" falsecount="1"/>
        <line num="51" count="0" type="stmt"/>
        <line num="53" count="1" type="stmt"/>
        <line num="55" count="0" type="stmt"/>
        <line num="60" count="2" type="cond" truecount="1" falsecount="1"/>
        <line num="61" count="2" type="stmt"/>
        <line num="62" count="2" type="stmt"/>
        <line num="66" count="2" type="stmt"/>
        <line num="73" count="5" type="stmt"/>
        <line num="74" count="5" type="cond" truecount="2" falsecount="0"/>
        <line num="76" count="5" type="cond" truecount="2" falsecount="0"/>
        <line num="77" count="3" type="stmt"/>
        <line num="80" count="5" type="stmt"/>
        <line num="86" count="5" type="cond" truecount="2" falsecount="0"/>
        <line num="87" count="3" type="stmt"/>
        <line num="90" count="2" type="stmt"/>
        <line num="91" count="2" type="cond" truecount="2" falsecount="0"/>
        <line num="92" count="1" type="stmt"/>
        <line num="93" count="1" type="stmt"/>
        <line num="94" count="1" type="stmt"/>
        <line num="97" count="1" type="cond" truecount="2" falsecount="0"/>
        <line num="98" count="5" type="stmt"/>
        <line num="100" count="5" type="stmt"/>
        <line num="114" count="4" type="stmt"/>
        <line num="123" count="4" type="cond" truecount="2" falsecount="0"/>
        <line num="124" count="3" type="stmt"/>
        <line num="125" count="3" type="stmt"/>
        <line num="133" count="1" type="stmt"/>
        <line num="134" count="1" type="stmt"/>
        <line num="135" count="1" type="cond" truecount="1" falsecount="1"/>
        <line num="136" count="0" type="stmt"/>
        <line num="138" count="1" type="stmt"/>
        <line num="148" count="3" type="stmt"/>
        <line num="157" count="3" type="cond" truecount="2" falsecount="0"/>
        <line num="158" count="2" type="stmt"/>
        <line num="159" count="2" type="stmt"/>
        <line num="167" count="1" type="stmt"/>
        <line num="168" count="1" type="stmt"/>
        <line num="169" count="1" type="cond" truecount="1" falsecount="1"/>
        <line num="170" count="0" type="stmt"/>
        <line num="172" count="1" type="stmt"/>
      </file>
      <file name="auth.ts" path="C:\Users\luisd\Desktop\Proyectos\Mi-Carrerita\client\src\features\auth\lib\auth.ts">
        <metrics statements="15" coveredstatements="11" conditionals="4" coveredconditionals="1" methods="6" coveredmethods="5"/>
        <line num="1" count="5" type="stmt"/>
        <line num="2" count="5" type="stmt"/>
        <line num="3" count="5" type="stmt"/>
        <line num="6" count="12" type="stmt"/>
        <line num="10" count="14" type="stmt"/>
        <line num="14" count="22" type="stmt"/>
        <line num="18" count="0" type="stmt"/>
        <line num="19" count="0" type="cond" truecount="0" falsecount="2"/>
        <line num="20" count="0" type="stmt"/>
        <line num="22" count="0" type="stmt"/>
        <line num="27" count="2" type="cond" truecount="1" falsecount="1"/>
        <line num="28" count="2" type="stmt"/>
        <line num="30" count="2" type="stmt"/>
        <line num="34" count="4" type="stmt"/>
        <line num="35" count="4" type="stmt"/>
      </file>
    </package>
    <package name="features.auth.store">
      <metrics statements="32" coveredstatements="31" conditionals="6" coveredconditionals="4" methods="5" coveredmethods="5"/>
      <file name="auth-store.ts" path="C:\Users\luisd\Desktop\Proyectos\Mi-Carrerita\client\src\features\auth\store\auth-store.ts">
        <metrics statements="32" coveredstatements="31" conditionals="6" coveredconditionals="4" methods="5" coveredmethods="5"/>
        <line num="19" count="4" type="stmt"/>
        <line num="20" count="4" type="stmt"/>
        <line num="22" count="4" type="stmt"/>
        <line num="26" count="3" type="stmt"/>
        <line num="27" count="3" type="stmt"/>
        <line num="29" count="3" type="stmt"/>
        <line num="30" count="3" type="stmt"/>
        <line num="33" count="2" type="stmt"/>
        <line num="34" count="2" type="stmt"/>
        <line num="35" count="2" type="stmt"/>
        <line num="36" count="2" type="stmt"/>
        <line num="38" count="2" type="stmt"/>
        <line num="39" count="2" type="stmt"/>
        <line num="40" count="2" type="stmt"/>
        <line num="43" count="1" type="stmt"/>
        <line num="44" count="1" type="stmt"/>
        <line num="45" count="1" type="stmt"/>
        <line num="46" count="1" type="stmt"/>
        <line num="48" count="1" type="stmt"/>
        <line num="49" count="1" type="stmt"/>
        <line num="52" count="2" type="stmt"/>
        <line num="53" count="2" type="stmt"/>
        <line num="54" count="2" type="cond" truecount="1" falsecount="1"/>
        <line num="55" count="2" type="stmt"/>
        <line num="56" count="2" type="stmt"/>
        <line num="57" count="2" type="stmt"/>
        <line num="58" count="2" type="stmt"/>
        <line num="60" count="1" type="stmt"/>
        <line num="63" count="1" type="cond" truecount="2" falsecount="0"/>
        <line num="64" count="2" type="stmt"/>
        <line num="67" count="2" type="cond" truecount="1" falsecount="1"/>
        <line num="68" count="0" type="stmt"/>
      </file>
    </package>
    <package name="shared.lib">
      <metrics statements="191" coveredstatements="190" conditionals="131" coveredconditionals="108" methods="59" coveredmethods="58"/>
      <file name="graph.ts" path="C:\Users\luisd\Desktop\Proyectos\Mi-Carrerita\client\src\shared\lib\graph.ts">
        <metrics statements="153" coveredstatements="152" conditionals="98" coveredconditionals="80" methods="43" coveredmethods="42"/>
        <line num="4" count="4" type="stmt"/>
        <line num="6" count="4" type="stmt"/>
        <line num="13" count="4" type="stmt"/>
        <line num="16" count="33" type="stmt"/>
        <line num="23" count="34" type="stmt"/>
        <line num="24" count="11" type="stmt"/>
        <line num="25" count="11" type="stmt"/>
        <line num="27" count="11" type="stmt"/>
        <line num="28" count="34" type="stmt"/>
        <line num="29" count="34" type="stmt"/>
        <line num="32" count="11" type="stmt"/>
        <line num="33" count="21" type="cond" truecount="3" falsecount="1"/>
        <line num="34" count="21" type="stmt"/>
        <line num="35" count="21" type="cond" truecount="1" falsecount="1"/>
        <line num="38" count="11" type="stmt"/>
        <line num="39" count="11" type="stmt"/>
        <line num="40" count="34" type="cond" truecount="2" falsecount="0"/>
        <line num="43" count="11" type="stmt"/>
        <line num="44" count="11" type="stmt"/>
        <line num="45" count="34" type="stmt"/>
        <line num="46" count="34" type="cond" truecount="1" falsecount="1"/>
        <line num="47" count="34" type="stmt"/>
        <line num="48" count="34" type="stmt"/>
        <line num="49" count="21" type="cond" truecount="1" falsecount="1"/>
        <line num="50" count="21" type="cond" truecount="3" falsecount="1"/>
        <line num="54" count="11" type="stmt"/>
        <line num="55" count="34" type="stmt"/>
        <line num="57" count="11" type="stmt"/>
        <line num="58" count="34" type="stmt"/>
        <line num="59" count="34" type="cond" truecount="1" falsecount="1"/>
        <line num="60" count="34" type="cond" truecount="2" falsecount="0"/>
        <line num="61" count="20" type="stmt"/>
        <line num="62" count="20" type="stmt"/>
        <line num="64" count="14" type="stmt"/>
        <line num="65" count="21" type="cond" truecount="1" falsecount="1"/>
        <line num="67" count="14" type="stmt"/>
        <line num="70" count="34" type="stmt"/>
        <line num="77" count="11" type="stmt"/>
        <line num="78" count="11" type="cond" truecount="2" falsecount="0"/>
        <line num="80" count="11" type="stmt"/>
        <line num="81" count="11" type="stmt"/>
        <line num="83" count="11" type="cond" truecount="4" falsecount="0"/>
        <line num="85" count="7" type="stmt"/>
        <line num="86" count="28" type="stmt"/>
        <line num="87" count="7" type="stmt"/>
        <line num="89" count="7" type="stmt"/>
        <line num="90" count="7" type="cond" truecount="0" falsecount="4"/>
        <line num="92" count="7" type="cond" truecount="1" falsecount="1"/>
        <line num="93" count="7" type="stmt"/>
        <line num="94" count="7" type="stmt"/>
        <line num="96" count="7" type="stmt"/>
        <line num="97" count="7" type="stmt"/>
        <line num="98" count="43" type="stmt"/>
        <line num="99" count="12" type="stmt"/>
        <line num="100" count="19" type="stmt"/>
        <line num="102" count="3" type="cond" truecount="2" falsecount="0"/>
        <line num="103" count="3" type="cond" truecount="2" falsecount="0"/>
        <line num="104" count="3" type="stmt"/>
        <line num="107" count="12" type="cond" truecount="1" falsecount="1"/>
        <line num="108" count="12" type="stmt"/>
        <line num="109" count="12" type="stmt"/>
        <line num="110" count="12" type="stmt"/>
        <line num="111" count="12" type="stmt"/>
        <line num="112" count="12" type="stmt"/>
        <line num="114" count="0" type="stmt"/>
        <line num="119" count="7" type="stmt"/>
        <line num="123" count="25" type="stmt"/>
        <line num="124" count="25" type="stmt"/>
        <line num="125" count="68" type="stmt"/>
        <line num="128" count="25" type="stmt"/>
        <line num="129" count="68" type="stmt"/>
        <line num="130" count="43" type="stmt"/>
        <line num="131" count="43" type="cond" truecount="1" falsecount="1"/>
        <line num="132" count="43" type="stmt"/>
        <line num="137" count="25" type="stmt"/>
        <line num="141" count="15" type="stmt"/>
        <line num="142" count="15" type="stmt"/>
        <line num="143" count="41" type="cond" truecount="2" falsecount="0"/>
        <line num="145" count="15" type="stmt"/>
        <line num="155" count="2" type="stmt"/>
        <line num="156" count="2" type="stmt"/>
        <line num="164" count="3" type="stmt"/>
        <line num="165" count="3" type="stmt"/>
        <line num="167" count="9" type="cond" truecount="2" falsecount="0"/>
        <line num="169" count="4" type="stmt"/>
        <line num="170" count="4" type="cond" truecount="2" falsecount="0"/>
        <line num="174" count="3" type="cond" truecount="2" falsecount="0"/>
        <line num="176" count="2" type="stmt"/>
        <line num="177" count="2" type="stmt"/>
        <line num="182" count="2" type="stmt"/>
        <line num="183" count="4" type="cond" truecount="1" falsecount="1"/>
        <line num="184" count="4" type="cond" truecount="2" falsecount="0"/>
        <line num="185" count="4" type="stmt"/>
        <line num="191" count="2" type="cond" truecount="1" falsecount="1"/>
        <line num="193" count="3" type="stmt"/>
        <line num="206" count="4" type="stmt"/>
        <line num="215" count="29" type="stmt"/>
        <line num="217" count="8" type="cond" truecount="2" falsecount="0"/>
        <line num="219" count="4" type="stmt"/>
        <line num="220" count="4" type="stmt"/>
        <line num="223" count="4" type="stmt"/>
        <line num="224" count="16" type="cond" truecount="2" falsecount="0"/>
        <line num="225" count="5" type="stmt"/>
        <line num="229" count="4" type="stmt"/>
        <line num="242" count="8" type="stmt"/>
        <line num="243" count="8" type="stmt"/>
        <line num="246" count="8" type="stmt"/>
        <line num="247" count="24" type="cond" truecount="4" falsecount="0"/>
        <line num="252" count="7" type="stmt"/>
        <line num="253" count="7" type="stmt"/>
        <line num="261" count="8" type="cond" truecount="2" falsecount="0"/>
        <line num="263" count="7" type="stmt"/>
        <line num="264" count="7" type="stmt"/>
        <line num="268" count="7" type="stmt"/>
        <line num="269" count="7" type="stmt"/>
        <line num="270" count="7" type="cond" truecount="2" falsecount="0"/>
        <line num="272" count="8" type="stmt"/>
        <line num="273" count="13" type="stmt"/>
        <line num="274" count="13" type="stmt"/>
        <line num="277" count="13" type="cond" truecount="2" falsecount="0"/>
        <line num="278" count="1" type="stmt"/>
        <line num="279" count="1" type="stmt"/>
        <line num="283" count="13" type="cond" truecount="2" falsecount="0"/>
        <line num="284" count="1" type="stmt"/>
        <line num="285" count="1" type="stmt"/>
        <line num="289" count="13" type="cond" truecount="2" falsecount="0"/>
        <line num="290" count="3" type="stmt"/>
        <line num="291" count="3" type="stmt"/>
        <line num="295" count="13" type="cond" truecount="2" falsecount="0"/>
        <line num="296" count="13" type="cond" truecount="2" falsecount="0"/>
        <line num="297" count="2" type="stmt"/>
        <line num="300" count="2" type="stmt"/>
        <line num="304" count="13" type="cond" truecount="1" falsecount="1"/>
        <line num="305" count="13" type="stmt"/>
        <line num="308" count="13" type="cond" truecount="2" falsecount="0"/>
        <line num="309" count="1" type="stmt"/>
        <line num="310" count="1" type="stmt"/>
        <line num="313" count="13" type="stmt"/>
        <line num="322" count="11" type="stmt"/>
        <line num="324" count="8" type="cond" truecount="2" falsecount="0"/>
        <line num="326" count="4" type="stmt"/>
        <line num="327" count="7" type="cond" truecount="2" falsecount="0"/>
        <line num="328" count="1" type="stmt"/>
        <line num="329" count="1" type="stmt"/>
        <line num="334" count="4" type="cond" truecount="2" falsecount="0"/>
        <line num="335" count="1" type="stmt"/>
        <line num="336" count="2" type="cond" truecount="2" falsecount="0"/>
        <line num="337" count="1" type="stmt"/>
        <line num="338" count="1" type="stmt"/>
        <line num="345" count="7" type="stmt"/>
        <line num="346" count="6" type="cond" truecount="2" falsecount="0"/>
        <line num="347" count="1" type="stmt"/>
        <line num="350" count="7" type="stmt"/>
      </file>
      <file name="utils.ts" path="C:\Users\luisd\Desktop\Proyectos\Mi-Carrerita\client\src\shared\lib\utils.ts">
        <metrics statements="38" coveredstatements="38" conditionals="33" coveredconditionals="28" methods="16" coveredmethods="16"/>
        <line num="8" count="1358" type="stmt"/>
        <line num="15" count="2" type="cond" truecount="2" falsecount="0"/>
        <line num="16" count="1" type="stmt"/>
        <line num="23" count="3" type="stmt"/>
        <line num="30" count="3" type="cond" truecount="2" falsecount="0"/>
        <line num="37" count="1" type="stmt"/>
        <line num="46" count="1" type="stmt"/>
        <line num="56" count="4" type="cond" truecount="2" falsecount="0"/>
        <line num="57" count="3" type="stmt"/>
        <line num="66" count="1" type="stmt"/>
        <line num="67" count="3" type="stmt"/>
        <line num="68" count="3" type="cond" truecount="2" falsecount="0"/>
        <line num="69" count="2" type="stmt"/>
        <line num="71" count="3" type="stmt"/>
        <line num="72" count="3" type="stmt"/>
        <line num="80" count="6" type="cond" truecount="2" falsecount="0"/>
        <line num="81" count="5" type="cond" truecount="2" falsecount="0"/>
        <line num="82" count="3" type="cond" truecount="2" falsecount="0"/>
        <line num="83" count="1" type="stmt"/>
        <line num="90" count="4" type="cond" truecount="2" falsecount="0"/>
        <line num="91" count="1" type="stmt"/>
        <line num="99" count="2" type="cond" truecount="1" falsecount="1"/>
        <line num="100" count="2" type="stmt"/>
        <line num="101" count="2" type="cond" truecount="1" falsecount="1"/>
        <line num="102" count="2" type="stmt"/>
        <line num="103" count="2" type="cond" truecount="5" falsecount="1"/>
        <line num="104" count="2" type="stmt"/>
        <line num="112" count="5" type="cond" truecount="1" falsecount="1"/>
        <line num="113" count="5" type="stmt"/>
        <line num="114" count="5" type="cond" truecount="1" falsecount="1"/>
        <line num="115" count="5" type="stmt"/>
        <line num="116" count="5" type="stmt"/>
        <line num="122" count="5" type="stmt"/>
        <line num="123" count="1" type="stmt"/>
        <line num="132" count="1" type="stmt"/>
        <line num="134" count="1" type="stmt"/>
        <line num="135" count="3" type="cond" truecount="2" falsecount="0"/>
        <line num="136" count="3" type="stmt"/>
      </file>
    </package>
    <package name="shared.types">
      <metrics statements="2" coveredstatements="2" conditionals="0" coveredconditionals="0" methods="0" coveredmethods="0"/>
      <file name="academic.ts" path="C:\Users\luisd\Desktop\Proyectos\Mi-Carrerita\client\src\shared\types\academic.ts">
        <metrics statements="2" coveredstatements="2" conditionals="0" coveredconditionals="0" methods="0" coveredmethods="0"/>
        <line num="1" count="10" type="stmt"/>
        <line num="13" count="10" type="stmt"/>
      </file>
    </package>
    <package name="shared.ui">
      <metrics statements="82" coveredstatements="80" conditionals="40" coveredconditionals="35" methods="19" coveredmethods="19"/>
      <file name="RetroButton.tsx" path="C:\Users\luisd\Desktop\Proyectos\Mi-Carrerita\client\src\shared\ui\RetroButton.tsx">
        <metrics statements="4" coveredstatements="4" conditionals="5" coveredconditionals="5" methods="1" coveredmethods="1"/>
        <line num="11" count="2" type="stmt"/>
        <line num="18" count="2" type="stmt"/>
        <line num="24" count="2" type="stmt"/>
        <line num="33" count="41" type="stmt"/>
      </file>
      <file name="RetroCalendar.tsx" path="C:\Users\luisd\Desktop\Proyectos\Mi-Carrerita\client\src\shared\ui\RetroCalendar.tsx">
        <metrics statements="68" coveredstatements="66" conditionals="26" coveredconditionals="21" methods="14" coveredmethods="14"/>
        <line num="16" count="3" type="stmt"/>
        <line num="17" count="31" type="stmt"/>
        <line num="18" count="31" type="stmt"/>
        <line num="19" count="31" type="stmt"/>
        <line num="20" count="31" type="stmt"/>
        <line num="21" count="31" type="stmt"/>
        <line num="25" count="31" type="stmt"/>
        <line num="26" count="13" type="stmt"/>
        <line num="27" count="13" type="cond" truecount="1" falsecount="1"/>
        <line num="29" count="13" type="stmt"/>
        <line num="30" count="13" type="cond" truecount="1" falsecount="1"/>
        <line num="32" count="13" type="stmt"/>
        <line num="33" count="13" type="stmt"/>
        <line num="34" count="13" type="stmt"/>
        <line num="35" count="13" type="stmt"/>
        <line num="37" count="13" type="stmt"/>
        <line num="38" count="13" type="stmt"/>
        <line num="42" count="13" type="cond" truecount="2" falsecount="2"/>
        <line num="43" count="13" type="stmt"/>
        <line num="45" count="0" type="stmt"/>
        <line num="49" count="13" type="stmt"/>
        <line num="52" count="13" type="stmt"/>
        <line num="53" count="13" type="cond" truecount="1" falsecount="1"/>
        <line num="54" count="0" type="stmt"/>
        <line num="56" count="13" type="stmt"/>
        <line num="58" count="13" type="stmt"/>
        <line num="62" count="31" type="stmt"/>
        <line num="63" count="13" type="cond" truecount="4" falsecount="0"/>
        <line num="64" count="7" type="stmt"/>
        <line num="65" count="7" type="stmt"/>
        <line num="66" count="7" type="stmt"/>
        <line num="71" count="31" type="stmt"/>
        <line num="72" count="31" type="stmt"/>
        <line num="73" count="31" type="stmt"/>
        <line num="74" count="31" type="stmt"/>
        <line num="75" count="31" type="stmt"/>
        <line num="79" count="31" type="cond" truecount="2" falsecount="0"/>
        <line num="80" count="31" type="stmt"/>
        <line num="81" count="31" type="stmt"/>
        <line num="82" count="1302" type="cond" truecount="2" falsecount="0"/>
        <line num="83" count="1140" type="stmt"/>
        <line num="84" count="1140" type="cond" truecount="2" falsecount="0"/>
        <line num="87" count="31" type="stmt"/>
        <line num="88" count="1" type="stmt"/>
        <line num="89" count="1" type="stmt"/>
        <line num="92" count="31" type="stmt"/>
        <line num="93" count="1" type="stmt"/>
        <line num="94" count="1" type="stmt"/>
        <line num="97" count="31" type="stmt"/>
        <line num="98" count="1" type="stmt"/>
        <line num="99" count="1" type="stmt"/>
        <line num="100" count="1" type="stmt"/>
        <line num="103" count="31" type="stmt"/>
        <line num="104" count="2" type="stmt"/>
        <line num="106" count="2" type="stmt"/>
        <line num="107" count="2" type="stmt"/>
        <line num="108" count="2" type="stmt"/>
        <line num="111" count="31" type="stmt"/>
        <line num="112" count="1" type="stmt"/>
        <line num="113" count="1" type="stmt"/>
        <line num="114" count="1" type="stmt"/>
        <line num="118" count="31" type="stmt"/>
        <line num="120" count="31" type="stmt"/>
        <line num="157" count="2170" type="stmt"/>
        <line num="158" count="2170" type="stmt"/>
        <line num="168" count="217" type="stmt"/>
        <line num="180" count="1302" type="stmt"/>
        <line num="182" count="1" type="cond" truecount="2" falsecount="0"/>
      </file>
      <file name="RetroComponents.tsx" path="C:\Users\luisd\Desktop\Proyectos\Mi-Carrerita\client\src\shared\ui\RetroComponents.tsx">
        <metrics statements="10" coveredstatements="10" conditionals="9" coveredconditionals="9" methods="4" coveredmethods="4"/>
        <line num="11" count="3" type="stmt"/>
        <line num="17" count="6" type="stmt"/>
        <line num="23" count="6" type="stmt"/>
        <line num="42" count="3" type="cond" truecount="1" falsecount="0"/>
        <line num="43" count="3" type="stmt"/>
        <line num="81" count="3" type="stmt"/>
        <line num="86" count="6" type="stmt"/>
        <line num="124" count="3" type="stmt"/>
        <line num="129" count="7" type="stmt"/>
        <line num="137" count="7" type="stmt"/>
      </file>
      <file name="index.ts" path="C:\Users\luisd\Desktop\Proyectos\Mi-Carrerita\client\src\shared\ui\index.ts">
        <metrics statements="0" coveredstatements="0" conditionals="0" coveredconditionals="0" methods="0" coveredmethods="0"/>
      </file>
    </package>
  </project>
</coverage>
