{"C:\\Users\\luisd\\Desktop\\Proyectos\\Mi-Carrerita\\client\\src\\features\\academic\\components\\CareerGraph.tsx": {"path":"C:\\Users\\luisd\\Desktop\\Proyectos\\Mi-Carrerita\\client\\src\\features\\academic\\components\\CareerGraph.tsx","statementMap":{"0":{"start":{"line":30,"column":29},"end":{"line":33,"column":null}},"1":{"start":{"line":45,"column":27},"end":{"line":338,"column":null}},"2":{"start":{"line":74,"column":2},"end":{"line":74,"column":null}},"3":{"start":{"line":76,"column":8},"end":{"line":79,"column":null}},"4":{"start":{"line":77,"column":10},"end":{"line":77,"column":null}},"5":{"start":{"line":81,"column":36},"end":{"line":81,"column":null}},"6":{"start":{"line":83,"column":2},"end":{"line":89,"column":null}},"7":{"start":{"line":84,"column":4},"end":{"line":87,"column":null}},"8":{"start":{"line":91,"column":2},"end":{"line":97,"column":null}},"9":{"start":{"line":92,"column":4},"end":{"line":95,"column":null}},"10":{"start":{"line":99,"column":2},"end":{"line":336,"column":null}},"11":{"start":{"line":162,"column":31},"end":{"line":162,"column":null}},"12":{"start":{"line":163,"column":14},"end":{"line":166,"column":null}},"13":{"start":{"line":164,"column":16},"end":{"line":164,"column":null}},"14":{"start":{"line":165,"column":16},"end":{"line":165,"column":null}},"15":{"start":{"line":169,"column":31},"end":{"line":169,"column":null}},"16":{"start":{"line":170,"column":14},"end":{"line":170,"column":null}},"17":{"start":{"line":170,"column":27},"end":{"line":170,"column":null}},"18":{"start":{"line":172,"column":36},"end":{"line":172,"column":null}},"19":{"start":{"line":215,"column":40},"end":{"line":216,"column":null}},"20":{"start":{"line":216,"column":20},"end":{"line":216,"column":null}},"21":{"start":{"line":218,"column":42},"end":{"line":219,"column":null}},"22":{"start":{"line":219,"column":20},"end":{"line":219,"column":null}},"23":{"start":{"line":221,"column":18},"end":{"line":233,"column":null}},"24":{"start":{"line":222,"column":35},"end":{"line":222,"column":null}},"25":{"start":{"line":223,"column":37},"end":{"line":231,"column":null}},"26":{"start":{"line":232,"column":20},"end":{"line":232,"column":null}},"27":{"start":{"line":234,"column":18},"end":{"line":236,"column":null}},"28":{"start":{"line":235,"column":20},"end":{"line":235,"column":null}},"29":{"start":{"line":237,"column":18},"end":{"line":237,"column":null}},"30":{"start":{"line":255,"column":24},"end":{"line":255,"column":null}},"31":{"start":{"line":256,"column":24},"end":{"line":256,"column":null}},"32":{"start":{"line":258,"column":37},"end":{"line":258,"column":null}},"33":{"start":{"line":271,"column":24},"end":{"line":280,"column":null}},"34":{"start":{"line":274,"column":41},"end":{"line":274,"column":null}},"35":{"start":{"line":288,"column":35},"end":{"line":288,"column":null}},"36":{"start":{"line":288,"column":61},"end":{"line":288,"column":66}},"37":{"start":{"line":302,"column":35},"end":{"line":302,"column":null}},"38":{"start":{"line":302,"column":65},"end":{"line":302,"column":70}},"39":{"start":{"line":314,"column":35},"end":{"line":314,"column":null}},"40":{"start":{"line":314,"column":60},"end":{"line":314,"column":65}},"41":{"start":{"line":331,"column":27},"end":{"line":331,"column":null}}},"fnMap":{"0":{"name":"(anonymous_0)","decl":{"start":{"line":45,"column":27},"end":{"line":45,"column":28}},"loc":{"start":{"line":45,"column":70},"end":{"line":338,"column":null}},"line":45},"1":{"name":"(anonymous_1)","decl":{"start":{"line":77,"column":4},"end":{"line":77,"column":10}},"loc":{"start":{"line":77,"column":10},"end":{"line":77,"column":null}},"line":77},"2":{"name":"(anonymous_2)","decl":{"start":{"line":161,"column":31},"end":{"line":161,"column":32}},"loc":{"start":{"line":161,"column":44},"end":{"line":167,"column":null}},"line":161},"3":{"name":"(anonymous_3)","decl":{"start":{"line":168,"column":30},"end":{"line":168,"column":31}},"loc":{"start":{"line":168,"column":43},"end":{"line":171,"column":null}},"line":168},"4":{"name":"(anonymous_4)","decl":{"start":{"line":172,"column":30},"end":{"line":172,"column":36}},"loc":{"start":{"line":172,"column":36},"end":{"line":172,"column":null}},"line":172},"5":{"name":"(anonymous_5)","decl":{"start":{"line":214,"column":27},"end":{"line":214,"column":28}},"loc":{"start":{"line":214,"column":37},"end":{"line":238,"column":null}},"line":214},"6":{"name":"(anonymous_6)","decl":{"start":{"line":215,"column":40},"end":{"line":215,"column":41}},"loc":{"start":{"line":216,"column":20},"end":{"line":216,"column":null}},"line":216},"7":{"name":"(anonymous_7)","decl":{"start":{"line":218,"column":42},"end":{"line":218,"column":43}},"loc":{"start":{"line":219,"column":20},"end":{"line":219,"column":null}},"line":219},"8":{"name":"(anonymous_8)","decl":{"start":{"line":254,"column":32},"end":{"line":254,"column":33}},"loc":{"start":{"line":254,"column":43},"end":{"line":257,"column":null}},"line":254},"9":{"name":"(anonymous_9)","decl":{"start":{"line":258,"column":31},"end":{"line":258,"column":37}},"loc":{"start":{"line":258,"column":37},"end":{"line":258,"column":null}},"line":258},"10":{"name":"(anonymous_10)","decl":{"start":{"line":270,"column":41},"end":{"line":270,"column":42}},"loc":{"start":{"line":271,"column":24},"end":{"line":280,"column":null}},"line":271},"11":{"name":"(anonymous_11)","decl":{"start":{"line":274,"column":35},"end":{"line":274,"column":41}},"loc":{"start":{"line":274,"column":41},"end":{"line":274,"column":null}},"line":274},"12":{"name":"(anonymous_12)","decl":{"start":{"line":288,"column":29},"end":{"line":288,"column":35}},"loc":{"start":{"line":288,"column":35},"end":{"line":288,"column":null}},"line":288},"13":{"name":"(anonymous_13)","decl":{"start":{"line":288,"column":51},"end":{"line":288,"column":52}},"loc":{"start":{"line":288,"column":61},"end":{"line":288,"column":66}},"line":288},"14":{"name":"(anonymous_14)","decl":{"start":{"line":302,"column":29},"end":{"line":302,"column":35}},"loc":{"start":{"line":302,"column":35},"end":{"line":302,"column":null}},"line":302},"15":{"name":"(anonymous_15)","decl":{"start":{"line":302,"column":55},"end":{"line":302,"column":56}},"loc":{"start":{"line":302,"column":65},"end":{"line":302,"column":70}},"line":302},"16":{"name":"(anonymous_16)","decl":{"start":{"line":314,"column":29},"end":{"line":314,"column":35}},"loc":{"start":{"line":314,"column":35},"end":{"line":314,"column":null}},"line":314},"17":{"name":"(anonymous_17)","decl":{"start":{"line":314,"column":50},"end":{"line":314,"column":51}},"loc":{"start":{"line":314,"column":60},"end":{"line":314,"column":65}},"line":314},"18":{"name":"(anonymous_18)","decl":{"start":{"line":331,"column":21},"end":{"line":331,"column":27}},"loc":{"start":{"line":331,"column":27},"end":{"line":331,"column":null}},"line":331}},"branchMap":{"0":{"loc":{"start":{"line":83,"column":2},"end":{"line":89,"column":null}},"type":"if","locations":[{"start":{"line":83,"column":2},"end":{"line":89,"column":null}},{"start":{},"end":{}}],"line":83},"1":{"loc":{"start":{"line":91,"column":2},"end":{"line":97,"column":null}},"type":"if","locations":[{"start":{"line":91,"column":2},"end":{"line":97,"column":null}},{"start":{},"end":{}}],"line":91},"2":{"loc":{"start":{"line":163,"column":14},"end":{"line":166,"column":null}},"type":"if","locations":[{"start":{"line":163,"column":14},"end":{"line":166,"column":null}},{"start":{},"end":{}}],"line":163},"3":{"loc":{"start":{"line":170,"column":14},"end":{"line":170,"column":null}},"type":"if","locations":[{"start":{"line":170,"column":14},"end":{"line":170,"column":null}},{"start":{},"end":{}}],"line":170},"4":{"loc":{"start":{"line":191,"column":13},"end":{"line":208,"column":null}},"type":"binary-expr","locations":[{"start":{"line":191,"column":13},"end":{"line":191,"column":null}},{"start":{"line":192,"column":14},"end":{"line":208,"column":null}}],"line":191},"5":{"loc":{"start":{"line":211,"column":13},"end":{"line":240,"column":null}},"type":"binary-expr","locations":[{"start":{"line":211,"column":13},"end":{"line":211,"column":null}},{"start":{"line":212,"column":14},"end":{"line":240,"column":null}}],"line":211},"6":{"loc":{"start":{"line":216,"column":20},"end":{"line":216,"column":null}},"type":"binary-expr","locations":[{"start":{"line":216,"column":20},"end":{"line":216,"column":44}},{"start":{"line":216,"column":44},"end":{"line":216,"column":null}}],"line":216},"7":{"loc":{"start":{"line":219,"column":20},"end":{"line":219,"column":null}},"type":"binary-expr","locations":[{"start":{"line":219,"column":20},"end":{"line":219,"column":50}},{"start":{"line":219,"column":50},"end":{"line":219,"column":null}}],"line":219},"8":{"loc":{"start":{"line":221,"column":18},"end":{"line":233,"column":null}},"type":"if","locations":[{"start":{"line":221,"column":18},"end":{"line":233,"column":null}},{"start":{},"end":{}}],"line":221},"9":{"loc":{"start":{"line":232,"column":27},"end":{"line":232,"column":null}},"type":"binary-expr","locations":[{"start":{"line":232,"column":27},"end":{"line":232,"column":47}},{"start":{"line":232,"column":47},"end":{"line":232,"column":null}}],"line":232},"10":{"loc":{"start":{"line":234,"column":18},"end":{"line":236,"column":null}},"type":"if","locations":[{"start":{"line":234,"column":18},"end":{"line":236,"column":null}},{"start":{},"end":{}}],"line":234},"11":{"loc":{"start":{"line":265,"column":19},"end":{"line":282,"column":null}},"type":"binary-expr","locations":[{"start":{"line":265,"column":19},"end":{"line":265,"column":33}},{"start":{"line":265,"column":33},"end":{"line":265,"column":null}},{"start":{"line":266,"column":20},"end":{"line":282,"column":null}}],"line":265},"12":{"loc":{"start":{"line":289,"column":201},"end":{"line":291,"column":null}},"type":"cond-expr","locations":[{"start":{"line":290,"column":24},"end":{"line":290,"column":null}},{"start":{"line":291,"column":24},"end":{"line":291,"column":null}}],"line":289},"13":{"loc":{"start":{"line":293,"column":27},"end":{"line":293,"column":null}},"type":"cond-expr","locations":[{"start":{"line":293,"column":42},"end":{"line":293,"column":68}},{"start":{"line":293,"column":68},"end":{"line":293,"column":null}}],"line":293},"14":{"loc":{"start":{"line":295,"column":21},"end":{"line":295,"column":null}},"type":"cond-expr","locations":[{"start":{"line":295,"column":36},"end":{"line":295,"column":61}},{"start":{"line":295,"column":61},"end":{"line":295,"column":null}}],"line":295},"15":{"loc":{"start":{"line":296,"column":27},"end":{"line":296,"column":76}},"type":"cond-expr","locations":[{"start":{"line":296,"column":42},"end":{"line":296,"column":56}},{"start":{"line":296,"column":56},"end":{"line":296,"column":76}}],"line":296},"16":{"loc":{"start":{"line":303,"column":201},"end":{"line":305,"column":null}},"type":"cond-expr","locations":[{"start":{"line":304,"column":24},"end":{"line":304,"column":null}},{"start":{"line":305,"column":24},"end":{"line":305,"column":null}}],"line":303},"17":{"loc":{"start":{"line":307,"column":27},"end":{"line":307,"column":null}},"type":"cond-expr","locations":[{"start":{"line":307,"column":46},"end":{"line":307,"column":69}},{"start":{"line":307,"column":69},"end":{"line":307,"column":null}}],"line":307},"18":{"loc":{"start":{"line":309,"column":56},"end":{"line":309,"column":97}},"type":"cond-expr","locations":[{"start":{"line":309,"column":75},"end":{"line":309,"column":93}},{"start":{"line":309,"column":93},"end":{"line":309,"column":97}}],"line":309},"19":{"loc":{"start":{"line":310,"column":27},"end":{"line":310,"column":78}},"type":"cond-expr","locations":[{"start":{"line":310,"column":46},"end":{"line":310,"column":63}},{"start":{"line":310,"column":63},"end":{"line":310,"column":78}}],"line":310},"20":{"loc":{"start":{"line":315,"column":160},"end":{"line":317,"column":null}},"type":"cond-expr","locations":[{"start":{"line":316,"column":24},"end":{"line":316,"column":null}},{"start":{"line":317,"column":24},"end":{"line":317,"column":null}}],"line":315},"21":{"loc":{"start":{"line":319,"column":27},"end":{"line":319,"column":null}},"type":"cond-expr","locations":[{"start":{"line":319,"column":41},"end":{"line":319,"column":62}},{"start":{"line":319,"column":62},"end":{"line":319,"column":null}}],"line":319},"22":{"loc":{"start":{"line":321,"column":21},"end":{"line":321,"column":null}},"type":"cond-expr","locations":[{"start":{"line":321,"column":35},"end":{"line":321,"column":82}},{"start":{"line":321,"column":82},"end":{"line":321,"column":null}}],"line":321}},"s":{"0":1,"1":1,"2":7,"3":7,"4":6,"5":7,"6":7,"7":1,"8":6,"9":0,"10":6,"11":1,"12":1,"13":1,"14":1,"15":0,"16":0,"17":0,"18":0,"19":0,"20":0,"21":0,"22":0,"23":0,"24":0,"25":0,"26":0,"27":0,"28":0,"29":0,"30":0,"31":0,"32":0,"33":0,"34":0,"35":0,"36":0,"37":0,"38":0,"39":0,"40":0,"41":1},"f":{"0":7,"1":6,"2":1,"3":0,"4":0,"5":0,"6":0,"7":0,"8":0,"9":0,"10":0,"11":0,"12":0,"13":0,"14":0,"15":0,"16":0,"17":0,"18":1},"b":{"0":[1,6],"1":[0,6],"2":[1,0],"3":[0,0],"4":[6,0],"5":[7,0],"6":[0,0],"7":[0,0],"8":[0,0],"9":[0,0],"10":[0,0],"11":[7,0,0],"12":[0,6],"13":[0,6],"14":[0,6],"15":[0,6],"16":[0,6],"17":[0,6],"18":[0,6],"19":[0,6],"20":[0,6],"21":[0,6],"22":[0,6]},"meta":{"lastBranch":23,"lastFunction":19,"lastStatement":42,"seen":{"s:30:29:33:Infinity":0,"s:45:27:338:Infinity":1,"f:45:27:45:28":0,"s:74:2:74:Infinity":2,"s:76:8:79:Infinity":3,"f:77:4:77:10":1,"s:77:10:77:Infinity":4,"s:81:36:81:Infinity":5,"b:83:2:89:Infinity:undefined:undefined:undefined:undefined":0,"s:83:2:89:Infinity":6,"s:84:4:87:Infinity":7,"b:91:2:97:Infinity:undefined:undefined:undefined:undefined":1,"s:91:2:97:Infinity":8,"s:92:4:95:Infinity":9,"s:99:2:336:Infinity":10,"f:161:31:161:32":2,"s:162:31:162:Infinity":11,"b:163:14:166:Infinity:undefined:undefined:undefined:undefined":2,"s:163:14:166:Infinity":12,"s:164:16:164:Infinity":13,"s:165:16:165:Infinity":14,"f:168:30:168:31":3,"s:169:31:169:Infinity":15,"b:170:14:170:Infinity:undefined:undefined:undefined:undefined":3,"s:170:14:170:Infinity":16,"s:170:27:170:Infinity":17,"f:172:30:172:36":4,"s:172:36:172:Infinity":18,"b:191:13:191:Infinity:192:14:208:Infinity":4,"b:211:13:211:Infinity:212:14:240:Infinity":5,"f:214:27:214:28":5,"s:215:40:216:Infinity":19,"f:215:40:215:41":6,"s:216:20:216:Infinity":20,"b:216:20:216:44:216:44:216:Infinity":6,"s:218:42:219:Infinity":21,"f:218:42:218:43":7,"s:219:20:219:Infinity":22,"b:219:20:219:50:219:50:219:Infinity":7,"b:221:18:233:Infinity:undefined:undefined:undefined:undefined":8,"s:221:18:233:Infinity":23,"s:222:35:222:Infinity":24,"s:223:37:231:Infinity":25,"s:232:20:232:Infinity":26,"b:232:27:232:47:232:47:232:Infinity":9,"b:234:18:236:Infinity:undefined:undefined:undefined:undefined":10,"s:234:18:236:Infinity":27,"s:235:20:235:Infinity":28,"s:237:18:237:Infinity":29,"f:254:32:254:33":8,"s:255:24:255:Infinity":30,"s:256:24:256:Infinity":31,"f:258:31:258:37":9,"s:258:37:258:Infinity":32,"b:265:19:265:33:265:33:265:Infinity:266:20:282:Infinity":11,"f:270:41:270:42":10,"s:271:24:280:Infinity":33,"f:274:35:274:41":11,"s:274:41:274:Infinity":34,"f:288:29:288:35":12,"s:288:35:288:Infinity":35,"f:288:51:288:52":13,"s:288:61:288:66":36,"b:290:24:290:Infinity:291:24:291:Infinity":12,"b:293:42:293:68:293:68:293:Infinity":13,"b:295:36:295:61:295:61:295:Infinity":14,"b:296:42:296:56:296:56:296:76":15,"f:302:29:302:35":14,"s:302:35:302:Infinity":37,"f:302:55:302:56":15,"s:302:65:302:70":38,"b:304:24:304:Infinity:305:24:305:Infinity":16,"b:307:46:307:69:307:69:307:Infinity":17,"b:309:75:309:93:309:93:309:97":18,"b:310:46:310:63:310:63:310:78":19,"f:314:29:314:35":16,"s:314:35:314:Infinity":39,"f:314:50:314:51":17,"s:314:60:314:65":40,"b:316:24:316:Infinity:317:24:317:Infinity":20,"b:319:41:319:62:319:62:319:Infinity":21,"b:321:35:321:82:321:82:321:Infinity":22,"f:331:21:331:27":18,"s:331:27:331:Infinity":41}}}
,"C:\\Users\\luisd\\Desktop\\Proyectos\\Mi-Carrerita\\client\\src\\features\\academic\\components\\ProgressTrack.tsx": {"path":"C:\\Users\\luisd\\Desktop\\Proyectos\\Mi-Carrerita\\client\\src\\features\\academic\\components\\ProgressTrack.tsx","statementMap":{"0":{"start":{"line":9,"column":24},"end":{"line":9,"column":null}},"1":{"start":{"line":10,"column":25},"end":{"line":10,"column":null}},"2":{"start":{"line":11,"column":21},"end":{"line":11,"column":null}},"3":{"start":{"line":12,"column":21},"end":{"line":12,"column":null}},"4":{"start":{"line":14,"column":22},"end":{"line":14,"column":null}},"5":{"start":{"line":16,"column":29},"end":{"line":110,"column":null}},"6":{"start":{"line":17,"column":48},"end":{"line":17,"column":null}},"7":{"start":{"line":19,"column":2},"end":{"line":25,"column":null}},"8":{"start":{"line":20,"column":18},"end":{"line":22,"column":null}},"9":{"start":{"line":21,"column":6},"end":{"line":21,"column":null}},"10":{"start":{"line":24,"column":4},"end":{"line":24,"column":null}},"11":{"start":{"line":24,"column":17},"end":{"line":24,"column":null}},"12":{"start":{"line":27,"column":18},"end":{"line":27,"column":null}},"13":{"start":{"line":29,"column":25},"end":{"line":29,"column":null}},"14":{"start":{"line":31,"column":26},"end":{"line":31,"column":null}},"15":{"start":{"line":33,"column":2},"end":{"line":108,"column":null}},"16":{"start":{"line":59,"column":29},"end":{"line":59,"column":null}},"17":{"start":{"line":60,"column":23},"end":{"line":60,"column":null}},"18":{"start":{"line":61,"column":24},"end":{"line":61,"column":null}},"19":{"start":{"line":64,"column":12},"end":{"line":67,"column":null}},"20":{"start":{"line":64,"column":37},"end":{"line":64,"column":63}},"21":{"start":{"line":64,"column":63},"end":{"line":67,"column":null}},"22":{"start":{"line":65,"column":42},"end":{"line":65,"column":68}},"23":{"start":{"line":65,"column":68},"end":{"line":65,"column":153}},"24":{"start":{"line":65,"column":153},"end":{"line":67,"column":null}},"25":{"start":{"line":66,"column":42},"end":{"line":66,"column":68}},"26":{"start":{"line":66,"column":68},"end":{"line":66,"column":152}},"27":{"start":{"line":66,"column":152},"end":{"line":67,"column":null}},"28":{"start":{"line":67,"column":43},"end":{"line":67,"column":76}},"29":{"start":{"line":67,"column":76},"end":{"line":67,"column":162}},"30":{"start":{"line":69,"column":12},"end":{"line":85,"column":null}}},"fnMap":{"0":{"name":"(anonymous_0)","decl":{"start":{"line":16,"column":29},"end":{"line":16,"column":30}},"loc":{"start":{"line":16,"column":67},"end":{"line":110,"column":null}},"line":16},"1":{"name":"(anonymous_1)","decl":{"start":{"line":19,"column":12},"end":{"line":19,"column":18}},"loc":{"start":{"line":19,"column":18},"end":{"line":25,"column":5}},"line":19},"2":{"name":"(anonymous_2)","decl":{"start":{"line":20,"column":29},"end":{"line":20,"column":35}},"loc":{"start":{"line":20,"column":35},"end":{"line":22,"column":7}},"line":20},"3":{"name":"(anonymous_3)","decl":{"start":{"line":24,"column":11},"end":{"line":24,"column":17}},"loc":{"start":{"line":24,"column":17},"end":{"line":24,"column":null}},"line":24},"4":{"name":"(anonymous_4)","decl":{"start":{"line":58,"column":36},"end":{"line":58,"column":37}},"loc":{"start":{"line":58,"column":52},"end":{"line":87,"column":11}},"line":58}},"branchMap":{"0":{"loc":{"start":{"line":51,"column":13},"end":{"line":52,"column":null}},"type":"binary-expr","locations":[{"start":{"line":51,"column":13},"end":{"line":51,"column":null}},{"start":{"line":52,"column":14},"end":{"line":52,"column":null}}],"line":51},"1":{"loc":{"start":{"line":64,"column":12},"end":{"line":67,"column":null}},"type":"if","locations":[{"start":{"line":64,"column":12},"end":{"line":67,"column":null}},{"start":{"line":64,"column":63},"end":{"line":67,"column":null}}],"line":64},"2":{"loc":{"start":{"line":64,"column":63},"end":{"line":67,"column":null}},"type":"if","locations":[{"start":{"line":64,"column":63},"end":{"line":67,"column":null}},{"start":{"line":65,"column":153},"end":{"line":67,"column":null}}],"line":64},"3":{"loc":{"start":{"line":65,"column":103},"end":{"line":65,"column":149}},"type":"cond-expr","locations":[{"start":{"line":65,"column":114},"end":{"line":65,"column":130}},{"start":{"line":65,"column":130},"end":{"line":65,"column":149}}],"line":65},"4":{"loc":{"start":{"line":65,"column":153},"end":{"line":67,"column":null}},"type":"if","locations":[{"start":{"line":65,"column":153},"end":{"line":67,"column":null}},{"start":{"line":66,"column":152},"end":{"line":67,"column":null}}],"line":65},"5":{"loc":{"start":{"line":66,"column":102},"end":{"line":66,"column":148}},"type":"cond-expr","locations":[{"start":{"line":66,"column":113},"end":{"line":66,"column":129}},{"start":{"line":66,"column":129},"end":{"line":66,"column":148}}],"line":66},"6":{"loc":{"start":{"line":66,"column":152},"end":{"line":67,"column":null}},"type":"if","locations":[{"start":{"line":66,"column":152},"end":{"line":67,"column":null}},{"start":{},"end":{}}],"line":66},"7":{"loc":{"start":{"line":67,"column":112},"end":{"line":67,"column":158}},"type":"cond-expr","locations":[{"start":{"line":67,"column":123},"end":{"line":67,"column":139}},{"start":{"line":67,"column":139},"end":{"line":67,"column":158}}],"line":67},"8":{"loc":{"start":{"line":73,"column":26},"end":{"line":75,"column":null}},"type":"cond-expr","locations":[{"start":{"line":74,"column":22},"end":{"line":74,"column":null}},{"start":{"line":75,"column":22},"end":{"line":75,"column":null}}],"line":73},"9":{"loc":{"start":{"line":79,"column":17},"end":{"line":79,"column":null}},"type":"cond-expr","locations":[{"start":{"line":79,"column":24},"end":{"line":79,"column":31}},{"start":{"line":79,"column":31},"end":{"line":79,"column":null}}],"line":79},"10":{"loc":{"start":{"line":79,"column":71},"end":{"line":79,"column":112}},"type":"cond-expr","locations":[{"start":{"line":79,"column":82},"end":{"line":79,"column":96}},{"start":{"line":79,"column":96},"end":{"line":79,"column":112}}],"line":79},"11":{"loc":{"start":{"line":82,"column":218},"end":{"line":82,"column":271}},"type":"cond-expr","locations":[{"start":{"line":82,"column":229},"end":{"line":82,"column":259}},{"start":{"line":82,"column":259},"end":{"line":82,"column":271}}],"line":82},"12":{"loc":{"start":{"line":104,"column":36},"end":{"line":104,"column":84}},"type":"cond-expr","locations":[{"start":{"line":104,"column":50},"end":{"line":104,"column":70}},{"start":{"line":104,"column":70},"end":{"line":104,"column":84}}],"line":104},"13":{"loc":{"start":{"line":105,"column":27},"end":{"line":105,"column":90}},"type":"cond-expr","locations":[{"start":{"line":105,"column":41},"end":{"line":105,"column":76}},{"start":{"line":105,"column":76},"end":{"line":105,"column":90}}],"line":105}},"s":{"0":1,"1":1,"2":1,"3":1,"4":1,"5":1,"6":6,"7":6,"8":1,"9":1,"10":1,"11":1,"12":6,"13":6,"14":6,"15":6,"16":24,"17":24,"18":24,"19":24,"20":6,"21":18,"22":6,"23":6,"24":12,"25":6,"26":6,"27":6,"28":6,"29":6,"30":24},"f":{"0":6,"1":1,"2":1,"3":1,"4":24},"b":{"0":[6,0],"1":[6,18],"2":[6,12],"3":[0,6],"4":[6,6],"5":[0,6],"6":[6,0],"7":[0,6],"8":[0,24],"9":[18,6],"10":[0,6],"11":[0,24],"12":[0,6],"13":[0,6]},"meta":{"lastBranch":14,"lastFunction":5,"lastStatement":31,"seen":{"s:9:24:9:Infinity":0,"s:10:25:10:Infinity":1,"s:11:21:11:Infinity":2,"s:12:21:12:Infinity":3,"s:14:22:14:Infinity":4,"s:16:29:110:Infinity":5,"f:16:29:16:30":0,"s:17:48:17:Infinity":6,"s:19:2:25:Infinity":7,"f:19:12:19:18":1,"s:20:18:22:Infinity":8,"f:20:29:20:35":2,"s:21:6:21:Infinity":9,"s:24:4:24:Infinity":10,"f:24:11:24:17":3,"s:24:17:24:Infinity":11,"s:27:18:27:Infinity":12,"s:29:25:29:Infinity":13,"s:31:26:31:Infinity":14,"s:33:2:108:Infinity":15,"b:51:13:51:Infinity:52:14:52:Infinity":0,"f:58:36:58:37":4,"s:59:29:59:Infinity":16,"s:60:23:60:Infinity":17,"s:61:24:61:Infinity":18,"b:64:12:67:Infinity:64:63:67:Infinity":1,"s:64:12:67:Infinity":19,"s:64:37:64:63":20,"b:64:63:67:Infinity:65:153:67:Infinity":2,"s:64:63:67:Infinity":21,"s:65:42:65:68":22,"s:65:68:65:153":23,"b:65:114:65:130:65:130:65:149":3,"b:65:153:67:Infinity:66:152:67:Infinity":4,"s:65:153:67:Infinity":24,"s:66:42:66:68":25,"s:66:68:66:152":26,"b:66:113:66:129:66:129:66:148":5,"b:66:152:67:Infinity:undefined:undefined:undefined:undefined":6,"s:66:152:67:Infinity":27,"s:67:43:67:76":28,"s:67:76:67:162":29,"b:67:123:67:139:67:139:67:158":7,"s:69:12:85:Infinity":30,"b:74:22:74:Infinity:75:22:75:Infinity":8,"b:79:24:79:31:79:31:79:Infinity":9,"b:79:82:79:96:79:96:79:112":10,"b:82:229:82:259:82:259:82:271":11,"b:104:50:104:70:104:70:104:84":12,"b:105:41:105:76:105:76:105:90":13}}}
,"C:\\Users\\luisd\\Desktop\\Proyectos\\Mi-Carrerita\\client\\src\\features\\academic\\components\\SubjectNode.tsx": {"path":"C:\\Users\\luisd\\Desktop\\Proyectos\\Mi-Carrerita\\client\\src\\features\\academic\\components\\SubjectNode.tsx","statementMap":{"0":{"start":{"line":27,"column":5},"end":{"line":70,"column":null}},"1":{"start":{"line":72,"column":22},"end":{"line":72,"column":null}},"2":{"start":{"line":73,"column":25},"end":{"line":73,"column":null}},"3":{"start":{"line":74,"column":20},"end":{"line":74,"column":null}},"4":{"start":{"line":75,"column":19},"end":{"line":75,"column":null}},"5":{"start":{"line":76,"column":20},"end":{"line":76,"column":null}},"6":{"start":{"line":78,"column":29},"end":{"line":214,"column":null}},"7":{"start":{"line":79,"column":18},"end":{"line":79,"column":null}},"8":{"start":{"line":80,"column":32},"end":{"line":80,"column":null}},"9":{"start":{"line":82,"column":2},"end":{"line":84,"column":null}},"10":{"start":{"line":83,"column":4},"end":{"line":83,"column":null}},"11":{"start":{"line":86,"column":23},"end":{"line":86,"column":null}},"12":{"start":{"line":87,"column":16},"end":{"line":87,"column":null}},"13":{"start":{"line":88,"column":21},"end":{"line":88,"column":null}},"14":{"start":{"line":89,"column":28},"end":{"line":89,"column":null}},"15":{"start":{"line":90,"column":20},"end":{"line":90,"column":null}},"16":{"start":{"line":91,"column":25},"end":{"line":91,"column":null}},"17":{"start":{"line":92,"column":23},"end":{"line":92,"column":null}},"18":{"start":{"line":93,"column":26},"end":{"line":93,"column":null}},"19":{"start":{"line":94,"column":24},"end":{"line":94,"column":null}},"20":{"start":{"line":95,"column":24},"end":{"line":95,"column":null}},"21":{"start":{"line":99,"column":2},"end":{"line":212,"column":null}},"22":{"start":{"line":105,"column":26},"end":{"line":105,"column":null}},"23":{"start":{"line":106,"column":26},"end":{"line":106,"column":null}},"24":{"start":{"line":216,"column":13},"end":{"line":229,"column":null}},"25":{"start":{"line":217,"column":2},"end":{"line":227,"column":null}},"26":{"start":{"line":232,"column":25},"end":{"line":240,"column":null}},"27":{"start":{"line":242,"column":2},"end":{"line":242,"column":null}}},"fnMap":{"0":{"name":"(anonymous_0)","decl":{"start":{"line":78,"column":29},"end":{"line":78,"column":30}},"loc":{"start":{"line":78,"column":81},"end":{"line":214,"column":null}},"line":78},"1":{"name":"(anonymous_1)","decl":{"start":{"line":105,"column":20},"end":{"line":105,"column":26}},"loc":{"start":{"line":105,"column":26},"end":{"line":105,"column":null}},"line":105},"2":{"name":"(anonymous_2)","decl":{"start":{"line":106,"column":20},"end":{"line":106,"column":26}},"loc":{"start":{"line":106,"column":26},"end":{"line":106,"column":null}},"line":106},"3":{"name":"(anonymous_3)","decl":{"start":{"line":216,"column":54},"end":{"line":216,"column":55}},"loc":{"start":{"line":216,"column":80},"end":{"line":229,"column":1}},"line":216},"4":{"name":"getTooltipText","decl":{"start":{"line":231,"column":9},"end":{"line":231,"column":24}},"loc":{"start":{"line":231,"column":50},"end":{"line":243,"column":null}},"line":231}},"branchMap":{"0":{"loc":{"start":{"line":82,"column":2},"end":{"line":84,"column":null}},"type":"if","locations":[{"start":{"line":82,"column":2},"end":{"line":84,"column":null}},{"start":{},"end":{}}],"line":82},"1":{"loc":{"start":{"line":95,"column":24},"end":{"line":95,"column":null}},"type":"binary-expr","locations":[{"start":{"line":95,"column":24},"end":{"line":95,"column":42}},{"start":{"line":95,"column":42},"end":{"line":95,"column":58}},{"start":{"line":95,"column":58},"end":{"line":95,"column":77}},{"start":{"line":95,"column":77},"end":{"line":95,"column":null}}],"line":95},"2":{"loc":{"start":{"line":103,"column":8},"end":{"line":103,"column":null}},"type":"binary-expr","locations":[{"start":{"line":103,"column":8},"end":{"line":103,"column":20}},{"start":{"line":103,"column":20},"end":{"line":103,"column":null}}],"line":103},"3":{"loc":{"start":{"line":122,"column":10},"end":{"line":122,"column":null}},"type":"binary-expr","locations":[{"start":{"line":122,"column":10},"end":{"line":122,"column":23}},{"start":{"line":122,"column":23},"end":{"line":122,"column":null}}],"line":122},"4":{"loc":{"start":{"line":125,"column":10},"end":{"line":125,"column":null}},"type":"binary-expr","locations":[{"start":{"line":125,"column":10},"end":{"line":125,"column":24}},{"start":{"line":125,"column":24},"end":{"line":125,"column":null}}],"line":125},"5":{"loc":{"start":{"line":126,"column":10},"end":{"line":126,"column":null}},"type":"binary-expr","locations":[{"start":{"line":126,"column":10},"end":{"line":126,"column":23}},{"start":{"line":126,"column":23},"end":{"line":126,"column":null}}],"line":126},"6":{"loc":{"start":{"line":127,"column":10},"end":{"line":127,"column":null}},"type":"binary-expr","locations":[{"start":{"line":127,"column":10},"end":{"line":127,"column":56}},{"start":{"line":127,"column":56},"end":{"line":127,"column":74}},{"start":{"line":127,"column":74},"end":{"line":127,"column":null}}],"line":127},"7":{"loc":{"start":{"line":128,"column":10},"end":{"line":128,"column":null}},"type":"binary-expr","locations":[{"start":{"line":128,"column":10},"end":{"line":128,"column":57}},{"start":{"line":128,"column":57},"end":{"line":128,"column":null}}],"line":128},"8":{"loc":{"start":{"line":129,"column":10},"end":{"line":129,"column":null}},"type":"binary-expr","locations":[{"start":{"line":129,"column":10},"end":{"line":129,"column":55}},{"start":{"line":129,"column":55},"end":{"line":129,"column":null}}],"line":129},"9":{"loc":{"start":{"line":130,"column":10},"end":{"line":130,"column":null}},"type":"binary-expr","locations":[{"start":{"line":130,"column":10},"end":{"line":130,"column":59}},{"start":{"line":130,"column":59},"end":{"line":130,"column":null}}],"line":130},"10":{"loc":{"start":{"line":131,"column":10},"end":{"line":131,"column":null}},"type":"binary-expr","locations":[{"start":{"line":131,"column":10},"end":{"line":131,"column":31}},{"start":{"line":131,"column":31},"end":{"line":131,"column":null}}],"line":131},"11":{"loc":{"start":{"line":133,"column":10},"end":{"line":133,"column":null}},"type":"binary-expr","locations":[{"start":{"line":133,"column":10},"end":{"line":133,"column":27}},{"start":{"line":133,"column":27},"end":{"line":133,"column":null}}],"line":133},"12":{"loc":{"start":{"line":134,"column":10},"end":{"line":134,"column":null}},"type":"binary-expr","locations":[{"start":{"line":134,"column":10},"end":{"line":134,"column":28}},{"start":{"line":134,"column":28},"end":{"line":134,"column":null}}],"line":134},"13":{"loc":{"start":{"line":135,"column":10},"end":{"line":135,"column":null}},"type":"binary-expr","locations":[{"start":{"line":135,"column":10},"end":{"line":135,"column":26}},{"start":{"line":135,"column":26},"end":{"line":135,"column":null}}],"line":135},"14":{"loc":{"start":{"line":136,"column":10},"end":{"line":136,"column":null}},"type":"binary-expr","locations":[{"start":{"line":136,"column":10},"end":{"line":136,"column":29}},{"start":{"line":136,"column":29},"end":{"line":136,"column":null}}],"line":136},"15":{"loc":{"start":{"line":158,"column":10},"end":{"line":158,"column":null}},"type":"binary-expr","locations":[{"start":{"line":158,"column":10},"end":{"line":158,"column":55}},{"start":{"line":158,"column":55},"end":{"line":158,"column":null}}],"line":158},"16":{"loc":{"start":{"line":159,"column":10},"end":{"line":159,"column":null}},"type":"binary-expr","locations":[{"start":{"line":159,"column":10},"end":{"line":159,"column":59}},{"start":{"line":159,"column":59},"end":{"line":159,"column":null}}],"line":159},"17":{"loc":{"start":{"line":167,"column":19},"end":{"line":167,"column":38}},"type":"binary-expr","locations":[{"start":{"line":167,"column":19},"end":{"line":167,"column":36}},{"start":{"line":167,"column":36},"end":{"line":167,"column":38}}],"line":167},"18":{"loc":{"start":{"line":170,"column":11},"end":{"line":177,"column":null}},"type":"binary-expr","locations":[{"start":{"line":170,"column":11},"end":{"line":170,"column":null}},{"start":{"line":171,"column":12},"end":{"line":177,"column":null}}],"line":170},"19":{"loc":{"start":{"line":181,"column":9},"end":{"line":193,"column":null}},"type":"binary-expr","locations":[{"start":{"line":181,"column":9},"end":{"line":181,"column":null}},{"start":{"line":182,"column":10},"end":{"line":193,"column":null}}],"line":181},"20":{"loc":{"start":{"line":204,"column":7},"end":{"line":209,"column":null}},"type":"binary-expr","locations":[{"start":{"line":204,"column":7},"end":{"line":204,"column":null}},{"start":{"line":205,"column":8},"end":{"line":209,"column":null}}],"line":204},"21":{"loc":{"start":{"line":218,"column":4},"end":{"line":227,"column":null}},"type":"binary-expr","locations":[{"start":{"line":218,"column":4},"end":{"line":218,"column":null}},{"start":{"line":219,"column":4},"end":{"line":219,"column":null}},{"start":{"line":220,"column":4},"end":{"line":220,"column":null}},{"start":{"line":221,"column":4},"end":{"line":221,"column":null}},{"start":{"line":222,"column":4},"end":{"line":222,"column":null}},{"start":{"line":223,"column":4},"end":{"line":223,"column":null}},{"start":{"line":224,"column":5},"end":{"line":224,"column":null}},{"start":{"line":225,"column":5},"end":{"line":225,"column":null}},{"start":{"line":226,"column":5},"end":{"line":226,"column":null}},{"start":{"line":227,"column":5},"end":{"line":227,"column":null}}],"line":218},"22":{"loc":{"start":{"line":242,"column":9},"end":{"line":242,"column":null}},"type":"binary-expr","locations":[{"start":{"line":242,"column":9},"end":{"line":242,"column":74}},{"start":{"line":242,"column":74},"end":{"line":242,"column":null}}],"line":242}},"s":{"0":1,"1":1,"2":1,"3":1,"4":1,"5":1,"6":1,"7":0,"8":0,"9":0,"10":0,"11":0,"12":0,"13":0,"14":0,"15":0,"16":0,"17":0,"18":0,"19":0,"20":0,"21":0,"22":0,"23":0,"24":1,"25":0,"26":0,"27":0},"f":{"0":0,"1":0,"2":0,"3":0,"4":0},"b":{"0":[0,0],"1":[0,0,0,0],"2":[0,0],"3":[0,0],"4":[0,0],"5":[0,0],"6":[0,0,0],"7":[0,0],"8":[0,0],"9":[0,0],"10":[0,0],"11":[0,0],"12":[0,0],"13":[0,0],"14":[0,0],"15":[0,0],"16":[0,0],"17":[0,0],"18":[0,0],"19":[0,0],"20":[0,0],"21":[0,0,0,0,0,0,0,0,0,0],"22":[0,0]},"meta":{"lastBranch":23,"lastFunction":5,"lastStatement":28,"seen":{"s:27:5:70:Infinity":0,"s:72:22:72:Infinity":1,"s:73:25:73:Infinity":2,"s:74:20:74:Infinity":3,"s:75:19:75:Infinity":4,"s:76:20:76:Infinity":5,"s:78:29:214:Infinity":6,"f:78:29:78:30":0,"s:79:18:79:Infinity":7,"s:80:32:80:Infinity":8,"b:82:2:84:Infinity:undefined:undefined:undefined:undefined":0,"s:82:2:84:Infinity":9,"s:83:4:83:Infinity":10,"s:86:23:86:Infinity":11,"s:87:16:87:Infinity":12,"s:88:21:88:Infinity":13,"s:89:28:89:Infinity":14,"s:90:20:90:Infinity":15,"s:91:25:91:Infinity":16,"s:92:23:92:Infinity":17,"s:93:26:93:Infinity":18,"s:94:24:94:Infinity":19,"s:95:24:95:Infinity":20,"b:95:24:95:42:95:42:95:58:95:58:95:77:95:77:95:Infinity":1,"s:99:2:212:Infinity":21,"b:103:8:103:20:103:20:103:Infinity":2,"f:105:20:105:26":1,"s:105:26:105:Infinity":22,"f:106:20:106:26":2,"s:106:26:106:Infinity":23,"b:122:10:122:23:122:23:122:Infinity":3,"b:125:10:125:24:125:24:125:Infinity":4,"b:126:10:126:23:126:23:126:Infinity":5,"b:127:10:127:56:127:56:127:74:127:74:127:Infinity":6,"b:128:10:128:57:128:57:128:Infinity":7,"b:129:10:129:55:129:55:129:Infinity":8,"b:130:10:130:59:130:59:130:Infinity":9,"b:131:10:131:31:131:31:131:Infinity":10,"b:133:10:133:27:133:27:133:Infinity":11,"b:134:10:134:28:134:28:134:Infinity":12,"b:135:10:135:26:135:26:135:Infinity":13,"b:136:10:136:29:136:29:136:Infinity":14,"b:158:10:158:55:158:55:158:Infinity":15,"b:159:10:159:59:159:59:159:Infinity":16,"b:167:19:167:36:167:36:167:38":17,"b:170:11:170:Infinity:171:12:177:Infinity":18,"b:181:9:181:Infinity:182:10:193:Infinity":19,"b:204:7:204:Infinity:205:8:209:Infinity":20,"s:216:13:229:Infinity":24,"f:216:54:216:55":3,"s:217:2:227:Infinity":25,"b:218:4:218:Infinity:219:4:219:Infinity:220:4:220:Infinity:221:4:221:Infinity:222:4:222:Infinity:223:4:223:Infinity:224:5:224:Infinity:225:5:225:Infinity:226:5:226:Infinity:227:5:227:Infinity":21,"f:231:9:231:24":4,"s:232:25:240:Infinity":26,"s:242:2:242:Infinity":27,"b:242:9:242:74:242:74:242:Infinity":22}}}
,"C:\\Users\\luisd\\Desktop\\Proyectos\\Mi-Carrerita\\client\\src\\features\\academic\\components\\SubjectUpdatePanel.tsx": {"path":"C:\\Users\\luisd\\Desktop\\Proyectos\\Mi-Carrerita\\client\\src\\features\\academic\\components\\SubjectUpdatePanel.tsx","statementMap":{"0":{"start":{"line":22,"column":34},"end":{"line":337,"column":null}},"1":{"start":{"line":23,"column":26},"end":{"line":23,"column":null}},"2":{"start":{"line":24,"column":24},"end":{"line":24,"column":null}},"3":{"start":{"line":25,"column":34},"end":{"line":25,"column":null}},"4":{"start":{"line":26,"column":34},"end":{"line":26,"column":null}},"5":{"start":{"line":27,"column":24},"end":{"line":27,"column":null}},"6":{"start":{"line":28,"column":30},"end":{"line":28,"column":null}},"7":{"start":{"line":29,"column":24},"end":{"line":29,"column":null}},"8":{"start":{"line":30,"column":36},"end":{"line":30,"column":null}},"9":{"start":{"line":31,"column":42},"end":{"line":31,"column":null}},"10":{"start":{"line":33,"column":24},"end":{"line":41,"column":null}},"11":{"start":{"line":43,"column":2},"end":{"line":58,"column":null}},"12":{"start":{"line":44,"column":4},"end":{"line":44,"column":null}},"13":{"start":{"line":44,"column":18},"end":{"line":44,"column":null}},"14":{"start":{"line":47,"column":24},"end":{"line":49,"column":null}},"15":{"start":{"line":51,"column":4},"end":{"line":51,"column":null}},"16":{"start":{"line":52,"column":4},"end":{"line":52,"column":null}},"17":{"start":{"line":53,"column":4},"end":{"line":53,"column":null}},"18":{"start":{"line":54,"column":4},"end":{"line":54,"column":null}},"19":{"start":{"line":55,"column":4},"end":{"line":55,"column":null}},"20":{"start":{"line":56,"column":4},"end":{"line":56,"column":null}},"21":{"start":{"line":57,"column":4},"end":{"line":57,"column":null}},"22":{"start":{"line":60,"column":2},"end":{"line":64,"column":null}},"23":{"start":{"line":61,"column":4},"end":{"line":63,"column":null}},"24":{"start":{"line":62,"column":6},"end":{"line":62,"column":null}},"25":{"start":{"line":66,"column":2},"end":{"line":66,"column":null}},"26":{"start":{"line":66,"column":27},"end":{"line":66,"column":null}},"27":{"start":{"line":68,"column":25},"end":{"line":68,"column":null}},"28":{"start":{"line":70,"column":22},"end":{"line":125,"column":null}},"29":{"start":{"line":71,"column":4},"end":{"line":71,"column":null}},"30":{"start":{"line":72,"column":4},"end":{"line":72,"column":null}},"31":{"start":{"line":73,"column":4},"end":{"line":73,"column":null}},"32":{"start":{"line":74,"column":4},"end":{"line":124,"column":null}},"33":{"start":{"line":75,"column":6},"end":{"line":81,"column":null}},"34":{"start":{"line":76,"column":8},"end":{"line":80,"column":null}},"35":{"start":{"line":77,"column":10},"end":{"line":77,"column":null}},"36":{"start":{"line":78,"column":10},"end":{"line":78,"column":null}},"37":{"start":{"line":79,"column":10},"end":{"line":79,"column":null}},"38":{"start":{"line":83,"column":6},"end":{"line":90,"column":null}},"39":{"start":{"line":84,"column":27},"end":{"line":84,"column":null}},"40":{"start":{"line":85,"column":8},"end":{"line":89,"column":null}},"41":{"start":{"line":86,"column":10},"end":{"line":86,"column":null}},"42":{"start":{"line":87,"column":10},"end":{"line":87,"column":null}},"43":{"start":{"line":88,"column":10},"end":{"line":88,"column":null}},"44":{"start":{"line":92,"column":6},"end":{"line":99,"column":null}},"45":{"start":{"line":93,"column":26},"end":{"line":93,"column":null}},"46":{"start":{"line":94,"column":8},"end":{"line":98,"column":null}},"47":{"start":{"line":95,"column":10},"end":{"line":95,"column":null}},"48":{"start":{"line":96,"column":10},"end":{"line":96,"column":null}},"49":{"start":{"line":97,"column":10},"end":{"line":97,"column":null}},"50":{"start":{"line":101,"column":25},"end":{"line":101,"column":null}},"51":{"start":{"line":102,"column":30},"end":{"line":102,"column":null}},"52":{"start":{"line":103,"column":30},"end":{"line":103,"column":null}},"53":{"start":{"line":104,"column":35},"end":{"line":104,"column":null}},"54":{"start":{"line":106,"column":22},"end":{"line":106,"column":null}},"55":{"start":{"line":107,"column":30},"end":{"line":107,"column":null}},"56":{"start":{"line":108,"column":25},"end":{"line":108,"column":null}},"57":{"start":{"line":110,"column":6},"end":{"line":116,"column":null}},"58":{"start":{"line":117,"column":6},"end":{"line":117,"column":null}},"59":{"start":{"line":119,"column":6},"end":{"line":119,"column":null}},"60":{"start":{"line":120,"column":22},"end":{"line":120,"column":null}},"61":{"start":{"line":121,"column":6},"end":{"line":121,"column":null}},"62":{"start":{"line":123,"column":6},"end":{"line":123,"column":null}},"63":{"start":{"line":127,"column":21},"end":{"line":133,"column":null}},"64":{"start":{"line":128,"column":4},"end":{"line":131,"column":null}},"65":{"start":{"line":129,"column":6},"end":{"line":129,"column":null}},"66":{"start":{"line":130,"column":6},"end":{"line":130,"column":null}},"67":{"start":{"line":132,"column":4},"end":{"line":132,"column":null}},"68":{"start":{"line":136,"column":4},"end":{"line":333,"column":null}},"69":{"start":{"line":154,"column":37},"end":{"line":154,"column":null}},"70":{"start":{"line":157,"column":18},"end":{"line":159,"column":null}},"71":{"start":{"line":201,"column":33},"end":{"line":201,"column":null}},"72":{"start":{"line":234,"column":34},"end":{"line":234,"column":null}},"73":{"start":{"line":235,"column":22},"end":{"line":237,"column":null}},"74":{"start":{"line":236,"column":24},"end":{"line":236,"column":null}},"75":{"start":{"line":253,"column":43},"end":{"line":253,"column":null}},"76":{"start":{"line":270,"column":32},"end":{"line":270,"column":null}},"77":{"start":{"line":271,"column":22},"end":{"line":271,"column":null}},"78":{"start":{"line":271,"column":42},"end":{"line":271,"column":null}},"79":{"start":{"line":272,"column":22},"end":{"line":272,"column":null}},"80":{"start":{"line":272,"column":42},"end":{"line":272,"column":null}},"81":{"start":{"line":273,"column":22},"end":{"line":273,"column":null}},"82":{"start":{"line":279,"column":35},"end":{"line":279,"column":null}},"83":{"start":{"line":289,"column":37},"end":{"line":289,"column":null}},"84":{"start":{"line":300,"column":39},"end":{"line":300,"column":null}},"85":{"start":{"line":336,"column":2},"end":{"line":336,"column":null}}},"fnMap":{"0":{"name":"(anonymous_0)","decl":{"start":{"line":22,"column":34},"end":{"line":22,"column":35}},"loc":{"start":{"line":22,"column":101},"end":{"line":337,"column":null}},"line":22},"1":{"name":"(anonymous_1)","decl":{"start":{"line":43,"column":12},"end":{"line":43,"column":18}},"loc":{"start":{"line":43,"column":18},"end":{"line":58,"column":5}},"line":43},"2":{"name":"(anonymous_2)","decl":{"start":{"line":60,"column":12},"end":{"line":60,"column":18}},"loc":{"start":{"line":60,"column":18},"end":{"line":64,"column":5}},"line":60},"3":{"name":"(anonymous_3)","decl":{"start":{"line":70,"column":22},"end":{"line":70,"column":34}},"loc":{"start":{"line":70,"column":34},"end":{"line":125,"column":null}},"line":70},"4":{"name":"(anonymous_4)","decl":{"start":{"line":127,"column":21},"end":{"line":127,"column":33}},"loc":{"start":{"line":127,"column":33},"end":{"line":133,"column":null}},"line":127},"5":{"name":"(anonymous_5)","decl":{"start":{"line":154,"column":26},"end":{"line":154,"column":27}},"loc":{"start":{"line":154,"column":37},"end":{"line":154,"column":null}},"line":154},"6":{"name":"(anonymous_6)","decl":{"start":{"line":156,"column":35},"end":{"line":156,"column":36}},"loc":{"start":{"line":157,"column":18},"end":{"line":159,"column":null}},"line":157},"7":{"name":"(anonymous_7)","decl":{"start":{"line":201,"column":27},"end":{"line":201,"column":33}},"loc":{"start":{"line":201,"column":33},"end":{"line":201,"column":null}},"line":201},"8":{"name":"(anonymous_8)","decl":{"start":{"line":233,"column":30},"end":{"line":233,"column":31}},"loc":{"start":{"line":233,"column":37},"end":{"line":238,"column":null}},"line":233},"9":{"name":"(anonymous_9)","decl":{"start":{"line":253,"column":32},"end":{"line":253,"column":33}},"loc":{"start":{"line":253,"column":43},"end":{"line":253,"column":null}},"line":253},"10":{"name":"(anonymous_10)","decl":{"start":{"line":268,"column":30},"end":{"line":268,"column":31}},"loc":{"start":{"line":268,"column":41},"end":{"line":274,"column":null}},"line":268},"11":{"name":"(anonymous_11)","decl":{"start":{"line":279,"column":29},"end":{"line":279,"column":35}},"loc":{"start":{"line":279,"column":35},"end":{"line":279,"column":null}},"line":279},"12":{"name":"(anonymous_12)","decl":{"start":{"line":289,"column":31},"end":{"line":289,"column":37}},"loc":{"start":{"line":289,"column":37},"end":{"line":289,"column":null}},"line":289},"13":{"name":"(anonymous_13)","decl":{"start":{"line":300,"column":28},"end":{"line":300,"column":29}},"loc":{"start":{"line":300,"column":39},"end":{"line":300,"column":null}},"line":300}},"branchMap":{"0":{"loc":{"start":{"line":44,"column":4},"end":{"line":44,"column":null}},"type":"if","locations":[{"start":{"line":44,"column":4},"end":{"line":44,"column":null}},{"start":{},"end":{}}],"line":44},"1":{"loc":{"start":{"line":47,"column":24},"end":{"line":49,"column":null}},"type":"cond-expr","locations":[{"start":{"line":48,"column":8},"end":{"line":48,"column":null}},{"start":{"line":49,"column":8},"end":{"line":49,"column":null}}],"line":47},"2":{"loc":{"start":{"line":52,"column":13},"end":{"line":52,"column":64}},"type":"cond-expr","locations":[{"start":{"line":52,"column":38},"end":{"line":52,"column":62}},{"start":{"line":52,"column":62},"end":{"line":52,"column":64}}],"line":52},"3":{"loc":{"start":{"line":53,"column":18},"end":{"line":53,"column":115}},"type":"cond-expr","locations":[{"start":{"line":53,"column":84},"end":{"line":53,"column":113}},{"start":{"line":53,"column":113},"end":{"line":53,"column":115}}],"line":53},"4":{"loc":{"start":{"line":53,"column":18},"end":{"line":53,"column":84}},"type":"binary-expr","locations":[{"start":{"line":53,"column":18},"end":{"line":53,"column":49}},{"start":{"line":53,"column":49},"end":{"line":53,"column":84}}],"line":53},"5":{"loc":{"start":{"line":54,"column":18},"end":{"line":54,"column":89}},"type":"cond-expr","locations":[{"start":{"line":54,"column":26},"end":{"line":54,"column":87}},{"start":{"line":54,"column":87},"end":{"line":54,"column":89}}],"line":54},"6":{"loc":{"start":{"line":55,"column":13},"end":{"line":55,"column":32}},"type":"binary-expr","locations":[{"start":{"line":55,"column":13},"end":{"line":55,"column":30}},{"start":{"line":55,"column":30},"end":{"line":55,"column":32}}],"line":55},"7":{"loc":{"start":{"line":61,"column":4},"end":{"line":63,"column":null}},"type":"if","locations":[{"start":{"line":61,"column":4},"end":{"line":63,"column":null}},{"start":{},"end":{}}],"line":61},"8":{"loc":{"start":{"line":66,"column":2},"end":{"line":66,"column":null}},"type":"if","locations":[{"start":{"line":66,"column":2},"end":{"line":66,"column":null}},{"start":{},"end":{}}],"line":66},"9":{"loc":{"start":{"line":66,"column":6},"end":{"line":66,"column":27}},"type":"binary-expr","locations":[{"start":{"line":66,"column":6},"end":{"line":66,"column":17}},{"start":{"line":66,"column":17},"end":{"line":66,"column":27}}],"line":66},"10":{"loc":{"start":{"line":75,"column":6},"end":{"line":81,"column":null}},"type":"if","locations":[{"start":{"line":75,"column":6},"end":{"line":81,"column":null}},{"start":{},"end":{}}],"line":75},"11":{"loc":{"start":{"line":76,"column":8},"end":{"line":80,"column":null}},"type":"if","locations":[{"start":{"line":76,"column":8},"end":{"line":80,"column":null}},{"start":{},"end":{}}],"line":76},"12":{"loc":{"start":{"line":83,"column":6},"end":{"line":90,"column":null}},"type":"if","locations":[{"start":{"line":83,"column":6},"end":{"line":90,"column":null}},{"start":{},"end":{}}],"line":83},"13":{"loc":{"start":{"line":85,"column":8},"end":{"line":89,"column":null}},"type":"if","locations":[{"start":{"line":85,"column":8},"end":{"line":89,"column":null}},{"start":{},"end":{}}],"line":85},"14":{"loc":{"start":{"line":85,"column":12},"end":{"line":85,"column":75}},"type":"binary-expr","locations":[{"start":{"line":85,"column":12},"end":{"line":85,"column":40}},{"start":{"line":85,"column":40},"end":{"line":85,"column":58}},{"start":{"line":85,"column":58},"end":{"line":85,"column":75}}],"line":85},"15":{"loc":{"start":{"line":92,"column":6},"end":{"line":99,"column":null}},"type":"if","locations":[{"start":{"line":92,"column":6},"end":{"line":99,"column":null}},{"start":{},"end":{}}],"line":92},"16":{"loc":{"start":{"line":94,"column":8},"end":{"line":98,"column":null}},"type":"if","locations":[{"start":{"line":94,"column":8},"end":{"line":98,"column":null}},{"start":{},"end":{}}],"line":94},"17":{"loc":{"start":{"line":94,"column":12},"end":{"line":94,"column":73}},"type":"binary-expr","locations":[{"start":{"line":94,"column":12},"end":{"line":94,"column":39}},{"start":{"line":94,"column":39},"end":{"line":94,"column":56}},{"start":{"line":94,"column":56},"end":{"line":94,"column":73}}],"line":94},"18":{"loc":{"start":{"line":101,"column":25},"end":{"line":101,"column":null}},"type":"cond-expr","locations":[{"start":{"line":101,"column":47},"end":{"line":101,"column":54}},{"start":{"line":101,"column":54},"end":{"line":101,"column":null}}],"line":101},"19":{"loc":{"start":{"line":102,"column":30},"end":{"line":102,"column":null}},"type":"cond-expr","locations":[{"start":{"line":102,"column":80},"end":{"line":102,"column":87}},{"start":{"line":102,"column":87},"end":{"line":102,"column":null}}],"line":102},"20":{"loc":{"start":{"line":102,"column":30},"end":{"line":102,"column":80}},"type":"binary-expr","locations":[{"start":{"line":102,"column":30},"end":{"line":102,"column":53}},{"start":{"line":102,"column":53},"end":{"line":102,"column":80}}],"line":102},"21":{"loc":{"start":{"line":103,"column":30},"end":{"line":103,"column":null}},"type":"cond-expr","locations":[{"start":{"line":103,"column":57},"end":{"line":103,"column":64}},{"start":{"line":103,"column":64},"end":{"line":103,"column":null}}],"line":103},"22":{"loc":{"start":{"line":104,"column":35},"end":{"line":104,"column":null}},"type":"cond-expr","locations":[{"start":{"line":104,"column":95},"end":{"line":104,"column":102}},{"start":{"line":104,"column":102},"end":{"line":104,"column":null}}],"line":104},"23":{"loc":{"start":{"line":104,"column":35},"end":{"line":104,"column":95}},"type":"binary-expr","locations":[{"start":{"line":104,"column":35},"end":{"line":104,"column":63}},{"start":{"line":104,"column":63},"end":{"line":104,"column":95}}],"line":104},"24":{"loc":{"start":{"line":106,"column":22},"end":{"line":106,"column":null}},"type":"cond-expr","locations":[{"start":{"line":106,"column":49},"end":{"line":106,"column":56}},{"start":{"line":106,"column":49},"end":{"line":106,"column":null}}],"line":106},"25":{"loc":{"start":{"line":107,"column":30},"end":{"line":107,"column":null}},"type":"binary-expr","locations":[{"start":{"line":107,"column":30},"end":{"line":107,"column":41}},{"start":{"line":107,"column":41},"end":{"line":107,"column":null}}],"line":107},"26":{"loc":{"start":{"line":108,"column":25},"end":{"line":108,"column":null}},"type":"cond-expr","locations":[{"start":{"line":108,"column":47},"end":{"line":108,"column":54}},{"start":{"line":108,"column":54},"end":{"line":108,"column":null}}],"line":108},"27":{"loc":{"start":{"line":120,"column":22},"end":{"line":120,"column":null}},"type":"cond-expr","locations":[{"start":{"line":120,"column":45},"end":{"line":120,"column":59}},{"start":{"line":120,"column":59},"end":{"line":120,"column":null}}],"line":120},"28":{"loc":{"start":{"line":128,"column":4},"end":{"line":131,"column":null}},"type":"if","locations":[{"start":{"line":128,"column":4},"end":{"line":131,"column":null}},{"start":{},"end":{}}],"line":128},"29":{"loc":{"start":{"line":128,"column":8},"end":{"line":128,"column":90}},"type":"binary-expr","locations":[{"start":{"line":128,"column":8},"end":{"line":128,"column":54}},{"start":{"line":128,"column":54},"end":{"line":128,"column":90}}],"line":128},"30":{"loc":{"start":{"line":164,"column":13},"end":{"line":168,"column":null}},"type":"binary-expr","locations":[{"start":{"line":164,"column":13},"end":{"line":164,"column":null}},{"start":{"line":165,"column":14},"end":{"line":168,"column":null}}],"line":164},"31":{"loc":{"start":{"line":186,"column":11},"end":{"line":329,"column":null}},"type":"cond-expr","locations":[{"start":{"line":187,"column":12},"end":{"line":215,"column":null}},{"start":{"line":217,"column":12},"end":{"line":329,"column":null}}],"line":186},"32":{"loc":{"start":{"line":212,"column":19},"end":{"line":212,"column":null}},"type":"cond-expr","locations":[{"start":{"line":212,"column":30},"end":{"line":212,"column":46}},{"start":{"line":212,"column":46},"end":{"line":212,"column":null}}],"line":212},"33":{"loc":{"start":{"line":222,"column":21},"end":{"line":225,"column":null}},"type":"cond-expr","locations":[{"start":{"line":223,"column":22},"end":{"line":223,"column":null}},{"start":{"line":225,"column":22},"end":{"line":225,"column":null}}],"line":222},"34":{"loc":{"start":{"line":235,"column":22},"end":{"line":237,"column":null}},"type":"if","locations":[{"start":{"line":235,"column":22},"end":{"line":237,"column":null}},{"start":{},"end":{}}],"line":235},"35":{"loc":{"start":{"line":235,"column":26},"end":{"line":235,"column":65}},"type":"binary-expr","locations":[{"start":{"line":235,"column":26},"end":{"line":235,"column":40}},{"start":{"line":235,"column":40},"end":{"line":235,"column":65}}],"line":235},"36":{"loc":{"start":{"line":241,"column":19},"end":{"line":241,"column":null}},"type":"binary-expr","locations":[{"start":{"line":241,"column":19},"end":{"line":241,"column":57}},{"start":{"line":241,"column":57},"end":{"line":241,"column":null}}],"line":241},"37":{"loc":{"start":{"line":271,"column":22},"end":{"line":271,"column":null}},"type":"if","locations":[{"start":{"line":271,"column":22},"end":{"line":271,"column":null}},{"start":{},"end":{}}],"line":271},"38":{"loc":{"start":{"line":272,"column":22},"end":{"line":272,"column":null}},"type":"if","locations":[{"start":{"line":272,"column":22},"end":{"line":272,"column":null}},{"start":{},"end":{}}],"line":272},"39":{"loc":{"start":{"line":285,"column":19},"end":{"line":290,"column":null}},"type":"binary-expr","locations":[{"start":{"line":285,"column":19},"end":{"line":285,"column":null}},{"start":{"line":286,"column":20},"end":{"line":290,"column":null}}],"line":285},"40":{"loc":{"start":{"line":305,"column":15},"end":{"line":310,"column":null}},"type":"binary-expr","locations":[{"start":{"line":305,"column":15},"end":{"line":305,"column":null}},{"start":{"line":306,"column":16},"end":{"line":310,"column":null}}],"line":305},"41":{"loc":{"start":{"line":324,"column":28},"end":{"line":324,"column":null}},"type":"binary-expr","locations":[{"start":{"line":324,"column":28},"end":{"line":324,"column":40}},{"start":{"line":324,"column":40},"end":{"line":324,"column":null}}],"line":324},"42":{"loc":{"start":{"line":326,"column":19},"end":{"line":326,"column":null}},"type":"cond-expr","locations":[{"start":{"line":326,"column":30},"end":{"line":326,"column":47}},{"start":{"line":326,"column":47},"end":{"line":326,"column":null}}],"line":326}},"s":{"0":2,"1":49,"2":49,"3":49,"4":49,"5":49,"6":49,"7":49,"8":49,"9":49,"10":49,"11":49,"12":12,"13":1,"14":11,"15":12,"16":12,"17":12,"18":12,"19":12,"20":12,"21":12,"22":49,"23":21,"24":1,"25":49,"26":5,"27":44,"28":44,"29":7,"30":7,"31":7,"32":7,"33":7,"34":6,"35":1,"36":1,"37":1,"38":6,"39":5,"40":5,"41":1,"42":1,"43":1,"44":5,"45":1,"46":1,"47":1,"48":1,"49":1,"50":4,"51":7,"52":7,"53":7,"54":7,"55":7,"56":7,"57":7,"58":3,"59":1,"60":1,"61":1,"62":7,"63":44,"64":8,"65":4,"66":4,"67":4,"68":44,"69":5,"70":308,"71":1,"72":2,"73":2,"74":2,"75":1,"76":0,"77":0,"78":0,"79":0,"80":0,"81":0,"82":0,"83":0,"84":0,"85":49},"f":{"0":49,"1":12,"2":21,"3":7,"4":8,"5":5,"6":308,"7":1,"8":2,"9":1,"10":0,"11":0,"12":0,"13":0},"b":{"0":[1,11],"1":[11,0],"2":[6,5],"3":[0,11],"4":[12,1],"5":[5,6],"6":[12,11],"7":[1,20],"8":[5,44],"9":[49,44],"10":[6,1],"11":[1,5],"12":[5,1],"13":[1,4],"14":[5,5,5],"15":[1,4],"16":[1,0],"17":[1,1,1],"18":[1,3],"19":[0,4],"20":[7,3],"21":[4,0],"22":[0,4],"23":[7,0],"24":[2,2],"25":[7,2],"26":[4,0],"27":[1,0],"28":[4,4],"29":[8,4],"30":[44,0],"31":[4,40],"32":[0,4],"33":[20,20],"34":[2,0],"35":[2,2],"36":[40,2],"37":[0,0],"38":[0,0],"39":[40,0],"40":[40,4],"41":[40,35],"42":[5,35]},"meta":{"lastBranch":43,"lastFunction":14,"lastStatement":86,"seen":{"s:22:34:337:Infinity":0,"f:22:34:22:35":0,"s:23:26:23:Infinity":1,"s:24:24:24:Infinity":2,"s:25:34:25:Infinity":3,"s:26:34:26:Infinity":4,"s:27:24:27:Infinity":5,"s:28:30:28:Infinity":6,"s:29:24:29:Infinity":7,"s:30:36:30:Infinity":8,"s:31:42:31:Infinity":9,"s:33:24:41:Infinity":10,"s:43:2:58:Infinity":11,"f:43:12:43:18":1,"b:44:4:44:Infinity:undefined:undefined:undefined:undefined":0,"s:44:4:44:Infinity":12,"s:44:18:44:Infinity":13,"s:47:24:49:Infinity":14,"b:48:8:48:Infinity:49:8:49:Infinity":1,"s:51:4:51:Infinity":15,"s:52:4:52:Infinity":16,"b:52:38:52:62:52:62:52:64":2,"s:53:4:53:Infinity":17,"b:53:84:53:113:53:113:53:115":3,"b:53:18:53:49:53:49:53:84":4,"s:54:4:54:Infinity":18,"b:54:26:54:87:54:87:54:89":5,"s:55:4:55:Infinity":19,"b:55:13:55:30:55:30:55:32":6,"s:56:4:56:Infinity":20,"s:57:4:57:Infinity":21,"s:60:2:64:Infinity":22,"f:60:12:60:18":2,"b:61:4:63:Infinity:undefined:undefined:undefined:undefined":7,"s:61:4:63:Infinity":23,"s:62:6:62:Infinity":24,"b:66:2:66:Infinity:undefined:undefined:undefined:undefined":8,"s:66:2:66:Infinity":25,"b:66:6:66:17:66:17:66:27":9,"s:66:27:66:Infinity":26,"s:68:25:68:Infinity":27,"s:70:22:125:Infinity":28,"f:70:22:70:34":3,"s:71:4:71:Infinity":29,"s:72:4:72:Infinity":30,"s:73:4:73:Infinity":31,"s:74:4:124:Infinity":32,"b:75:6:81:Infinity:undefined:undefined:undefined:undefined":10,"s:75:6:81:Infinity":33,"b:76:8:80:Infinity:undefined:undefined:undefined:undefined":11,"s:76:8:80:Infinity":34,"s:77:10:77:Infinity":35,"s:78:10:78:Infinity":36,"s:79:10:79:Infinity":37,"b:83:6:90:Infinity:undefined:undefined:undefined:undefined":12,"s:83:6:90:Infinity":38,"s:84:27:84:Infinity":39,"b:85:8:89:Infinity:undefined:undefined:undefined:undefined":13,"s:85:8:89:Infinity":40,"b:85:12:85:40:85:40:85:58:85:58:85:75":14,"s:86:10:86:Infinity":41,"s:87:10:87:Infinity":42,"s:88:10:88:Infinity":43,"b:92:6:99:Infinity:undefined:undefined:undefined:undefined":15,"s:92:6:99:Infinity":44,"s:93:26:93:Infinity":45,"b:94:8:98:Infinity:undefined:undefined:undefined:undefined":16,"s:94:8:98:Infinity":46,"b:94:12:94:39:94:39:94:56:94:56:94:73":17,"s:95:10:95:Infinity":47,"s:96:10:96:Infinity":48,"s:97:10:97:Infinity":49,"s:101:25:101:Infinity":50,"b:101:47:101:54:101:54:101:Infinity":18,"s:102:30:102:Infinity":51,"b:102:80:102:87:102:87:102:Infinity":19,"b:102:30:102:53:102:53:102:80":20,"s:103:30:103:Infinity":52,"b:103:57:103:64:103:64:103:Infinity":21,"s:104:35:104:Infinity":53,"b:104:95:104:102:104:102:104:Infinity":22,"b:104:35:104:63:104:63:104:95":23,"s:106:22:106:Infinity":54,"b:106:49:106:56:106:49:106:Infinity":24,"s:107:30:107:Infinity":55,"b:107:30:107:41:107:41:107:Infinity":25,"s:108:25:108:Infinity":56,"b:108:47:108:54:108:54:108:Infinity":26,"s:110:6:116:Infinity":57,"s:117:6:117:Infinity":58,"s:119:6:119:Infinity":59,"s:120:22:120:Infinity":60,"b:120:45:120:59:120:59:120:Infinity":27,"s:121:6:121:Infinity":61,"s:123:6:123:Infinity":62,"s:127:21:133:Infinity":63,"f:127:21:127:33":4,"b:128:4:131:Infinity:undefined:undefined:undefined:undefined":28,"s:128:4:131:Infinity":64,"b:128:8:128:54:128:54:128:90":29,"s:129:6:129:Infinity":65,"s:130:6:130:Infinity":66,"s:132:4:132:Infinity":67,"s:136:4:333:Infinity":68,"f:154:26:154:27":5,"s:154:37:154:Infinity":69,"f:156:35:156:36":6,"s:157:18:159:Infinity":70,"b:164:13:164:Infinity:165:14:168:Infinity":30,"b:187:12:215:Infinity:217:12:329:Infinity":31,"f:201:27:201:33":7,"s:201:33:201:Infinity":71,"b:212:30:212:46:212:46:212:Infinity":32,"b:223:22:223:Infinity:225:22:225:Infinity":33,"f:233:30:233:31":8,"s:234:34:234:Infinity":72,"b:235:22:237:Infinity:undefined:undefined:undefined:undefined":34,"s:235:22:237:Infinity":73,"b:235:26:235:40:235:40:235:65":35,"s:236:24:236:Infinity":74,"b:241:19:241:57:241:57:241:Infinity":36,"f:253:32:253:33":9,"s:253:43:253:Infinity":75,"f:268:30:268:31":10,"s:270:32:270:Infinity":76,"b:271:22:271:Infinity:undefined:undefined:undefined:undefined":37,"s:271:22:271:Infinity":77,"s:271:42:271:Infinity":78,"b:272:22:272:Infinity:undefined:undefined:undefined:undefined":38,"s:272:22:272:Infinity":79,"s:272:42:272:Infinity":80,"s:273:22:273:Infinity":81,"f:279:29:279:35":11,"s:279:35:279:Infinity":82,"b:285:19:285:Infinity:286:20:290:Infinity":39,"f:289:31:289:37":12,"s:289:37:289:Infinity":83,"f:300:28:300:29":13,"s:300:39:300:Infinity":84,"b:305:15:305:Infinity:306:16:310:Infinity":40,"b:324:28:324:40:324:40:324:Infinity":41,"b:326:30:326:47:326:47:326:Infinity":42,"s:336:2:336:Infinity":85}}}
,"C:\\Users\\luisd\\Desktop\\Proyectos\\Mi-Carrerita\\client\\src\\features\\academic\\components\\YearSeparatorNode.tsx": {"path":"C:\\Users\\luisd\\Desktop\\Proyectos\\Mi-Carrerita\\client\\src\\features\\academic\\components\\YearSeparatorNode.tsx","statementMap":{"0":{"start":{"line":11,"column":13},"end":{"line":20,"column":null}},"1":{"start":{"line":12,"column":2},"end":{"line":18,"column":null}},"2":{"start":{"line":20,"column":19},"end":{"line":20,"column":93}}},"fnMap":{"0":{"name":"(anonymous_0)","decl":{"start":{"line":11,"column":38},"end":{"line":11,"column":39}},"loc":{"start":{"line":11,"column":86},"end":{"line":20,"column":3}},"line":11},"1":{"name":"(anonymous_1)","decl":{"start":{"line":20,"column":3},"end":{"line":20,"column":4}},"loc":{"start":{"line":20,"column":19},"end":{"line":20,"column":93}},"line":20}},"branchMap":{"0":{"loc":{"start":{"line":20,"column":19},"end":{"line":20,"column":93}},"type":"binary-expr","locations":[{"start":{"line":20,"column":19},"end":{"line":20,"column":58}},{"start":{"line":20,"column":58},"end":{"line":20,"column":93}}],"line":20}},"s":{"0":2,"1":3,"2":0},"f":{"0":3,"1":0},"b":{"0":[0,0]},"meta":{"lastBranch":1,"lastFunction":2,"lastStatement":3,"seen":{"s:11:13:20:Infinity":0,"f:11:38:11:39":0,"s:12:2:18:Infinity":1,"f:20:3:20:4":1,"s:20:19:20:93":2,"b:20:19:20:58:20:58:20:93":0}}}
,"C:\\Users\\luisd\\Desktop\\Proyectos\\Mi-Carrerita\\client\\src\\features\\academic\\components\\useCareerGraph.ts": {"path":"C:\\Users\\luisd\\Desktop\\Proyectos\\Mi-Carrerita\\client\\src\\features\\academic\\components\\useCareerGraph.ts","statementMap":{"0":{"start":{"line":24,"column":16},"end":{"line":24,"column":null}},"1":{"start":{"line":26,"column":30},"end":{"line":397,"column":null}},"2":{"start":{"line":27,"column":39},"end":{"line":27,"column":null}},"3":{"start":{"line":28,"column":39},"end":{"line":28,"column":null}},"4":{"start":{"line":29,"column":8},"end":{"line":29,"column":null}},"5":{"start":{"line":29,"column":50},"end":{"line":29,"column":67}},"6":{"start":{"line":30,"column":8},"end":{"line":30,"column":null}},"7":{"start":{"line":30,"column":47},"end":{"line":30,"column":61}},"8":{"start":{"line":31,"column":8},"end":{"line":31,"column":null}},"9":{"start":{"line":31,"column":52},"end":{"line":31,"column":71}},"10":{"start":{"line":32,"column":8},"end":{"line":32,"column":null}},"11":{"start":{"line":33,"column":38},"end":{"line":35,"column":null}},"12":{"start":{"line":37,"column":28},"end":{"line":37,"column":null}},"13":{"start":{"line":38,"column":24},"end":{"line":38,"column":null}},"14":{"start":{"line":39,"column":42},"end":{"line":39,"column":null}},"15":{"start":{"line":40,"column":32},"end":{"line":40,"column":null}},"16":{"start":{"line":41,"column":46},"end":{"line":41,"column":null}},"17":{"start":{"line":53,"column":2},"end":{"line":53,"column":null}},"18":{"start":{"line":62,"column":2},"end":{"line":62,"column":null}},"19":{"start":{"line":64,"column":2},"end":{"line":66,"column":null}},"20":{"start":{"line":65,"column":4},"end":{"line":65,"column":null}},"21":{"start":{"line":69,"column":8},"end":{"line":136,"column":null}},"22":{"start":{"line":71,"column":6},"end":{"line":133,"column":null}},"23":{"start":{"line":72,"column":8},"end":{"line":74,"column":null}},"24":{"start":{"line":73,"column":10},"end":{"line":73,"column":null}},"25":{"start":{"line":75,"column":8},"end":{"line":75,"column":null}},"26":{"start":{"line":77,"column":32},"end":{"line":77,"column":null}},"27":{"start":{"line":79,"column":8},"end":{"line":81,"column":null}},"28":{"start":{"line":80,"column":10},"end":{"line":80,"column":null}},"29":{"start":{"line":83,"column":14},"end":{"line":83,"column":null}},"30":{"start":{"line":84,"column":28},"end":{"line":86,"column":null}},"31":{"start":{"line":85,"column":41},"end":{"line":85,"column":65}},"32":{"start":{"line":88,"column":10},"end":{"line":89,"column":null}},"33":{"start":{"line":89,"column":34},"end":{"line":89,"column":61}},"34":{"start":{"line":90,"column":26},"end":{"line":92,"column":null}},"35":{"start":{"line":91,"column":34},"end":{"line":91,"column":62}},"36":{"start":{"line":94,"column":25},"end":{"line":101,"column":null}},"37":{"start":{"line":94,"column":55},"end":{"line":101,"column":10}},"38":{"start":{"line":103,"column":33},"end":{"line":116,"column":null}},"39":{"start":{"line":103,"column":58},"end":{"line":116,"column":10}},"40":{"start":{"line":118,"column":8},"end":{"line":118,"column":null}},"41":{"start":{"line":119,"column":8},"end":{"line":119,"column":null}},"42":{"start":{"line":120,"column":8},"end":{"line":120,"column":null}},"43":{"start":{"line":121,"column":8},"end":{"line":121,"column":null}},"44":{"start":{"line":123,"column":8},"end":{"line":123,"column":null}},"45":{"start":{"line":125,"column":10},"end":{"line":127,"column":null}},"46":{"start":{"line":128,"column":8},"end":{"line":128,"column":null}},"47":{"start":{"line":130,"column":8},"end":{"line":132,"column":null}},"48":{"start":{"line":131,"column":10},"end":{"line":131,"column":null}},"49":{"start":{"line":138,"column":2},"end":{"line":140,"column":null}},"50":{"start":{"line":139,"column":4},"end":{"line":139,"column":null}},"51":{"start":{"line":142,"column":8},"end":{"line":152,"column":null}},"52":{"start":{"line":143,"column":4},"end":{"line":145,"column":null}},"53":{"start":{"line":144,"column":6},"end":{"line":144,"column":null}},"54":{"start":{"line":146,"column":25},"end":{"line":149,"column":null}},"55":{"start":{"line":148,"column":8},"end":{"line":148,"column":null}},"56":{"start":{"line":150,"column":10},"end":{"line":150,"column":null}},"57":{"start":{"line":151,"column":4},"end":{"line":151,"column":null}},"58":{"start":{"line":154,"column":8},"end":{"line":157,"column":null}},"59":{"start":{"line":155,"column":10},"end":{"line":155,"column":null}},"60":{"start":{"line":155,"column":44},"end":{"line":155,"column":65}},"61":{"start":{"line":164,"column":30},"end":{"line":175,"column":null}},"62":{"start":{"line":165,"column":22},"end":{"line":165,"column":null}},"63":{"start":{"line":166,"column":21},"end":{"line":166,"column":null}},"64":{"start":{"line":167,"column":4},"end":{"line":173,"column":null}},"65":{"start":{"line":169,"column":6},"end":{"line":169,"column":null}},"66":{"start":{"line":169,"column":38},"end":{"line":169,"column":null}},"67":{"start":{"line":170,"column":6},"end":{"line":170,"column":null}},"68":{"start":{"line":171,"column":6},"end":{"line":171,"column":null}},"69":{"start":{"line":171,"column":39},"end":{"line":171,"column":null}},"70":{"start":{"line":172,"column":6},"end":{"line":172,"column":null}},"71":{"start":{"line":174,"column":4},"end":{"line":174,"column":null}},"72":{"start":{"line":183,"column":8},"end":{"line":218,"column":null}},"73":{"start":{"line":184,"column":4},"end":{"line":184,"column":null}},"74":{"start":{"line":184,"column":27},"end":{"line":184,"column":null}},"75":{"start":{"line":187,"column":22},"end":{"line":187,"column":null}},"76":{"start":{"line":188,"column":18},"end":{"line":188,"column":null}},"77":{"start":{"line":189,"column":4},"end":{"line":195,"column":null}},"78":{"start":{"line":190,"column":17},"end":{"line":190,"column":null}},"79":{"start":{"line":191,"column":6},"end":{"line":194,"column":null}},"80":{"start":{"line":192,"column":8},"end":{"line":192,"column":null}},"81":{"start":{"line":193,"column":8},"end":{"line":193,"column":null}},"82":{"start":{"line":193,"column":58},"end":{"line":193,"column":73}},"83":{"start":{"line":198,"column":24},"end":{"line":198,"column":null}},"84":{"start":{"line":199,"column":27},"end":{"line":199,"column":null}},"85":{"start":{"line":202,"column":29},"end":{"line":202,"column":null}},"86":{"start":{"line":204,"column":4},"end":{"line":215,"column":null}},"87":{"start":{"line":205,"column":22},"end":{"line":205,"column":null}},"88":{"start":{"line":206,"column":26},"end":{"line":206,"column":null}},"89":{"start":{"line":208,"column":6},"end":{"line":214,"column":null}},"90":{"start":{"line":210,"column":8},"end":{"line":210,"column":null}},"91":{"start":{"line":211,"column":6},"end":{"line":214,"column":null}},"92":{"start":{"line":213,"column":8},"end":{"line":213,"column":null}},"93":{"start":{"line":217,"column":4},"end":{"line":217,"column":null}},"94":{"start":{"line":221,"column":8},"end":{"line":223,"column":null}},"95":{"start":{"line":222,"column":4},"end":{"line":222,"column":null}},"96":{"start":{"line":226,"column":2},"end":{"line":270,"column":null}},"97":{"start":{"line":227,"column":4},"end":{"line":269,"column":null}},"98":{"start":{"line":228,"column":20},"end":{"line":228,"column":null}},"99":{"start":{"line":229,"column":24},"end":{"line":267,"column":null}},"100":{"start":{"line":230,"column":25},"end":{"line":230,"column":null}},"101":{"start":{"line":231,"column":8},"end":{"line":231,"column":null}},"102":{"start":{"line":231,"column":22},"end":{"line":231,"column":null}},"103":{"start":{"line":233,"column":27},"end":{"line":233,"column":null}},"104":{"start":{"line":234,"column":34},"end":{"line":234,"column":null}},"105":{"start":{"line":235,"column":26},"end":{"line":235,"column":null}},"106":{"start":{"line":236,"column":31},"end":{"line":236,"column":null}},"107":{"start":{"line":237,"column":29},"end":{"line":237,"column":null}},"108":{"start":{"line":238,"column":32},"end":{"line":238,"column":null}},"109":{"start":{"line":239,"column":30},"end":{"line":239,"column":null}},"110":{"start":{"line":241,"column":8},"end":{"line":251,"column":null}},"111":{"start":{"line":250,"column":10},"end":{"line":250,"column":null}},"112":{"start":{"line":253,"column":8},"end":{"line":253,"column":null}},"113":{"start":{"line":254,"column":8},"end":{"line":266,"column":null}},"114":{"start":{"line":268,"column":6},"end":{"line":268,"column":null}},"115":{"start":{"line":273,"column":2},"end":{"line":319,"column":null}},"116":{"start":{"line":274,"column":4},"end":{"line":318,"column":null}},"117":{"start":{"line":275,"column":20},"end":{"line":275,"column":null}},"118":{"start":{"line":276,"column":24},"end":{"line":316,"column":null}},"119":{"start":{"line":277,"column":24},"end":{"line":277,"column":null}},"120":{"start":{"line":278,"column":27},"end":{"line":278,"column":null}},"121":{"start":{"line":279,"column":30},"end":{"line":279,"column":null}},"122":{"start":{"line":280,"column":26},"end":{"line":280,"column":null}},"123":{"start":{"line":282,"column":8},"end":{"line":287,"column":null}},"124":{"start":{"line":286,"column":10},"end":{"line":286,"column":null}},"125":{"start":{"line":289,"column":8},"end":{"line":289,"column":null}},"126":{"start":{"line":290,"column":26},"end":{"line":294,"column":null}},"127":{"start":{"line":296,"column":8},"end":{"line":315,"column":null}},"128":{"start":{"line":317,"column":6},"end":{"line":317,"column":null}},"129":{"start":{"line":321,"column":8},"end":{"line":324,"column":null}},"130":{"start":{"line":322,"column":4},"end":{"line":322,"column":null}},"131":{"start":{"line":327,"column":8},"end":{"line":366,"column":null}},"132":{"start":{"line":335,"column":6},"end":{"line":335,"column":null}},"133":{"start":{"line":335,"column":26},"end":{"line":335,"column":null}},"134":{"start":{"line":336,"column":23},"end":{"line":345,"column":null}},"135":{"start":{"line":347,"column":6},"end":{"line":358,"column":null}},"136":{"start":{"line":348,"column":26},"end":{"line":348,"column":null}},"137":{"start":{"line":348,"column":60},"end":{"line":348,"column":64}},"138":{"start":{"line":349,"column":18},"end":{"line":349,"column":null}},"139":{"start":{"line":350,"column":8},"end":{"line":356,"column":null}},"140":{"start":{"line":351,"column":10},"end":{"line":355,"column":null}},"141":{"start":{"line":352,"column":12},"end":{"line":352,"column":null}},"142":{"start":{"line":353,"column":10},"end":{"line":355,"column":null}},"143":{"start":{"line":354,"column":12},"end":{"line":354,"column":null}},"144":{"start":{"line":357,"column":8},"end":{"line":357,"column":null}},"145":{"start":{"line":360,"column":6},"end":{"line":360,"column":null}},"146":{"start":{"line":361,"column":6},"end":{"line":361,"column":null}},"147":{"start":{"line":362,"column":6},"end":{"line":362,"column":null}},"148":{"start":{"line":362,"column":23},"end":{"line":362,"column":48}},"149":{"start":{"line":363,"column":6},"end":{"line":363,"column":null}},"150":{"start":{"line":368,"column":2},"end":{"line":396,"column":null}}},"fnMap":{"0":{"name":"(anonymous_0)","decl":{"start":{"line":26,"column":30},"end":{"line":26,"column":36}},"loc":{"start":{"line":26,"column":36},"end":{"line":397,"column":null}},"line":26},"1":{"name":"(anonymous_1)","decl":{"start":{"line":29,"column":39},"end":{"line":29,"column":40}},"loc":{"start":{"line":29,"column":50},"end":{"line":29,"column":67}},"line":29},"2":{"name":"(anonymous_2)","decl":{"start":{"line":30,"column":36},"end":{"line":30,"column":37}},"loc":{"start":{"line":30,"column":47},"end":{"line":30,"column":61}},"line":30},"3":{"name":"(anonymous_3)","decl":{"start":{"line":31,"column":41},"end":{"line":31,"column":42}},"loc":{"start":{"line":31,"column":52},"end":{"line":31,"column":71}},"line":31},"4":{"name":"(anonymous_4)","decl":{"start":{"line":64,"column":12},"end":{"line":64,"column":18}},"loc":{"start":{"line":64,"column":18},"end":{"line":66,"column":5}},"line":64},"5":{"name":"(anonymous_5)","decl":{"start":{"line":70,"column":4},"end":{"line":70,"column":11}},"loc":{"start":{"line":70,"column":72},"end":{"line":134,"column":null}},"line":70},"6":{"name":"(anonymous_6)","decl":{"start":{"line":85,"column":31},"end":{"line":85,"column":32}},"loc":{"start":{"line":85,"column":41},"end":{"line":85,"column":65}},"line":85},"7":{"name":"(anonymous_7)","decl":{"start":{"line":89,"column":21},"end":{"line":89,"column":22}},"loc":{"start":{"line":89,"column":34},"end":{"line":89,"column":61}},"line":89},"8":{"name":"(anonymous_8)","decl":{"start":{"line":91,"column":21},"end":{"line":91,"column":22}},"loc":{"start":{"line":91,"column":34},"end":{"line":91,"column":62}},"line":91},"9":{"name":"(anonymous_9)","decl":{"start":{"line":94,"column":34},"end":{"line":94,"column":35}},"loc":{"start":{"line":94,"column":55},"end":{"line":101,"column":10}},"line":94},"10":{"name":"(anonymous_10)","decl":{"start":{"line":103,"column":47},"end":{"line":103,"column":48}},"loc":{"start":{"line":103,"column":58},"end":{"line":116,"column":10}},"line":103},"11":{"name":"(anonymous_11)","decl":{"start":{"line":138,"column":12},"end":{"line":138,"column":18}},"loc":{"start":{"line":138,"column":18},"end":{"line":140,"column":5}},"line":138},"12":{"name":"(anonymous_12)","decl":{"start":{"line":142,"column":31},"end":{"line":142,"column":37}},"loc":{"start":{"line":142,"column":37},"end":{"line":152,"column":5}},"line":142},"13":{"name":"(anonymous_13)","decl":{"start":{"line":147,"column":6},"end":{"line":147,"column":7}},"loc":{"start":{"line":148,"column":8},"end":{"line":148,"column":null}},"line":148},"14":{"name":"(anonymous_14)","decl":{"start":{"line":155,"column":4},"end":{"line":155,"column":10}},"loc":{"start":{"line":155,"column":10},"end":{"line":155,"column":null}},"line":155},"15":{"name":"(anonymous_15)","decl":{"start":{"line":155,"column":31},"end":{"line":155,"column":32}},"loc":{"start":{"line":155,"column":44},"end":{"line":155,"column":65}},"line":155},"16":{"name":"(anonymous_16)","decl":{"start":{"line":164,"column":42},"end":{"line":164,"column":48}},"loc":{"start":{"line":164,"column":48},"end":{"line":175,"column":5}},"line":164},"17":{"name":"(anonymous_17)","decl":{"start":{"line":183,"column":33},"end":{"line":183,"column":39}},"loc":{"start":{"line":183,"column":39},"end":{"line":218,"column":5}},"line":183},"18":{"name":"(anonymous_18)","decl":{"start":{"line":193,"column":49},"end":{"line":193,"column":50}},"loc":{"start":{"line":193,"column":58},"end":{"line":193,"column":73}},"line":193},"19":{"name":"(anonymous_19)","decl":{"start":{"line":204,"column":29},"end":{"line":204,"column":30}},"loc":{"start":{"line":204,"column":46},"end":{"line":215,"column":5}},"line":204},"20":{"name":"(anonymous_20)","decl":{"start":{"line":221,"column":38},"end":{"line":221,"column":39}},"loc":{"start":{"line":221,"column":68},"end":{"line":223,"column":5}},"line":221},"21":{"name":"(anonymous_21)","decl":{"start":{"line":226,"column":12},"end":{"line":226,"column":18}},"loc":{"start":{"line":226,"column":18},"end":{"line":270,"column":5}},"line":226},"22":{"name":"(anonymous_22)","decl":{"start":{"line":227,"column":13},"end":{"line":227,"column":14}},"loc":{"start":{"line":227,"column":22},"end":{"line":269,"column":5}},"line":227},"23":{"name":"(anonymous_23)","decl":{"start":{"line":229,"column":32},"end":{"line":229,"column":33}},"loc":{"start":{"line":229,"column":42},"end":{"line":267,"column":7}},"line":229},"24":{"name":"(anonymous_24)","decl":{"start":{"line":273,"column":12},"end":{"line":273,"column":18}},"loc":{"start":{"line":273,"column":18},"end":{"line":319,"column":5}},"line":273},"25":{"name":"(anonymous_25)","decl":{"start":{"line":274,"column":13},"end":{"line":274,"column":14}},"loc":{"start":{"line":274,"column":22},"end":{"line":318,"column":5}},"line":274},"26":{"name":"(anonymous_26)","decl":{"start":{"line":276,"column":32},"end":{"line":276,"column":33}},"loc":{"start":{"line":276,"column":42},"end":{"line":316,"column":7}},"line":276},"27":{"name":"(anonymous_27)","decl":{"start":{"line":322,"column":4},"end":{"line":322,"column":10}},"loc":{"start":{"line":322,"column":4},"end":{"line":322,"column":null}},"line":322},"28":{"name":"(anonymous_28)","decl":{"start":{"line":328,"column":4},"end":{"line":328,"column":11}},"loc":{"sta
[...]
,"C:\\Users\\luisd\\Desktop\\Proyectos\\Mi-Carrerita\\client\\src\\shared\\types\\academic.ts": {"path":"C:\\Users\\luisd\\Desktop\\Proyectos\\Mi-Carrerita\\client\\src\\shared\\types\\academic.ts","statementMap":{"0":{"start":{"line":1,"column":29},"end":{"line":9,"column":null}},"1":{"start":{"line":13,"column":38},"end":{"line":16,"column":null}}},"fnMap":{},"branchMap":{},"s":{"0":8,"1":8},"f":{},"b":{},"meta":{"lastBranch":0,"lastFunction":0,"lastStatement":2,"seen":{"s:1:29:9:Infinity":0,"s:13:38:16:Infinity":1}}}
,"C:\\Users\\luisd\\Desktop\\Proyectos\\Mi-Carrerita\\client\\src\\shared\\ui\\RetroButton.tsx": {"path":"C:\\Users\\luisd\\Desktop\\Proyectos\\Mi-Carrerita\\client\\src\\shared\\ui\\RetroButton.tsx","statementMap":{"0":{"start":{"line":11,"column":22},"end":{"line":16,"column":null}},"1":{"start":{"line":18,"column":19},"end":{"line":22,"column":null}},"2":{"start":{"line":24,"column":27},"end":{"line":52,"column":null}},"3":{"start":{"line":33,"column":2},"end":{"line":50,"column":null}}},"fnMap":{"0":{"name":"(anonymous_0)","decl":{"start":{"line":24,"column":27},"end":{"line":24,"column":28}},"loc":{"start":{"line":32,"column":24},"end":{"line":52,"column":null}},"line":32}},"branchMap":{"0":{"loc":{"start":{"line":26,"column":2},"end":{"line":26,"column":null}},"type":"default-arg","locations":[{"start":{"line":26,"column":12},"end":{"line":26,"column":null}}],"line":26},"1":{"loc":{"start":{"line":27,"column":2},"end":{"line":27,"column":null}},"type":"default-arg","locations":[{"start":{"line":27,"column":9},"end":{"line":27,"column":null}}],"line":27},"2":{"loc":{"start":{"line":28,"column":2},"end":{"line":28,"column":null}},"type":"default-arg","locations":[{"start":{"line":28,"column":14},"end":{"line":28,"column":null}}],"line":28},"3":{"loc":{"start":{"line":41,"column":8},"end":{"line":41,"column":null}},"type":"binary-expr","locations":[{"start":{"line":41,"column":8},"end":{"line":41,"column":21}},{"start":{"line":41,"column":21},"end":{"line":41,"column":null}}],"line":41}},"s":{"0":2,"1":2,"2":2,"3":41},"f":{"0":41},"b":{"0":[41],"1":[41],"2":[41],"3":[41,41]},"meta":{"lastBranch":4,"lastFunction":1,"lastStatement":4,"seen":{"s:11:22:16:Infinity":0,"s:18:19:22:Infinity":1,"s:24:27:52:Infinity":2,"f:24:27:24:28":0,"b:26:12:26:Infinity":0,"b:27:9:27:Infinity":1,"b:28:14:28:Infinity":2,"s:33:2:50:Infinity":3,"b:41:8:41:21:41:21:41:Infinity":3}}}
,"C:\\Users\\luisd\\Desktop\\Proyectos\\Mi-Carrerita\\client\\src\\shared\\ui\\RetroCalendar.tsx": {"path":"C:\\Users\\luisd\\Desktop\\Proyectos\\Mi-Carrerita\\client\\src\\shared\\ui\\RetroCalendar.tsx","statementMap":{"0":{"start":{"line":16,"column":29},"end":{"line":193,"column":null}},"1":{"start":{"line":17,"column":36},"end":{"line":17,"column":null}},"2":{"start":{"line":18,"column":36},"end":{"line":18,"column":null}},"3":{"start":{"line":19,"column":34},"end":{"line":19,"column":null}},"4":{"start":{"line":20,"column":8},"end":{"line":20,"column":null}},"5":{"start":{"line":21,"column":8},"end":{"line":21,"column":null}},"6":{"start":{"line":24,"column":2},"end":{"line":33,"column":null}},"7":{"start":{"line":25,"column":4},"end":{"line":25,"column":null}},"8":{"start":{"line":25,"column":30},"end":{"line":25,"column":null}},"9":{"start":{"line":26,"column":17},"end":{"line":26,"column":null}},"10":{"start":{"line":27,"column":27},"end":{"line":27,"column":null}},"11":{"start":{"line":28,"column":4},"end":{"line":32,"column":null}},"12":{"start":{"line":29,"column":6},"end":{"line":29,"column":null}},"13":{"start":{"line":31,"column":6},"end":{"line":31,"column":null}},"14":{"start":{"line":36,"column":2},"end":{"line":42,"column":null}},"15":{"start":{"line":37,"column":4},"end":{"line":41,"column":null}},"16":{"start":{"line":38,"column":33},"end":{"line":38,"column":null}},"17":{"start":{"line":39,"column":6},"end":{"line":39,"column":null}},"18":{"start":{"line":40,"column":6},"end":{"line":40,"column":null}},"19":{"start":{"line":45,"column":15},"end":{"line":45,"column":null}},"20":{"start":{"line":46,"column":16},"end":{"line":46,"column":null}},"21":{"start":{"line":47,"column":20},"end":{"line":47,"column":null}},"22":{"start":{"line":48,"column":26},"end":{"line":48,"column":null}},"23":{"start":{"line":49,"column":22},"end":{"line":49,"column":null}},"24":{"start":{"line":53,"column":27},"end":{"line":53,"column":null}},"25":{"start":{"line":54,"column":21},"end":{"line":54,"column":null}},"26":{"start":{"line":55,"column":23},"end":{"line":59,"column":null}},"27":{"start":{"line":56,"column":4},"end":{"line":56,"column":null}},"28":{"start":{"line":56,"column":30},"end":{"line":56,"column":null}},"29":{"start":{"line":57,"column":16},"end":{"line":57,"column":null}},"30":{"start":{"line":58,"column":4},"end":{"line":58,"column":null}},"31":{"start":{"line":61,"column":26},"end":{"line":64,"column":null}},"32":{"start":{"line":62,"column":4},"end":{"line":62,"column":null}},"33":{"start":{"line":63,"column":4},"end":{"line":63,"column":null}},"34":{"start":{"line":66,"column":26},"end":{"line":69,"column":null}},"35":{"start":{"line":67,"column":4},"end":{"line":67,"column":null}},"36":{"start":{"line":68,"column":4},"end":{"line":68,"column":null}},"37":{"start":{"line":71,"column":27},"end":{"line":75,"column":null}},"38":{"start":{"line":72,"column":25},"end":{"line":72,"column":null}},"39":{"start":{"line":73,"column":4},"end":{"line":73,"column":null}},"40":{"start":{"line":74,"column":4},"end":{"line":74,"column":null}},"41":{"start":{"line":77,"column":25},"end":{"line":83,"column":null}},"42":{"start":{"line":78,"column":4},"end":{"line":78,"column":null}},"43":{"start":{"line":80,"column":26},"end":{"line":80,"column":null}},"44":{"start":{"line":81,"column":4},"end":{"line":81,"column":null}},"45":{"start":{"line":82,"column":4},"end":{"line":82,"column":null}},"46":{"start":{"line":85,"column":22},"end":{"line":89,"column":null}},"47":{"start":{"line":86,"column":18},"end":{"line":86,"column":null}},"48":{"start":{"line":87,"column":4},"end":{"line":87,"column":null}},"49":{"start":{"line":88,"column":4},"end":{"line":88,"column":null}},"50":{"start":{"line":92,"column":19},"end":{"line":92,"column":null}},"51":{"start":{"line":94,"column":2},"end":{"line":191,"column":null}},"52":{"start":{"line":133,"column":52},"end":{"line":133,"column":75}},"53":{"start":{"line":134,"column":12},"end":{"line":136,"column":null}},"54":{"start":{"line":144,"column":10},"end":{"line":149,"column":null}},"55":{"start":{"line":156,"column":10},"end":{"line":172,"column":null}},"56":{"start":{"line":158,"column":27},"end":{"line":158,"column":null}}},"fnMap":{"0":{"name":"(anonymous_0)","decl":{"start":{"line":16,"column":29},"end":{"line":16,"column":30}},"loc":{"start":{"line":16,"column":83},"end":{"line":193,"column":null}},"line":16},"1":{"name":"(anonymous_1)","decl":{"start":{"line":24,"column":18},"end":{"line":24,"column":24}},"loc":{"start":{"line":24,"column":24},"end":{"line":33,"column":5}},"line":24},"2":{"name":"(anonymous_2)","decl":{"start":{"line":36,"column":12},"end":{"line":36,"column":18}},"loc":{"start":{"line":36,"column":18},"end":{"line":42,"column":5}},"line":36},"3":{"name":"(anonymous_3)","decl":{"start":{"line":55,"column":58},"end":{"line":55,"column":59}},"loc":{"start":{"line":55,"column":68},"end":{"line":59,"column":3}},"line":55},"4":{"name":"(anonymous_4)","decl":{"start":{"line":61,"column":26},"end":{"line":61,"column":32}},"loc":{"start":{"line":61,"column":32},"end":{"line":64,"column":null}},"line":61},"5":{"name":"(anonymous_5)","decl":{"start":{"line":66,"column":26},"end":{"line":66,"column":32}},"loc":{"start":{"line":66,"column":32},"end":{"line":69,"column":null}},"line":66},"6":{"name":"(anonymous_6)","decl":{"start":{"line":71,"column":27},"end":{"line":71,"column":28}},"loc":{"start":{"line":71,"column":70},"end":{"line":75,"column":null}},"line":71},"7":{"name":"(anonymous_7)","decl":{"start":{"line":77,"column":25},"end":{"line":77,"column":26}},"loc":{"start":{"line":77,"column":42},"end":{"line":83,"column":null}},"line":77},"8":{"name":"(anonymous_8)","decl":{"start":{"line":85,"column":22},"end":{"line":85,"column":28}},"loc":{"start":{"line":85,"column":28},"end":{"line":89,"column":null}},"line":85},"9":{"name":"(anonymous_9)","decl":{"start":{"line":133,"column":38},"end":{"line":133,"column":39}},"loc":{"start":{"line":133,"column":52},"end":{"line":133,"column":75}},"line":133},"10":{"name":"(anonymous_10)","decl":{"start":{"line":133,"column":81},"end":{"line":133,"column":82}},"loc":{"start":{"line":134,"column":12},"end":{"line":136,"column":null}},"line":134},"11":{"name":"(anonymous_11)","decl":{"start":{"line":143,"column":22},"end":{"line":143,"column":23}},"loc":{"start":{"line":144,"column":10},"end":{"line":149,"column":null}},"line":144},"12":{"name":"(anonymous_12)","decl":{"start":{"line":155,"column":26},"end":{"line":155,"column":27}},"loc":{"start":{"line":156,"column":10},"end":{"line":172,"column":null}},"line":156},"13":{"name":"(anonymous_13)","decl":{"start":{"line":158,"column":21},"end":{"line":158,"column":27}},"loc":{"start":{"line":158,"column":27},"end":{"line":158,"column":null}},"line":158}},"branchMap":{"0":{"loc":{"start":{"line":25,"column":4},"end":{"line":25,"column":null}},"type":"if","locations":[{"start":{"line":25,"column":4},"end":{"line":25,"column":null}},{"start":{},"end":{}}],"line":25},"1":{"loc":{"start":{"line":28,"column":4},"end":{"line":32,"column":null}},"type":"if","locations":[{"start":{"line":28,"column":4},"end":{"line":32,"column":null}},{"start":{"line":30,"column":11},"end":{"line":32,"column":null}}],"line":28},"2":{"loc":{"start":{"line":37,"column":4},"end":{"line":41,"column":null}},"type":"if","locations":[{"start":{"line":37,"column":4},"end":{"line":41,"column":null}},{"start":{},"end":{}}],"line":37},"3":{"loc":{"start":{"line":37,"column":8},"end":{"line":37,"column":54}},"type":"binary-expr","locations":[{"start":{"line":37,"column":8},"end":{"line":37,"column":17}},{"start":{"line":37,"column":17},"end":{"line":37,"column":54}}],"line":37},"4":{"loc":{"start":{"line":53,"column":27},"end":{"line":53,"column":null}},"type":"cond-expr","locations":[{"start":{"line":53,"column":51},"end":{"line":53,"column":55}},{"start":{"line":53,"column":55},"end":{"line":53,"column":null}}],"line":53},"5":{"loc":{"start":{"line":56,"column":4},"end":{"line":56,"column":null}},"type":"if","locations":[{"start":{"line":56,"column":4},"end":{"line":56,"column":null}},{"start":{},"end":{}}],"line":56},"6":{"loc":{"start":{"line":58,"column":11},"end":{"line":58,"column":null}},"type":"cond-expr","locations":[{"start":{"line":58,"column":31},"end":{"line":58,"column":38}},{"start":{"line":58,"column":38},"end":{"line":58,"column":null}}],"line":58},"7":{"loc":{"start":{"line":99,"column":8},"end":{"line":99,"column":null}},"type":"cond-expr","locations":[{"start":{"line":99,"column":21},"end":{"line":99,"column":42}},{"start":{"line":99,"column":42},"end":{"line":99,"column":null}}],"line":99},"8":{"loc":{"start":{"line":158,"column":27},"end":{"line":158,"column":null}},"type":"binary-expr","locations":[{"start":{"line":158,"column":27},"end":{"line":158,"column":34}},{"start":{"line":158,"column":34},"end":{"line":158,"column":null}}],"line":158},"9":{"loc":{"start":{"line":164,"column":14},"end":{"line":168,"column":null}},"type":"cond-expr","locations":[{"start":{"line":165,"column":18},"end":{"line":165,"column":null}},{"start":{"line":166,"column":18},"end":{"line":168,"column":null}}],"line":164},"10":{"loc":{"start":{"line":166,"column":18},"end":{"line":168,"column":null}},"type":"cond-expr","locations":[{"start":{"line":167,"column":20},"end":{"line":167,"column":null}},{"start":{"line":168,"column":20},"end":{"line":168,"column":null}}],"line":166}},"s":{"0":3,"1":32,"2":32,"3":32,"4":32,"5":32,"6":32,"7":13,"8":0,"9":13,"10":13,"11":13,"12":0,"13":13,"14":32,"15":13,"16":7,"17":7,"18":7,"19":32,"20":32,"21":32,"22":32,"23":32,"24":32,"25":32,"26":32,"27":1344,"28":154,"29":1190,"30":1190,"31":32,"32":1,"33":1,"34":32,"35":1,"36":1,"37":32,"38":1,"39":1,"40":1,"41":32,"42":2,"43":2,"44":2,"45":2,"46":32,"47":1,"48":1,"49":1,"50":32,"51":32,"52":2240,"53":2240,"54":224,"55":1344,"56":1},"f":{"0":32,"1":13,"2":13,"3":1344,"4":1,"5":1,"6":1,"7":2,"8":1,"9":2240,"10":2240,"11":224,"12":1344,"13":1},"b":{"0":[0,13],"1":[0,13],"2":[7,6],"3":[13,7],"4":[18,14],"5":[154,1190],"6":[260,930],"7":[0,32],"8":[1,1],"9":[237,1107],"10":[914,193]},"meta":{"lastBranch":11,"lastFunction":14,"lastStatement":57,"seen":{"s:16:29:193:Infinity":0,"f:16:29:16:30":0,"s:17:36:17:Infinity":1,"s:18:36:18:Infinity":2,"s:19:34:19:Infinity":3,"s:20:8:20:Infinity":4,"s:21:8:21:Infinity":5,"s:24:2:33:Infinity":6,"f:24:18:24:24":1,"b:25:4:25:Infinity:undefined:undefined:undefined:undefined":0,"s:25:4:25:Infinity":7,"s:25:30:25:Infinity":8,"s:26:17:26:Infinity":9,"s:27:27:27:Infinity":10,"b:28:4:32:Infinity:30:11:32:Infinity":1,"s:28:4:32:Infinity":11,"s:29:6:29:Infinity":12,"s:31:6:31:Infinity":13,"s:36:2:42:Infinity":14,"f:36:12:36:18":2,"b:37:4:41:Infinity:undefined:undefined:undefined:undefined":2,"s:37:4:41:Infinity":15,"b:37:8:37:17:37:17:37:54":3,"s:38:33:38:Infinity":16,"s:39:6:39:Infinity":17,"s:40:6:40:Infinity":18,"s:45:15:45:Infinity":19,"s:46:16:46:Infinity":20,"s:47:20:47:Infinity":21,"s:48:26:48:Infinity":22,"s:49:22:49:Infinity":23,"s:53:27:53:Infinity":24,"b:53:51:53:55:53:55:53:Infinity":4,"s:54:21:54:Infinity":25,"s:55:23:59:Infinity":26,"f:55:58:55:59":3,"b:56:4:56:Infinity:undefined:undefined:undefined:undefined":5,"s:56:4:56:Infinity":27,"s:56:30:56:Infinity":28,"s:57:16:57:Infinity":29,"s:58:4:58:Infinity":30,"b:58:31:58:38:58:38:58:Infinity":6,"s:61:26:64:Infinity":31,"f:61:26:61:32":4,"s:62:4:62:Infinity":32,"s:63:4:63:Infinity":33,"s:66:26:69:Infinity":34,"f:66:26:66:32":5,"s:67:4:67:Infinity":35,"s:68:4:68:Infinity":36,"s:71:27:75:Infinity":37,"f:71:27:71:28":6,"s:72:25:72:Infinity":38,"s:73:4:73:Infinity":39,"s:74:4:74:Infinity":40,"s:77:25:83:Infinity":41,"f:77:25:77:26":7,"s:78:4:78:Infinity":42,"s:80:26:80:Infinity":43,"s:81:4:81:Infinity":44,"s:82:4:82:Infinity":45,"s:85:22:89:Infinity":46,"f:85:22:85:28":8,"s:86:18:86:Infinity":47,"s:87:4:87:Infinity":48,"s:88:4:88:Infinity":49,"s:92:19:92:Infinity":50,"s:94:2:191:Infinity":51,"b:99:21:99:42:99:42:99:Infinity":7,"f:133:38:133:39":9,"s:133:52:133:75":52,"f:133:81:133:82":10,"s:134:12:136:Infinity":53,"f:143:22:143:23":11,"s:144:10:149:Infinity":54,"f:155:26:155:27":12,"s:156:10:172:Infinity":55,"f:158:21:158:27":13,"s:158:27:158:Infinity":56,"b:158:27:158:34:158:34:158:Infinity":8,"b:165:18:165:Infinity:166:18:168:Infinity":9,"b:167:20:167:Infinity:168:20:168:Infinity":10}}}
,"C:\\Users\\luisd\\Desktop\\Proyectos\\Mi-Carrerita\\client\\src\\shared\\ui\\RetroComponents.tsx": {"path":"C:\\Users\\luisd\\Desktop\\Proyectos\\Mi-Carrerita\\client\\src\\shared\\ui\\RetroComponents.tsx","statementMap":{"0":{"start":{"line":11,"column":25},"end":{"line":40,"column":null}},"1":{"start":{"line":17,"column":19},"end":{"line":21,"column":null}},"2":{"start":{"line":23,"column":2},"end":{"line":38,"column":null}},"3":{"start":{"line":42,"column":28},"end":{"line":73,"column":null}},"4":{"start":{"line":43,"column":2},"end":{"line":71,"column":null}},"5":{"start":{"line":81,"column":26},"end":{"line":116,"column":null}},"6":{"start":{"line":86,"column":2},"end":{"line":114,"column":null}},"7":{"start":{"line":124,"column":26},"end":{"line":151,"column":null}},"8":{"start":{"line":129,"column":19},"end":{"line":135,"column":null}},"9":{"start":{"line":137,"column":2},"end":{"line":149,"column":null}}},"fnMap":{"0":{"name":"(anonymous_0)","decl":{"start":{"line":11,"column":25},"end":{"line":11,"column":26}},"loc":{"start":{"line":16,"column":22},"end":{"line":40,"column":null}},"line":16},"1":{"name":"(anonymous_1)","decl":{"start":{"line":42,"column":28},"end":{"line":42,"column":29}},"loc":{"start":{"line":42,"column":83},"end":{"line":73,"column":null}},"line":42},"2":{"name":"(anonymous_2)","decl":{"start":{"line":81,"column":26},"end":{"line":81,"column":27}},"loc":{"start":{"line":85,"column":23},"end":{"line":116,"column":null}},"line":85},"3":{"name":"(anonymous_3)","decl":{"start":{"line":124,"column":26},"end":{"line":124,"column":27}},"loc":{"start":{"line":128,"column":23},"end":{"line":151,"column":null}},"line":128}},"branchMap":{"0":{"loc":{"start":{"line":14,"column":2},"end":{"line":14,"column":null}},"type":"default-arg","locations":[{"start":{"line":14,"column":12},"end":{"line":14,"column":null}}],"line":14},"1":{"loc":{"start":{"line":15,"column":2},"end":{"line":15,"column":null}},"type":"default-arg","locations":[{"start":{"line":15,"column":9},"end":{"line":15,"column":null}}],"line":15},"2":{"loc":{"start":{"line":28,"column":8},"end":{"line":28,"column":null}},"type":"binary-expr","locations":[{"start":{"line":28,"column":8},"end":{"line":28,"column":16}},{"start":{"line":28,"column":16},"end":{"line":28,"column":null}}],"line":28},"3":{"loc":{"start":{"line":42,"column":31},"end":{"line":42,"column":55}},"type":"default-arg","locations":[{"start":{"line":42,"column":41},"end":{"line":42,"column":55}}],"line":42},"4":{"loc":{"start":{"line":82,"column":2},"end":{"line":82,"column":null}},"type":"default-arg","locations":[{"start":{"line":82,"column":10},"end":{"line":82,"column":null}}],"line":82},"5":{"loc":{"start":{"line":101,"column":7},"end":{"line":110,"column":null}},"type":"binary-expr","locations":[{"start":{"line":101,"column":7},"end":{"line":101,"column":null}},{"start":{"line":102,"column":8},"end":{"line":110,"column":null}}],"line":101},"6":{"loc":{"start":{"line":126,"column":2},"end":{"line":126,"column":null}},"type":"default-arg","locations":[{"start":{"line":126,"column":12},"end":{"line":126,"column":null}}],"line":126}},"s":{"0":3,"1":6,"2":6,"3":3,"4":3,"5":3,"6":6,"7":3,"8":7,"9":7},"f":{"0":6,"1":3,"2":6,"3":7},"b":{"0":[6],"1":[6],"2":[6,1],"3":[3],"4":[6],"5":[6,2],"6":[7]},"meta":{"lastBranch":7,"lastFunction":4,"lastStatement":10,"seen":{"s:11:25:40:Infinity":0,"f:11:25:11:26":0,"b:14:12:14:Infinity":0,"b:15:9:15:Infinity":1,"s:17:19:21:Infinity":1,"s:23:2:38:Infinity":2,"b:28:8:28:16:28:16:28:Infinity":2,"s:42:28:73:Infinity":3,"f:42:28:42:29":1,"b:42:41:42:55":3,"s:43:2:71:Infinity":4,"s:81:26:116:Infinity":5,"f:81:26:81:27":2,"b:82:10:82:Infinity":4,"s:86:2:114:Infinity":6,"b:101:7:101:Infinity:102:8:110:Infinity":5,"s:124:26:151:Infinity":7,"f:124:26:124:27":3,"b:126:12:126:Infinity":6,"s:129:19:135:Infinity":8,"s:137:2:149:Infinity":9}}}
,"C:\\Users\\luisd\\Desktop\\Proyectos\\Mi-Carrerita\\client\\src\\shared\\ui\\index.ts": {"path":"C:\\Users\\luisd\\Desktop\\Proyectos\\Mi-Carrerita\\client\\src\\shared\\ui\\index.ts","statementMap":{},"fnMap":{},"branchMap":{},"s":{},"f":{},"b":{},"meta":{"lastBranch":0,"lastFunction":0,"lastStatement":0,"seen":{}}}
}
