{"C:\\Users\\luisd\\Desktop\\Proyectos\\Mi-Carrerita\\client\\src\\features\\academic\\components\\CareerGraph.tsx": {"path":"C:\\Users\\luisd\\Desktop\\Proyectos\\Mi-Carrerita\\client\\src\\features\\academic\\components\\CareerGraph.tsx","statementMap":{"0":{"start":{"line":30,"column":29},"end":{"line":33,"column":null}},"1":{"start":{"line":45,"column":27},"end":{"line":309,"column":null}},"2":{"start":{"line":72,"column":2},"end":{"line":72,"column":null}},"3":{"start":{"line":74,"column":8},"end":{"line":77,"column":null}},"4":{"start":{"line":75,"column":10},"end":{"line":75,"column":null}},"5":{"start":{"line":79,"column":36},"end":{"line":79,"column":null}},"6":{"start":{"line":81,"column":2},"end":{"line":87,"column":null}},"7":{"start":{"line":82,"column":4},"end":{"line":85,"column":null}},"8":{"start":{"line":89,"column":2},"end":{"line":95,"column":null}},"9":{"start":{"line":90,"column":4},"end":{"line":93,"column":null}},"10":{"start":{"line":97,"column":2},"end":{"line":307,"column":null}},"11":{"start":{"line":160,"column":31},"end":{"line":160,"column":null}},"12":{"start":{"line":161,"column":14},"end":{"line":164,"column":null}},"13":{"start":{"line":162,"column":16},"end":{"line":162,"column":null}},"14":{"start":{"line":163,"column":16},"end":{"line":163,"column":null}},"15":{"start":{"line":187,"column":40},"end":{"line":188,"column":null}},"16":{"start":{"line":188,"column":20},"end":{"line":188,"column":null}},"17":{"start":{"line":190,"column":42},"end":{"line":191,"column":null}},"18":{"start":{"line":191,"column":20},"end":{"line":191,"column":null}},"19":{"start":{"line":193,"column":18},"end":{"line":204,"column":null}},"20":{"start":{"line":194,"column":35},"end":{"line":194,"column":null}},"21":{"start":{"line":195,"column":37},"end":{"line":202,"column":null}},"22":{"start":{"line":203,"column":20},"end":{"line":203,"column":null}},"23":{"start":{"line":205,"column":18},"end":{"line":207,"column":null}},"24":{"start":{"line":206,"column":20},"end":{"line":206,"column":null}},"25":{"start":{"line":208,"column":18},"end":{"line":208,"column":null}},"26":{"start":{"line":226,"column":24},"end":{"line":226,"column":null}},"27":{"start":{"line":227,"column":24},"end":{"line":227,"column":null}},"28":{"start":{"line":229,"column":37},"end":{"line":229,"column":null}},"29":{"start":{"line":242,"column":24},"end":{"line":251,"column":null}},"30":{"start":{"line":245,"column":41},"end":{"line":245,"column":null}},"31":{"start":{"line":259,"column":35},"end":{"line":259,"column":null}},"32":{"start":{"line":259,"column":61},"end":{"line":259,"column":66}},"33":{"start":{"line":273,"column":35},"end":{"line":273,"column":null}},"34":{"start":{"line":273,"column":65},"end":{"line":273,"column":70}},"35":{"start":{"line":285,"column":35},"end":{"line":285,"column":null}},"36":{"start":{"line":285,"column":60},"end":{"line":285,"column":65}},"37":{"start":{"line":302,"column":27},"end":{"line":302,"column":null}}},"fnMap":{"0":{"name":"(anonymous_0)","decl":{"start":{"line":45,"column":27},"end":{"line":45,"column":28}},"loc":{"start":{"line":45,"column":70},"end":{"line":309,"column":null}},"line":45},"1":{"name":"(anonymous_1)","decl":{"start":{"line":75,"column":4},"end":{"line":75,"column":10}},"loc":{"start":{"line":75,"column":10},"end":{"line":75,"column":null}},"line":75},"2":{"name":"(anonymous_2)","decl":{"start":{"line":159,"column":31},"end":{"line":159,"column":32}},"loc":{"start":{"line":159,"column":44},"end":{"line":165,"column":null}},"line":159},"3":{"name":"(anonymous_3)","decl":{"start":{"line":186,"column":27},"end":{"line":186,"column":28}},"loc":{"start":{"line":186,"column":37},"end":{"line":209,"column":null}},"line":186},"4":{"name":"(anonymous_4)","decl":{"start":{"line":187,"column":40},"end":{"line":187,"column":41}},"loc":{"start":{"line":188,"column":20},"end":{"line":188,"column":null}},"line":188},"5":{"name":"(anonymous_5)","decl":{"start":{"line":190,"column":42},"end":{"line":190,"column":43}},"loc":{"start":{"line":191,"column":20},"end":{"line":191,"column":null}},"line":191},"6":{"name":"(anonymous_6)","decl":{"start":{"line":225,"column":32},"end":{"line":225,"column":33}},"loc":{"start":{"line":225,"column":43},"end":{"line":228,"column":null}},"line":225},"7":{"name":"(anonymous_7)","decl":{"start":{"line":229,"column":31},"end":{"line":229,"column":37}},"loc":{"start":{"line":229,"column":37},"end":{"line":229,"column":null}},"line":229},"8":{"name":"(anonymous_8)","decl":{"start":{"line":241,"column":41},"end":{"line":241,"column":42}},"loc":{"start":{"line":242,"column":24},"end":{"line":251,"column":null}},"line":242},"9":{"name":"(anonymous_9)","decl":{"start":{"line":245,"column":35},"end":{"line":245,"column":41}},"loc":{"start":{"line":245,"column":41},"end":{"line":245,"column":null}},"line":245},"10":{"name":"(anonymous_10)","decl":{"start":{"line":259,"column":29},"end":{"line":259,"column":35}},"loc":{"start":{"line":259,"column":35},"end":{"line":259,"column":null}},"line":259},"11":{"name":"(anonymous_11)","decl":{"start":{"line":259,"column":51},"end":{"line":259,"column":52}},"loc":{"start":{"line":259,"column":61},"end":{"line":259,"column":66}},"line":259},"12":{"name":"(anonymous_12)","decl":{"start":{"line":273,"column":29},"end":{"line":273,"column":35}},"loc":{"start":{"line":273,"column":35},"end":{"line":273,"column":null}},"line":273},"13":{"name":"(anonymous_13)","decl":{"start":{"line":273,"column":55},"end":{"line":273,"column":56}},"loc":{"start":{"line":273,"column":65},"end":{"line":273,"column":70}},"line":273},"14":{"name":"(anonymous_14)","decl":{"start":{"line":285,"column":29},"end":{"line":285,"column":35}},"loc":{"start":{"line":285,"column":35},"end":{"line":285,"column":null}},"line":285},"15":{"name":"(anonymous_15)","decl":{"start":{"line":285,"column":50},"end":{"line":285,"column":51}},"loc":{"start":{"line":285,"column":60},"end":{"line":285,"column":65}},"line":285},"16":{"name":"(anonymous_16)","decl":{"start":{"line":302,"column":21},"end":{"line":302,"column":27}},"loc":{"start":{"line":302,"column":27},"end":{"line":302,"column":null}},"line":302}},"branchMap":{"0":{"loc":{"start":{"line":81,"column":2},"end":{"line":87,"column":null}},"type":"if","locations":[{"start":{"line":81,"column":2},"end":{"line":87,"column":null}},{"start":{},"end":{}}],"line":81},"1":{"loc":{"start":{"line":89,"column":2},"end":{"line":95,"column":null}},"type":"if","locations":[{"start":{"line":89,"column":2},"end":{"line":95,"column":null}},{"start":{},"end":{}}],"line":89},"2":{"loc":{"start":{"line":161,"column":14},"end":{"line":164,"column":null}},"type":"if","locations":[{"start":{"line":161,"column":14},"end":{"line":164,"column":null}},{"start":{},"end":{}}],"line":161},"3":{"loc":{"start":{"line":183,"column":13},"end":{"line":211,"column":null}},"type":"binary-expr","locations":[{"start":{"line":183,"column":13},"end":{"line":183,"column":null}},{"start":{"line":184,"column":14},"end":{"line":211,"column":null}}],"line":183},"4":{"loc":{"start":{"line":188,"column":20},"end":{"line":188,"column":null}},"type":"binary-expr","locations":[{"start":{"line":188,"column":20},"end":{"line":188,"column":44}},{"start":{"line":188,"column":44},"end":{"line":188,"column":null}}],"line":188},"5":{"loc":{"start":{"line":191,"column":20},"end":{"line":191,"column":null}},"type":"binary-expr","locations":[{"start":{"line":191,"column":20},"end":{"line":191,"column":50}},{"start":{"line":191,"column":50},"end":{"line":191,"column":null}}],"line":191},"6":{"loc":{"start":{"line":193,"column":18},"end":{"line":204,"column":null}},"type":"if","locations":[{"start":{"line":193,"column":18},"end":{"line":204,"column":null}},{"start":{},"end":{}}],"line":193},"7":{"loc":{"start":{"line":203,"column":27},"end":{"line":203,"column":null}},"type":"binary-expr","locations":[{"start":{"line":203,"column":27},"end":{"line":203,"column":47}},{"start":{"line":203,"column":47},"end":{"line":203,"column":null}}],"line":203},"8":{"loc":{"start":{"line":205,"column":18},"end":{"line":207,"column":null}},"type":"if","locations":[{"start":{"line":205,"column":18},"end":{"line":207,"column":null}},{"start":{},"end":{}}],"line":205},"9":{"loc":{"start":{"line":236,"column":19},"end":{"line":253,"column":null}},"type":"binary-expr","locations":[{"start":{"line":236,"column":19},"end":{"line":236,"column":33}},{"start":{"line":236,"column":33},"end":{"line":236,"column":null}},{"start":{"line":237,"column":20},"end":{"line":253,"column":null}}],"line":236},"10":{"loc":{"start":{"line":260,"column":201},"end":{"line":262,"column":null}},"type":"cond-expr","locations":[{"start":{"line":261,"column":24},"end":{"line":261,"column":null}},{"start":{"line":262,"column":24},"end":{"line":262,"column":null}}],"line":260},"11":{"loc":{"start":{"line":264,"column":27},"end":{"line":264,"column":null}},"type":"cond-expr","locations":[{"start":{"line":264,"column":42},"end":{"line":264,"column":68}},{"start":{"line":264,"column":68},"end":{"line":264,"column":null}}],"line":264},"12":{"loc":{"start":{"line":266,"column":21},"end":{"line":266,"column":null}},"type":"cond-expr","locations":[{"start":{"line":266,"column":36},"end":{"line":266,"column":61}},{"start":{"line":266,"column":61},"end":{"line":266,"column":null}}],"line":266},"13":{"loc":{"start":{"line":267,"column":27},"end":{"line":267,"column":76}},"type":"cond-expr","locations":[{"start":{"line":267,"column":42},"end":{"line":267,"column":56}},{"start":{"line":267,"column":56},"end":{"line":267,"column":76}}],"line":267},"14":{"loc":{"start":{"line":274,"column":201},"end":{"line":276,"column":null}},"type":"cond-expr","locations":[{"start":{"line":275,"column":24},"end":{"line":275,"column":null}},{"start":{"line":276,"column":24},"end":{"line":276,"column":null}}],"line":274},"15":{"loc":{"start":{"line":278,"column":27},"end":{"line":278,"column":null}},"type":"cond-expr","locations":[{"start":{"line":278,"column":46},"end":{"line":278,"column":69}},{"start":{"line":278,"column":69},"end":{"line":278,"column":null}}],"line":278},"16":{"loc":{"start":{"line":280,"column":56},"end":{"line":280,"column":97}},"type":"cond-expr","locations":[{"start":{"line":280,"column":75},"end":{"line":280,"column":93}},{"start":{"line":280,"column":93},"end":{"line":280,"column":97}}],"line":280},"17":{"loc":{"start":{"line":281,"column":27},"end":{"line":281,"column":78}},"type":"cond-expr","locations":[{"start":{"line":281,"column":46},"end":{"line":281,"column":63}},{"start":{"line":281,"column":63},"end":{"line":281,"column":78}}],"line":281},"18":{"loc":{"start":{"line":286,"column":160},"end":{"line":288,"column":null}},"type":"cond-expr","locations":[{"start":{"line":287,"column":24},"end":{"line":287,"column":null}},{"start":{"line":288,"column":24},"end":{"line":288,"column":null}}],"line":286},"19":{"loc":{"start":{"line":290,"column":27},"end":{"line":290,"column":null}},"type":"cond-expr","locations":[{"start":{"line":290,"column":41},"end":{"line":290,"column":62}},{"start":{"line":290,"column":62},"end":{"line":290,"column":null}}],"line":290},"20":{"loc":{"start":{"line":292,"column":21},"end":{"line":292,"column":null}},"type":"cond-expr","locations":[{"start":{"line":292,"column":35},"end":{"line":292,"column":82}},{"start":{"line":292,"column":82},"end":{"line":292,"column":null}}],"line":292}},"s":{"0":1,"1":1,"2":7,"3":7,"4":6,"5":7,"6":7,"7":1,"8":6,"9":0,"10":6,"11":1,"12":1,"13":1,"14":1,"15":0,"16":0,"17":0,"18":0,"19":0,"20":0,"21":0,"22":0,"23":0,"24":0,"25":0,"26":0,"27":0,"28":0,"29":0,"30":0,"31":0,"32":0,"33":0,"34":0,"35":0,"36":0,"37":1},"f":{"0":7,"1":6,"2":1,"3":0,"4":0,"5":0,"6":0,"7":0,"8":0,"9":0,"10":0,"11":0,"12":0,"13":0,"14":0,"15":0,"16":1},"b":{"0":[1,6],"1":[0,6],"2":[1,0],"3":[6,0],"4":[0,0],"5":[0,0],"6":[0,0],"7":[0,0],"8":[0,0],"9":[7,0,0],"10":[0,6],"11":[0,6],"12":[0,6],"13":[0,6],"14":[0,6],"15":[0,6],"16":[0,6],"17":[0,6],"18":[0,6],"19":[0,6],"20":[0,6]},"meta":{"lastBranch":21,"lastFunction":17,"lastStatement":38,"seen":{"s:30:29:33:Infinity":0,"s:45:27:309:Infinity":1,"f:45:27:45:28":0,"s:72:2:72:Infinity":2,"s:74:8:77:Infinity":3,"f:75:4:75:10":1,"s:75:10:75:Infinity":4,"s:79:36:79:Infinity":5,"b:81:2:87:Infinity:undefined:undefined:undefined:undefined":0,"s:81:2:87:Infinity":6,"s:82:4:85:Infinity":7,"b:89:2:95:Infinity:undefined:undefined:undefined:undefined":1,"s:89:2:95:Infinity":8,"s:90:4:93:Infinity":9,"s:97:2:307:Infinity":10,"f:159:31:159:32":2,"s:160:31:160:Infinity":11,"b:161:14:164:Infinity:undefined:undefined:undefined:undefined":2,"s:161:14:164:Infinity":12,"s:162:16:162:Infinity":13,"s:163:16:163:Infinity":14,"b:183:13:183:Infinity:184:14:211:Infinity":3,"f:186:27:186:28":3,"s:187:40:188:Infinity":15,"f:187:40:187:41":4,"s:188:20:188:Infinity":16,"b:188:20:188:44:188:44:188:Infinity":4,"s:190:42:191:Infinity":17,"f:190:42:190:43":5,"s:191:20:191:Infinity":18,"b:191:20:191:50:191:50:191:Infinity":5,"b:193:18:204:Infinity:undefined:undefined:undefined:undefined":6,"s:193:18:204:Infinity":19,"s:194:35:194:Infinity":20,"s:195:37:202:Infinity":21,"s:203:20:203:Infinity":22,"b:203:27:203:47:203:47:203:Infinity":7,"b:205:18:207:Infinity:undefined:undefined:undefined:undefined":8,"s:205:18:207:Infinity":23,"s:206:20:206:Infinity":24,"s:208:18:208:Infinity":25,"f:225:32:225:33":6,"s:226:24:226:Infinity":26,"s:227:24:227:Infinity":27,"f:229:31:229:37":7,"s:229:37:229:Infinity":28,"b:236:19:236:33:236:33:236:Infinity:237:20:253:Infinity":9,"f:241:41:241:42":8,"s:242:24:251:Infinity":29,"f:245:35:245:41":9,"s:245:41:245:Infinity":30,"f:259:29:259:35":10,"s:259:35:259:Infinity":31,"f:259:51:259:52":11,"s:259:61:259:66":32,"b:261:24:261:Infinity:262:24:262:Infinity":10,"b:264:42:264:68:264:68:264:Infinity":11,"b:266:36:266:61:266:61:266:Infinity":12,"b:267:42:267:56:267:56:267:76":13,"f:273:29:273:35":12,"s:273:35:273:Infinity":33,"f:273:55:273:56":13,"s:273:65:273:70":34,"b:275:24:275:Infinity:276:24:276:Infinity":14,"b:278:46:278:69:278:69:278:Infinity":15,"b:280:75:280:93:280:93:280:97":16,"b:281:46:281:63:281:63:281:78":17,"f:285:29:285:35":14,"s:285:35:285:Infinity":35,"f:285:50:285:51":15,"s:285:60:285:65":36,"b:287:24:287:Infinity:288:24:288:Infinity":18,"b:290:41:290:62:290:62:290:Infinity":19,"b:292:35:292:82:292:82:292:Infinity":20,"f:302:21:302:27":16,"s:302:27:302:Infinity":37}}}
,"C:\\Users\\luisd\\Desktop\\Proyectos\\Mi-Carrerita\\client\\src\\features\\academic\\components\\ProgressTrack.tsx": {"path":"C:\\Users\\luisd\\Desktop\\Proyectos\\Mi-Carrerita\\client\\src\\features\\academic\\components\\ProgressTrack.tsx","statementMap":{"0":{"start":{"line":9,"column":24},"end":{"line":9,"column":null}},"1":{"start":{"line":10,"column":25},"end":{"line":10,"column":null}},"2":{"start":{"line":11,"column":21},"end":{"line":11,"column":null}},"3":{"start":{"line":12,"column":21},"end":{"line":12,"column":null}},"4":{"start":{"line":14,"column":22},"end":{"line":14,"column":null}},"5":{"start":{"line":16,"column":29},"end":{"line":110,"column":null}},"6":{"start":{"line":17,"column":48},"end":{"line":17,"column":null}},"7":{"start":{"line":19,"column":2},"end":{"line":25,"column":null}},"8":{"start":{"line":20,"column":18},"end":{"line":22,"column":null}},"9":{"start":{"line":21,"column":6},"end":{"line":21,"column":null}},"10":{"start":{"line":24,"column":4},"end":{"line":24,"column":null}},"11":{"start":{"line":24,"column":17},"end":{"line":24,"column":null}},"12":{"start":{"line":27,"column":18},"end":{"line":27,"column":null}},"13":{"start":{"line":29,"column":25},"end":{"line":29,"column":null}},"14":{"start":{"line":31,"column":26},"end":{"line":31,"column":null}},"15":{"start":{"line":33,"column":2},"end":{"line":108,"column":null}},"16":{"start":{"line":59,"column":29},"end":{"line":59,"column":null}},"17":{"start":{"line":60,"column":23},"end":{"line":60,"column":null}},"18":{"start":{"line":61,"column":24},"end":{"line":61,"column":null}},"19":{"start":{"line":64,"column":12},"end":{"line":67,"column":null}},"20":{"start":{"line":64,"column":37},"end":{"line":64,"column":63}},"21":{"start":{"line":64,"column":63},"end":{"line":67,"column":null}},"22":{"start":{"line":65,"column":42},"end":{"line":65,"column":68}},"23":{"start":{"line":65,"column":68},"end":{"line":65,"column":153}},"24":{"start":{"line":65,"column":153},"end":{"line":67,"column":null}},"25":{"start":{"line":66,"column":42},"end":{"line":66,"column":68}},"26":{"start":{"line":66,"column":68},"end":{"line":66,"column":152}},"27":{"start":{"line":66,"column":152},"end":{"line":67,"column":null}},"28":{"start":{"line":67,"column":43},"end":{"line":67,"column":76}},"29":{"start":{"line":67,"column":76},"end":{"line":67,"column":162}},"30":{"start":{"line":69,"column":12},"end":{"line":85,"column":null}}},"fnMap":{"0":{"name":"(anonymous_0)","decl":{"start":{"line":16,"column":29},"end":{"line":16,"column":30}},"loc":{"start":{"line":16,"column":67},"end":{"line":110,"column":null}},"line":16},"1":{"name":"(anonymous_1)","decl":{"start":{"line":19,"column":12},"end":{"line":19,"column":18}},"loc":{"start":{"line":19,"column":18},"end":{"line":25,"column":5}},"line":19},"2":{"name":"(anonymous_2)","decl":{"start":{"line":20,"column":29},"end":{"line":20,"column":35}},"loc":{"start":{"line":20,"column":35},"end":{"line":22,"column":7}},"line":20},"3":{"name":"(anonymous_3)","decl":{"start":{"line":24,"column":11},"end":{"line":24,"column":17}},"loc":{"start":{"line":24,"column":17},"end":{"line":24,"column":null}},"line":24},"4":{"name":"(anonymous_4)","decl":{"start":{"line":58,"column":36},"end":{"line":58,"column":37}},"loc":{"start":{"line":58,"column":52},"end":{"line":87,"column":11}},"line":58}},"branchMap":{"0":{"loc":{"start":{"line":51,"column":13},"end":{"line":52,"column":null}},"type":"binary-expr","locations":[{"start":{"line":51,"column":13},"end":{"line":51,"column":null}},{"start":{"line":52,"column":14},"end":{"line":52,"column":null}}],"line":51},"1":{"loc":{"start":{"line":64,"column":12},"end":{"line":67,"column":null}},"type":"if","locations":[{"start":{"line":64,"column":12},"end":{"line":67,"column":null}},{"start":{"line":64,"column":63},"end":{"line":67,"column":null}}],"line":64},"2":{"loc":{"start":{"line":64,"column":63},"end":{"line":67,"column":null}},"type":"if","locations":[{"start":{"line":64,"column":63},"end":{"line":67,"column":null}},{"start":{"line":65,"column":153},"end":{"line":67,"column":null}}],"line":64},"3":{"loc":{"start":{"line":65,"column":103},"end":{"line":65,"column":149}},"type":"cond-expr","locations":[{"start":{"line":65,"column":114},"end":{"line":65,"column":130}},{"start":{"line":65,"column":130},"end":{"line":65,"column":149}}],"line":65},"4":{"loc":{"start":{"line":65,"column":153},"end":{"line":67,"column":null}},"type":"if","locations":[{"start":{"line":65,"column":153},"end":{"line":67,"column":null}},{"start":{"line":66,"column":152},"end":{"line":67,"column":null}}],"line":65},"5":{"loc":{"start":{"line":66,"column":102},"end":{"line":66,"column":148}},"type":"cond-expr","locations":[{"start":{"line":66,"column":113},"end":{"line":66,"column":129}},{"start":{"line":66,"column":129},"end":{"line":66,"column":148}}],"line":66},"6":{"loc":{"start":{"line":66,"column":152},"end":{"line":67,"column":null}},"type":"if","locations":[{"start":{"line":66,"column":152},"end":{"line":67,"column":null}},{"start":{},"end":{}}],"line":66},"7":{"loc":{"start":{"line":67,"column":112},"end":{"line":67,"column":158}},"type":"cond-expr","locations":[{"start":{"line":67,"column":123},"end":{"line":67,"column":139}},{"start":{"line":67,"column":139},"end":{"line":67,"column":158}}],"line":67},"8":{"loc":{"start":{"line":73,"column":26},"end":{"line":75,"column":null}},"type":"cond-expr","locations":[{"start":{"line":74,"column":22},"end":{"line":74,"column":null}},{"start":{"line":75,"column":22},"end":{"line":75,"column":null}}],"line":73},"9":{"loc":{"start":{"line":79,"column":17},"end":{"line":79,"column":null}},"type":"cond-expr","locations":[{"start":{"line":79,"column":24},"end":{"line":79,"column":31}},{"start":{"line":79,"column":31},"end":{"line":79,"column":null}}],"line":79},"10":{"loc":{"start":{"line":79,"column":71},"end":{"line":79,"column":112}},"type":"cond-expr","locations":[{"start":{"line":79,"column":82},"end":{"line":79,"column":96}},{"start":{"line":79,"column":96},"end":{"line":79,"column":112}}],"line":79},"11":{"loc":{"start":{"line":82,"column":218},"end":{"line":82,"column":271}},"type":"cond-expr","locations":[{"start":{"line":82,"column":229},"end":{"line":82,"column":259}},{"start":{"line":82,"column":259},"end":{"line":82,"column":271}}],"line":82},"12":{"loc":{"start":{"line":104,"column":36},"end":{"line":104,"column":84}},"type":"cond-expr","locations":[{"start":{"line":104,"column":50},"end":{"line":104,"column":70}},{"start":{"line":104,"column":70},"end":{"line":104,"column":84}}],"line":104},"13":{"loc":{"start":{"line":105,"column":27},"end":{"line":105,"column":90}},"type":"cond-expr","locations":[{"start":{"line":105,"column":41},"end":{"line":105,"column":76}},{"start":{"line":105,"column":76},"end":{"line":105,"column":90}}],"line":105}},"s":{"0":1,"1":1,"2":1,"3":1,"4":1,"5":1,"6":6,"7":6,"8":1,"9":1,"10":1,"11":1,"12":6,"13":6,"14":6,"15":6,"16":24,"17":24,"18":24,"19":24,"20":6,"21":18,"22":6,"23":6,"24":12,"25":6,"26":6,"27":6,"28":6,"29":6,"30":24},"f":{"0":6,"1":1,"2":1,"3":1,"4":24},"b":{"0":[6,0],"1":[6,18],"2":[6,12],"3":[0,6],"4":[6,6],"5":[0,6],"6":[6,0],"7":[0,6],"8":[0,24],"9":[18,6],"10":[0,6],"11":[0,24],"12":[0,6],"13":[0,6]},"meta":{"lastBranch":14,"lastFunction":5,"lastStatement":31,"seen":{"s:9:24:9:Infinity":0,"s:10:25:10:Infinity":1,"s:11:21:11:Infinity":2,"s:12:21:12:Infinity":3,"s:14:22:14:Infinity":4,"s:16:29:110:Infinity":5,"f:16:29:16:30":0,"s:17:48:17:Infinity":6,"s:19:2:25:Infinity":7,"f:19:12:19:18":1,"s:20:18:22:Infinity":8,"f:20:29:20:35":2,"s:21:6:21:Infinity":9,"s:24:4:24:Infinity":10,"f:24:11:24:17":3,"s:24:17:24:Infinity":11,"s:27:18:27:Infinity":12,"s:29:25:29:Infinity":13,"s:31:26:31:Infinity":14,"s:33:2:108:Infinity":15,"b:51:13:51:Infinity:52:14:52:Infinity":0,"f:58:36:58:37":4,"s:59:29:59:Infinity":16,"s:60:23:60:Infinity":17,"s:61:24:61:Infinity":18,"b:64:12:67:Infinity:64:63:67:Infinity":1,"s:64:12:67:Infinity":19,"s:64:37:64:63":20,"b:64:63:67:Infinity:65:153:67:Infinity":2,"s:64:63:67:Infinity":21,"s:65:42:65:68":22,"s:65:68:65:153":23,"b:65:114:65:130:65:130:65:149":3,"b:65:153:67:Infinity:66:152:67:Infinity":4,"s:65:153:67:Infinity":24,"s:66:42:66:68":25,"s:66:68:66:152":26,"b:66:113:66:129:66:129:66:148":5,"b:66:152:67:Infinity:undefined:undefined:undefined:undefined":6,"s:66:152:67:Infinity":27,"s:67:43:67:76":28,"s:67:76:67:162":29,"b:67:123:67:139:67:139:67:158":7,"s:69:12:85:Infinity":30,"b:74:22:74:Infinity:75:22:75:Infinity":8,"b:79:24:79:31:79:31:79:Infinity":9,"b:79:82:79:96:79:96:79:112":10,"b:82:229:82:259:82:259:82:271":11,"b:104:50:104:70:104:70:104:84":12,"b:105:41:105:76:105:76:105:90":13}}}
,"C:\\Users\\luisd\\Desktop\\Proyectos\\Mi-Carrerita\\client\\src\\features\\academic\\components\\SubjectNode.tsx": {"path":"C:\\Users\\luisd\\Desktop\\Proyectos\\Mi-Carrerita\\client\\src\\features\\academic\\components\\SubjectNode.tsx","statementMap":{"0":{"start":{"line":22,"column":5},"end":{"line":59,"column":null}},"1":{"start":{"line":61,"column":22},"end":{"line":61,"column":null}},"2":{"start":{"line":62,"column":25},"end":{"line":62,"column":null}},"3":{"start":{"line":63,"column":20},"end":{"line":63,"column":null}},"4":{"start":{"line":64,"column":19},"end":{"line":64,"column":null}},"5":{"start":{"line":65,"column":20},"end":{"line":65,"column":null}},"6":{"start":{"line":67,"column":29},"end":{"line":191,"column":null}},"7":{"start":{"line":68,"column":18},"end":{"line":68,"column":null}},"8":{"start":{"line":69,"column":32},"end":{"line":69,"column":null}},"9":{"start":{"line":71,"column":2},"end":{"line":73,"column":null}},"10":{"start":{"line":72,"column":4},"end":{"line":72,"column":null}},"11":{"start":{"line":75,"column":23},"end":{"line":75,"column":null}},"12":{"start":{"line":76,"column":16},"end":{"line":76,"column":null}},"13":{"start":{"line":77,"column":21},"end":{"line":77,"column":null}},"14":{"start":{"line":78,"column":28},"end":{"line":78,"column":null}},"15":{"start":{"line":79,"column":20},"end":{"line":79,"column":null}},"16":{"start":{"line":83,"column":2},"end":{"line":189,"column":null}},"17":{"start":{"line":89,"column":26},"end":{"line":89,"column":null}},"18":{"start":{"line":90,"column":26},"end":{"line":90,"column":null}},"19":{"start":{"line":193,"column":13},"end":{"line":202,"column":null}},"20":{"start":{"line":194,"column":2},"end":{"line":200,"column":null}},"21":{"start":{"line":205,"column":25},"end":{"line":212,"column":null}},"22":{"start":{"line":214,"column":2},"end":{"line":214,"column":null}}},"fnMap":{"0":{"name":"(anonymous_0)","decl":{"start":{"line":67,"column":29},"end":{"line":67,"column":30}},"loc":{"start":{"line":67,"column":81},"end":{"line":191,"column":null}},"line":67},"1":{"name":"(anonymous_1)","decl":{"start":{"line":89,"column":20},"end":{"line":89,"column":26}},"loc":{"start":{"line":89,"column":26},"end":{"line":89,"column":null}},"line":89},"2":{"name":"(anonymous_2)","decl":{"start":{"line":90,"column":20},"end":{"line":90,"column":26}},"loc":{"start":{"line":90,"column":26},"end":{"line":90,"column":null}},"line":90},"3":{"name":"(anonymous_3)","decl":{"start":{"line":193,"column":54},"end":{"line":193,"column":55}},"loc":{"start":{"line":193,"column":80},"end":{"line":202,"column":1}},"line":193},"4":{"name":"getTooltipText","decl":{"start":{"line":204,"column":9},"end":{"line":204,"column":24}},"loc":{"start":{"line":204,"column":50},"end":{"line":215,"column":null}},"line":204}},"branchMap":{"0":{"loc":{"start":{"line":71,"column":2},"end":{"line":73,"column":null}},"type":"if","locations":[{"start":{"line":71,"column":2},"end":{"line":73,"column":null}},{"start":{},"end":{}}],"line":71},"1":{"loc":{"start":{"line":87,"column":8},"end":{"line":87,"column":null}},"type":"binary-expr","locations":[{"start":{"line":87,"column":8},"end":{"line":87,"column":20}},{"start":{"line":87,"column":20},"end":{"line":87,"column":null}}],"line":87},"2":{"loc":{"start":{"line":106,"column":10},"end":{"line":106,"column":null}},"type":"binary-expr","locations":[{"start":{"line":106,"column":10},"end":{"line":106,"column":23}},{"start":{"line":106,"column":23},"end":{"line":106,"column":null}}],"line":106},"3":{"loc":{"start":{"line":109,"column":10},"end":{"line":109,"column":null}},"type":"binary-expr","locations":[{"start":{"line":109,"column":10},"end":{"line":109,"column":24}},{"start":{"line":109,"column":24},"end":{"line":109,"column":null}}],"line":109},"4":{"loc":{"start":{"line":110,"column":10},"end":{"line":110,"column":null}},"type":"binary-expr","locations":[{"start":{"line":110,"column":10},"end":{"line":110,"column":23}},{"start":{"line":110,"column":23},"end":{"line":110,"column":null}}],"line":110},"5":{"loc":{"start":{"line":111,"column":10},"end":{"line":111,"column":null}},"type":"binary-expr","locations":[{"start":{"line":111,"column":10},"end":{"line":111,"column":56}},{"start":{"line":111,"column":56},"end":{"line":111,"column":null}}],"line":111},"6":{"loc":{"start":{"line":112,"column":10},"end":{"line":112,"column":null}},"type":"binary-expr","locations":[{"start":{"line":112,"column":10},"end":{"line":112,"column":57}},{"start":{"line":112,"column":57},"end":{"line":112,"column":null}}],"line":112},"7":{"loc":{"start":{"line":113,"column":10},"end":{"line":113,"column":null}},"type":"binary-expr","locations":[{"start":{"line":113,"column":10},"end":{"line":113,"column":55}},{"start":{"line":113,"column":55},"end":{"line":113,"column":null}}],"line":113},"8":{"loc":{"start":{"line":114,"column":10},"end":{"line":114,"column":null}},"type":"binary-expr","locations":[{"start":{"line":114,"column":10},"end":{"line":114,"column":31}},{"start":{"line":114,"column":31},"end":{"line":114,"column":null}}],"line":114},"9":{"loc":{"start":{"line":136,"column":10},"end":{"line":136,"column":null}},"type":"binary-expr","locations":[{"start":{"line":136,"column":10},"end":{"line":136,"column":55}},{"start":{"line":136,"column":55},"end":{"line":136,"column":null}}],"line":136},"10":{"loc":{"start":{"line":144,"column":19},"end":{"line":144,"column":38}},"type":"binary-expr","locations":[{"start":{"line":144,"column":19},"end":{"line":144,"column":36}},{"start":{"line":144,"column":36},"end":{"line":144,"column":38}}],"line":144},"11":{"loc":{"start":{"line":147,"column":11},"end":{"line":154,"column":null}},"type":"binary-expr","locations":[{"start":{"line":147,"column":11},"end":{"line":147,"column":null}},{"start":{"line":148,"column":12},"end":{"line":154,"column":null}}],"line":147},"12":{"loc":{"start":{"line":158,"column":9},"end":{"line":170,"column":null}},"type":"binary-expr","locations":[{"start":{"line":158,"column":9},"end":{"line":158,"column":null}},{"start":{"line":159,"column":10},"end":{"line":170,"column":null}}],"line":158},"13":{"loc":{"start":{"line":181,"column":7},"end":{"line":186,"column":null}},"type":"binary-expr","locations":[{"start":{"line":181,"column":7},"end":{"line":181,"column":null}},{"start":{"line":182,"column":8},"end":{"line":186,"column":null}}],"line":181},"14":{"loc":{"start":{"line":195,"column":4},"end":{"line":200,"column":null}},"type":"binary-expr","locations":[{"start":{"line":195,"column":4},"end":{"line":195,"column":null}},{"start":{"line":196,"column":4},"end":{"line":196,"column":null}},{"start":{"line":197,"column":4},"end":{"line":197,"column":null}},{"start":{"line":198,"column":4},"end":{"line":198,"column":null}},{"start":{"line":199,"column":4},"end":{"line":199,"column":null}},{"start":{"line":200,"column":4},"end":{"line":200,"column":null}}],"line":195},"15":{"loc":{"start":{"line":214,"column":9},"end":{"line":214,"column":null}},"type":"binary-expr","locations":[{"start":{"line":214,"column":9},"end":{"line":214,"column":74}},{"start":{"line":214,"column":74},"end":{"line":214,"column":null}}],"line":214}},"s":{"0":1,"1":1,"2":1,"3":1,"4":1,"5":1,"6":1,"7":0,"8":0,"9":0,"10":0,"11":0,"12":0,"13":0,"14":0,"15":0,"16":0,"17":0,"18":0,"19":1,"20":0,"21":0,"22":0},"f":{"0":0,"1":0,"2":0,"3":0,"4":0},"b":{"0":[0,0],"1":[0,0],"2":[0,0],"3":[0,0],"4":[0,0],"5":[0,0],"6":[0,0],"7":[0,0],"8":[0,0],"9":[0,0],"10":[0,0],"11":[0,0],"12":[0,0],"13":[0,0],"14":[0,0,0,0,0,0],"15":[0,0]},"meta":{"lastBranch":16,"lastFunction":5,"lastStatement":23,"seen":{"s:22:5:59:Infinity":0,"s:61:22:61:Infinity":1,"s:62:25:62:Infinity":2,"s:63:20:63:Infinity":3,"s:64:19:64:Infinity":4,"s:65:20:65:Infinity":5,"s:67:29:191:Infinity":6,"f:67:29:67:30":0,"s:68:18:68:Infinity":7,"s:69:32:69:Infinity":8,"b:71:2:73:Infinity:undefined:undefined:undefined:undefined":0,"s:71:2:73:Infinity":9,"s:72:4:72:Infinity":10,"s:75:23:75:Infinity":11,"s:76:16:76:Infinity":12,"s:77:21:77:Infinity":13,"s:78:28:78:Infinity":14,"s:79:20:79:Infinity":15,"s:83:2:189:Infinity":16,"b:87:8:87:20:87:20:87:Infinity":1,"f:89:20:89:26":1,"s:89:26:89:Infinity":17,"f:90:20:90:26":2,"s:90:26:90:Infinity":18,"b:106:10:106:23:106:23:106:Infinity":2,"b:109:10:109:24:109:24:109:Infinity":3,"b:110:10:110:23:110:23:110:Infinity":4,"b:111:10:111:56:111:56:111:Infinity":5,"b:112:10:112:57:112:57:112:Infinity":6,"b:113:10:113:55:113:55:113:Infinity":7,"b:114:10:114:31:114:31:114:Infinity":8,"b:136:10:136:55:136:55:136:Infinity":9,"b:144:19:144:36:144:36:144:38":10,"b:147:11:147:Infinity:148:12:154:Infinity":11,"b:158:9:158:Infinity:159:10:170:Infinity":12,"b:181:7:181:Infinity:182:8:186:Infinity":13,"s:193:13:202:Infinity":19,"f:193:54:193:55":3,"s:194:2:200:Infinity":20,"b:195:4:195:Infinity:196:4:196:Infinity:197:4:197:Infinity:198:4:198:Infinity:199:4:199:Infinity:200:4:200:Infinity":14,"f:204:9:204:24":4,"s:205:25:212:Infinity":21,"s:214:2:214:Infinity":22,"b:214:9:214:74:214:74:214:Infinity":15}}}
,"C:\\Users\\luisd\\Desktop\\Proyectos\\Mi-Carrerita\\client\\src\\features\\academic\\components\\SubjectUpdatePanel.tsx": {"path":"C:\\Users\\luisd\\Desktop\\Proyectos\\Mi-Carrerita\\client\\src\\features\\academic\\components\\SubjectUpdatePanel.tsx","statementMap":{"0":{"start":{"line":21,"column":34},"end":{"line":335,"column":null}},"1":{"start":{"line":22,"column":26},"end":{"line":22,"column":null}},"2":{"start":{"line":23,"column":24},"end":{"line":23,"column":null}},"3":{"start":{"line":24,"column":34},"end":{"line":24,"column":null}},"4":{"start":{"line":25,"column":34},"end":{"line":25,"column":null}},"5":{"start":{"line":26,"column":24},"end":{"line":26,"column":null}},"6":{"start":{"line":27,"column":30},"end":{"line":27,"column":null}},"7":{"start":{"line":28,"column":24},"end":{"line":28,"column":null}},"8":{"start":{"line":29,"column":36},"end":{"line":29,"column":null}},"9":{"start":{"line":31,"column":24},"end":{"line":38,"column":null}},"10":{"start":{"line":40,"column":2},"end":{"line":55,"column":null}},"11":{"start":{"line":41,"column":4},"end":{"line":41,"column":null}},"12":{"start":{"line":41,"column":18},"end":{"line":41,"column":null}},"13":{"start":{"line":44,"column":24},"end":{"line":46,"column":null}},"14":{"start":{"line":48,"column":4},"end":{"line":48,"column":null}},"15":{"start":{"line":49,"column":4},"end":{"line":49,"column":null}},"16":{"start":{"line":50,"column":4},"end":{"line":50,"column":null}},"17":{"start":{"line":51,"column":4},"end":{"line":51,"column":null}},"18":{"start":{"line":52,"column":4},"end":{"line":52,"column":null}},"19":{"start":{"line":53,"column":4},"end":{"line":53,"column":null}},"20":{"start":{"line":54,"column":4},"end":{"line":54,"column":null}},"21":{"start":{"line":57,"column":2},"end":{"line":61,"column":null}},"22":{"start":{"line":58,"column":4},"end":{"line":60,"column":null}},"23":{"start":{"line":59,"column":6},"end":{"line":59,"column":null}},"24":{"start":{"line":63,"column":2},"end":{"line":63,"column":null}},"25":{"start":{"line":63,"column":27},"end":{"line":63,"column":null}},"26":{"start":{"line":65,"column":25},"end":{"line":65,"column":null}},"27":{"start":{"line":67,"column":22},"end":{"line":120,"column":null}},"28":{"start":{"line":68,"column":4},"end":{"line":68,"column":null}},"29":{"start":{"line":69,"column":4},"end":{"line":69,"column":null}},"30":{"start":{"line":70,"column":4},"end":{"line":70,"column":null}},"31":{"start":{"line":71,"column":4},"end":{"line":119,"column":null}},"32":{"start":{"line":72,"column":6},"end":{"line":78,"column":null}},"33":{"start":{"line":73,"column":8},"end":{"line":77,"column":null}},"34":{"start":{"line":74,"column":10},"end":{"line":74,"column":null}},"35":{"start":{"line":75,"column":10},"end":{"line":75,"column":null}},"36":{"start":{"line":76,"column":10},"end":{"line":76,"column":null}},"37":{"start":{"line":80,"column":6},"end":{"line":87,"column":null}},"38":{"start":{"line":81,"column":27},"end":{"line":81,"column":null}},"39":{"start":{"line":82,"column":8},"end":{"line":86,"column":null}},"40":{"start":{"line":83,"column":10},"end":{"line":83,"column":null}},"41":{"start":{"line":84,"column":10},"end":{"line":84,"column":null}},"42":{"start":{"line":85,"column":10},"end":{"line":85,"column":null}},"43":{"start":{"line":89,"column":6},"end":{"line":96,"column":null}},"44":{"start":{"line":90,"column":26},"end":{"line":90,"column":null}},"45":{"start":{"line":91,"column":8},"end":{"line":95,"column":null}},"46":{"start":{"line":92,"column":10},"end":{"line":92,"column":null}},"47":{"start":{"line":93,"column":10},"end":{"line":93,"column":null}},"48":{"start":{"line":94,"column":10},"end":{"line":94,"column":null}},"49":{"start":{"line":98,"column":25},"end":{"line":98,"column":null}},"50":{"start":{"line":99,"column":30},"end":{"line":99,"column":null}},"51":{"start":{"line":100,"column":30},"end":{"line":100,"column":null}},"52":{"start":{"line":101,"column":35},"end":{"line":101,"column":null}},"53":{"start":{"line":102,"column":30},"end":{"line":102,"column":null}},"54":{"start":{"line":103,"column":25},"end":{"line":103,"column":null}},"55":{"start":{"line":105,"column":6},"end":{"line":111,"column":null}},"56":{"start":{"line":112,"column":6},"end":{"line":112,"column":null}},"57":{"start":{"line":114,"column":6},"end":{"line":114,"column":null}},"58":{"start":{"line":115,"column":22},"end":{"line":115,"column":null}},"59":{"start":{"line":116,"column":6},"end":{"line":116,"column":null}},"60":{"start":{"line":118,"column":6},"end":{"line":118,"column":null}},"61":{"start":{"line":122,"column":21},"end":{"line":128,"column":null}},"62":{"start":{"line":123,"column":4},"end":{"line":126,"column":null}},"63":{"start":{"line":124,"column":6},"end":{"line":124,"column":null}},"64":{"start":{"line":125,"column":6},"end":{"line":125,"column":null}},"65":{"start":{"line":127,"column":4},"end":{"line":127,"column":null}},"66":{"start":{"line":131,"column":4},"end":{"line":331,"column":null}},"67":{"start":{"line":149,"column":37},"end":{"line":149,"column":null}},"68":{"start":{"line":152,"column":18},"end":{"line":154,"column":null}},"69":{"start":{"line":196,"column":33},"end":{"line":196,"column":null}},"70":{"start":{"line":229,"column":34},"end":{"line":229,"column":null}},"71":{"start":{"line":230,"column":22},"end":{"line":232,"column":null}},"72":{"start":{"line":231,"column":24},"end":{"line":231,"column":null}},"73":{"start":{"line":248,"column":43},"end":{"line":248,"column":null}},"74":{"start":{"line":265,"column":32},"end":{"line":265,"column":null}},"75":{"start":{"line":266,"column":22},"end":{"line":266,"column":null}},"76":{"start":{"line":274,"column":40},"end":{"line":274,"column":null}},"77":{"start":{"line":275,"column":22},"end":{"line":279,"column":null}},"78":{"start":{"line":276,"column":24},"end":{"line":278,"column":null}},"79":{"start":{"line":277,"column":26},"end":{"line":277,"column":null}},"80":{"start":{"line":288,"column":37},"end":{"line":288,"column":null}},"81":{"start":{"line":298,"column":39},"end":{"line":298,"column":null}},"82":{"start":{"line":334,"column":2},"end":{"line":334,"column":null}}},"fnMap":{"0":{"name":"(anonymous_0)","decl":{"start":{"line":21,"column":34},"end":{"line":21,"column":35}},"loc":{"start":{"line":21,"column":101},"end":{"line":335,"column":null}},"line":21},"1":{"name":"(anonymous_1)","decl":{"start":{"line":40,"column":12},"end":{"line":40,"column":18}},"loc":{"start":{"line":40,"column":18},"end":{"line":55,"column":5}},"line":40},"2":{"name":"(anonymous_2)","decl":{"start":{"line":57,"column":12},"end":{"line":57,"column":18}},"loc":{"start":{"line":57,"column":18},"end":{"line":61,"column":5}},"line":57},"3":{"name":"(anonymous_3)","decl":{"start":{"line":67,"column":22},"end":{"line":67,"column":34}},"loc":{"start":{"line":67,"column":34},"end":{"line":120,"column":null}},"line":67},"4":{"name":"(anonymous_4)","decl":{"start":{"line":122,"column":21},"end":{"line":122,"column":33}},"loc":{"start":{"line":122,"column":33},"end":{"line":128,"column":null}},"line":122},"5":{"name":"(anonymous_5)","decl":{"start":{"line":149,"column":26},"end":{"line":149,"column":27}},"loc":{"start":{"line":149,"column":37},"end":{"line":149,"column":null}},"line":149},"6":{"name":"(anonymous_6)","decl":{"start":{"line":151,"column":35},"end":{"line":151,"column":36}},"loc":{"start":{"line":152,"column":18},"end":{"line":154,"column":null}},"line":152},"7":{"name":"(anonymous_7)","decl":{"start":{"line":196,"column":27},"end":{"line":196,"column":33}},"loc":{"start":{"line":196,"column":33},"end":{"line":196,"column":null}},"line":196},"8":{"name":"(anonymous_8)","decl":{"start":{"line":228,"column":30},"end":{"line":228,"column":31}},"loc":{"start":{"line":228,"column":37},"end":{"line":233,"column":null}},"line":228},"9":{"name":"(anonymous_9)","decl":{"start":{"line":248,"column":32},"end":{"line":248,"column":33}},"loc":{"start":{"line":248,"column":43},"end":{"line":248,"column":null}},"line":248},"10":{"name":"(anonymous_10)","decl":{"start":{"line":263,"column":30},"end":{"line":263,"column":31}},"loc":{"start":{"line":263,"column":41},"end":{"line":267,"column":null}},"line":263},"11":{"name":"(anonymous_11)","decl":{"start":{"line":273,"column":29},"end":{"line":273,"column":30}},"loc":{"start":{"line":273,"column":36},"end":{"line":280,"column":null}},"line":273},"12":{"name":"(anonymous_12)","decl":{"start":{"line":288,"column":30},"end":{"line":288,"column":31}},"loc":{"start":{"line":288,"column":37},"end":{"line":288,"column":null}},"line":288},"13":{"name":"(anonymous_13)","decl":{"start":{"line":298,"column":28},"end":{"line":298,"column":29}},"loc":{"start":{"line":298,"column":39},"end":{"line":298,"column":null}},"line":298}},"branchMap":{"0":{"loc":{"start":{"line":41,"column":4},"end":{"line":41,"column":null}},"type":"if","locations":[{"start":{"line":41,"column":4},"end":{"line":41,"column":null}},{"start":{},"end":{}}],"line":41},"1":{"loc":{"start":{"line":44,"column":24},"end":{"line":46,"column":null}},"type":"cond-expr","locations":[{"start":{"line":45,"column":8},"end":{"line":45,"column":null}},{"start":{"line":46,"column":8},"end":{"line":46,"column":null}}],"line":44},"2":{"loc":{"start":{"line":49,"column":13},"end":{"line":49,"column":64}},"type":"cond-expr","locations":[{"start":{"line":49,"column":38},"end":{"line":49,"column":62}},{"start":{"line":49,"column":62},"end":{"line":49,"column":64}}],"line":49},"3":{"loc":{"start":{"line":50,"column":18},"end":{"line":50,"column":115}},"type":"cond-expr","locations":[{"start":{"line":50,"column":84},"end":{"line":50,"column":113}},{"start":{"line":50,"column":113},"end":{"line":50,"column":115}}],"line":50},"4":{"loc":{"start":{"line":50,"column":18},"end":{"line":50,"column":84}},"type":"binary-expr","locations":[{"start":{"line":50,"column":18},"end":{"line":50,"column":49}},{"start":{"line":50,"column":49},"end":{"line":50,"column":84}}],"line":50},"5":{"loc":{"start":{"line":51,"column":18},"end":{"line":51,"column":76}},"type":"cond-expr","locations":[{"start":{"line":51,"column":39},"end":{"line":51,"column":74}},{"start":{"line":51,"column":74},"end":{"line":51,"column":76}}],"line":51},"6":{"loc":{"start":{"line":52,"column":13},"end":{"line":52,"column":32}},"type":"binary-expr","locations":[{"start":{"line":52,"column":13},"end":{"line":52,"column":30}},{"start":{"line":52,"column":30},"end":{"line":52,"column":32}}],"line":52},"7":{"loc":{"start":{"line":58,"column":4},"end":{"line":60,"column":null}},"type":"if","locations":[{"start":{"line":58,"column":4},"end":{"line":60,"column":null}},{"start":{},"end":{}}],"line":58},"8":{"loc":{"start":{"line":63,"column":2},"end":{"line":63,"column":null}},"type":"if","locations":[{"start":{"line":63,"column":2},"end":{"line":63,"column":null}},{"start":{},"end":{}}],"line":63},"9":{"loc":{"start":{"line":63,"column":6},"end":{"line":63,"column":27}},"type":"binary-expr","locations":[{"start":{"line":63,"column":6},"end":{"line":63,"column":17}},{"start":{"line":63,"column":17},"end":{"line":63,"column":27}}],"line":63},"10":{"loc":{"start":{"line":72,"column":6},"end":{"line":78,"column":null}},"type":"if","locations":[{"start":{"line":72,"column":6},"end":{"line":78,"column":null}},{"start":{},"end":{}}],"line":72},"11":{"loc":{"start":{"line":73,"column":8},"end":{"line":77,"column":null}},"type":"if","locations":[{"start":{"line":73,"column":8},"end":{"line":77,"column":null}},{"start":{},"end":{}}],"line":73},"12":{"loc":{"start":{"line":80,"column":6},"end":{"line":87,"column":null}},"type":"if","locations":[{"start":{"line":80,"column":6},"end":{"line":87,"column":null}},{"start":{},"end":{}}],"line":80},"13":{"loc":{"start":{"line":82,"column":8},"end":{"line":86,"column":null}},"type":"if","locations":[{"start":{"line":82,"column":8},"end":{"line":86,"column":null}},{"start":{},"end":{}}],"line":82},"14":{"loc":{"start":{"line":82,"column":12},"end":{"line":82,"column":75}},"type":"binary-expr","locations":[{"start":{"line":82,"column":12},"end":{"line":82,"column":40}},{"start":{"line":82,"column":40},"end":{"line":82,"column":58}},{"start":{"line":82,"column":58},"end":{"line":82,"column":75}}],"line":82},"15":{"loc":{"start":{"line":89,"column":6},"end":{"line":96,"column":null}},"type":"if","locations":[{"start":{"line":89,"column":6},"end":{"line":96,"column":null}},{"start":{},"end":{}}],"line":89},"16":{"loc":{"start":{"line":91,"column":8},"end":{"line":95,"column":null}},"type":"if","locations":[{"start":{"line":91,"column":8},"end":{"line":95,"column":null}},{"start":{},"end":{}}],"line":91},"17":{"loc":{"start":{"line":91,"column":12},"end":{"line":91,"column":73}},"type":"binary-expr","locations":[{"start":{"line":91,"column":12},"end":{"line":91,"column":39}},{"start":{"line":91,"column":39},"end":{"line":91,"column":56}},{"start":{"line":91,"column":56},"end":{"line":91,"column":73}}],"line":91},"18":{"loc":{"start":{"line":98,"column":25},"end":{"line":98,"column":null}},"type":"cond-expr","locations":[{"start":{"line":98,"column":47},"end":{"line":98,"column":54}},{"start":{"line":98,"column":54},"end":{"line":98,"column":null}}],"line":98},"19":{"loc":{"start":{"line":99,"column":30},"end":{"line":99,"column":null}},"type":"cond-expr","locations":[{"start":{"line":99,"column":80},"end":{"line":99,"column":87}},{"start":{"line":99,"column":87},"end":{"line":99,"column":null}}],"line":99},"20":{"loc":{"start":{"line":99,"column":30},"end":{"line":99,"column":80}},"type":"binary-expr","locations":[{"start":{"line":99,"column":30},"end":{"line":99,"column":53}},{"start":{"line":99,"column":53},"end":{"line":99,"column":80}}],"line":99},"21":{"loc":{"start":{"line":100,"column":30},"end":{"line":100,"column":null}},"type":"cond-expr","locations":[{"start":{"line":100,"column":57},"end":{"line":100,"column":64}},{"start":{"line":100,"column":64},"end":{"line":100,"column":null}}],"line":100},"22":{"loc":{"start":{"line":101,"column":35},"end":{"line":101,"column":null}},"type":"cond-expr","locations":[{"start":{"line":101,"column":95},"end":{"line":101,"column":102}},{"start":{"line":101,"column":102},"end":{"line":101,"column":null}}],"line":101},"23":{"loc":{"start":{"line":101,"column":35},"end":{"line":101,"column":95}},"type":"binary-expr","locations":[{"start":{"line":101,"column":35},"end":{"line":101,"column":63}},{"start":{"line":101,"column":63},"end":{"line":101,"column":95}}],"line":101},"24":{"loc":{"start":{"line":102,"column":30},"end":{"line":102,"column":null}},"type":"cond-expr","locations":[{"start":{"line":102,"column":57},"end":{"line":102,"column":64}},{"start":{"line":102,"column":64},"end":{"line":102,"column":null}}],"line":102},"25":{"loc":{"start":{"line":103,"column":25},"end":{"line":103,"column":null}},"type":"cond-expr","locations":[{"start":{"line":103,"column":47},"end":{"line":103,"column":54}},{"start":{"line":103,"column":54},"end":{"line":103,"column":null}}],"line":103},"26":{"loc":{"start":{"line":115,"column":22},"end":{"line":115,"column":null}},"type":"cond-expr","locations":[{"start":{"line":115,"column":45},"end":{"line":115,"column":59}},{"start":{"line":115,"column":59},"end":{"line":115,"column":null}}],"line":115},"27":{"loc":{"start":{"line":123,"column":4},"end":{"line":126,"column":null}},"type":"if","locations":[{"start":{"line":123,"column":4},"end":{"line":126,"column":null}},{"start":{},"end":{}}],"line":123},"28":{"loc":{"start":{"line":123,"column":8},"end":{"line":123,"column":90}},"type":"binary-expr","locations":[{"start":{"line":123,"column":8},"end":{"line":123,"column":54}},{"start":{"line":123,"column":54},"end":{"line":123,"column":90}}],"line":123},"29":{"loc":{"start":{"line":159,"column":13},"end":{"line":163,"column":null}},"type":"binary-expr","locations":[{"start":{"line":159,"column":13},"end":{"line":159,"column":null}},{"start":{"line":160,"column":14},"end":{"line":163,"column":null}}],"line":159},"30":{"loc":{"start":{"line":181,"column":11},"end":{"line":327,"column":null}},"type":"cond-expr","locations":[{"start":{"line":182,"column":12},"end":{"line":210,"column":null}},{"start":{"line":212,"column":12},"end":{"line":327,"column":null}}],"line":181},"31":{"loc":{"start":{"line":207,"column":19},"end":{"line":207,"column":null}},"type":"cond-expr","locations":[{"start":{"line":207,"column":30},"end":{"line":207,"column":46}},{"start":{"line":207,"column":46},"end":{"line":207,"column":null}}],"line":207},"32":{"loc":{"start":{"line":217,"column":21},"end":{"line":220,"column":null}},"type":"cond-expr","locations":[{"start":{"line":218,"column":22},"end":{"line":218,"column":null}},{"start":{"line":220,"column":22},"end":{"line":220,"column":null}}],"line":217},"33":{"loc":{"start":{"line":230,"column":22},"end":{"line":232,"column":null}},"type":"if","locations":[{"start":{"line":230,"column":22},"end":{"line":232,"column":null}},{"start":{},"end":{}}],"line":230},"34":{"loc":{"start":{"line":230,"column":26},"end":{"line":230,"column":65}},"type":"binary-expr","locations":[{"start":{"line":230,"column":26},"end":{"line":230,"column":40}},{"start":{"line":230,"column":40},"end":{"line":230,"column":65}}],"line":230},"35":{"loc":{"start":{"line":236,"column":19},"end":{"line":236,"column":null}},"type":"binary-expr","locations":[{"start":{"line":236,"column":19},"end":{"line":236,"column":57}},{"start":{"line":236,"column":57},"end":{"line":236,"column":null}}],"line":236},"36":{"loc":{"start":{"line":275,"column":22},"end":{"line":279,"column":null}},"type":"if","locations":[{"start":{"line":275,"column":22},"end":{"line":279,"column":null}},{"start":{},"end":{}}],"line":275},"37":{"loc":{"start":{"line":275,"column":26},"end":{"line":275,"column":61}},"type":"binary-expr","locations":[{"start":{"line":275,"column":26},"end":{"line":275,"column":39}},{"start":{"line":275,"column":39},"end":{"line":275,"column":61}}],"line":275},"38":{"loc":{"start":{"line":303,"column":15},"end":{"line":308,"column":null}},"type":"binary-expr","locations":[{"start":{"line":303,"column":15},"end":{"line":303,"column":null}},{"start":{"line":304,"column":16},"end":{"line":308,"column":null}}],"line":303},"39":{"loc":{"start":{"line":322,"column":28},"end":{"line":322,"column":null}},"type":"binary-expr","locations":[{"start":{"line":322,"column":28},"end":{"line":322,"column":40}},{"start":{"line":322,"column":40},"end":{"line":322,"column":null}}],"line":322},"40":{"loc":{"start":{"line":324,"column":19},"end":{"line":324,"column":null}},"type":"cond-expr","locations":[{"start":{"line":324,"column":30},"end":{"line":324,"column":47}},{"start":{"line":324,"column":47},"end":{"line":324,"column":null}}],"line":324}},"s":{"0":2,"1":32,"2":32,"3":32,"4":32,"5":32,"6":32,"7":32,"8":32,"9":32,"10":32,"11":8,"12":1,"13":7,"14":8,"15":8,"16":8,"17":8,"18":8,"19":8,"20":8,"21":32,"22":13,"23":1,"24":32,"25":5,"26":27,"27":27,"28":4,"29":4,"30":4,"31":4,"32":4,"33":3,"34":1,"35":1,"36":1,"37":3,"38":2,"39":2,"40":0,"41":0,"42":0,"43":3,"44":0,"45":0,"46":0,"47":0,"48":0,"49":3,"50":4,"51":4,"52":4,"53":4,"54":4,"55":4,"56":3,"57":0,"58":0,"59":0,"60":4,"61":27,"62":4,"63":3,"64":3,"65":1,"66":27,"67":4,"68":162,"69":0,"70":1,"71":1,"72":1,"73":0,"74":0,"75":0,"76":0,"77":0,"78":0,"79":0,"80":0,"81":0,"82":32},"f":{"0":32,"1":8,"2":13,"3":4,"4":4,"5":4,"6":162,"7":0,"8":1,"9":0,"10":0,"11":0,"12":0,"13":0},"b":{"0":[1,7],"1":[7,0],"2":[3,4],"3":[0,7],"4":[8,1],"5":[2,5],"6":[8,7],"7":[1,12],"8":[5,27],"9":[32,27],"10":[3,1],"11":[1,2],"12":[2,1],"13":[0,2],"14":[2,2,2],"15":[0,3],"16":[0,0],"17":[0,0,0],"18":[1,2],"19":[0,3],"20":[4,2],"21":[3,0],"22":[0,3],"23":[4,0],"24":[2,1],"25":[3,0],"26":[0,0],"27":[3,1],"28":[4,3],"29":[27,0],"30":[3,24],"31":[0,3],"32":[11,13],"33":[1,0],"34":[1,1],"35":[24,2],"36":[0,0],"37":[0,0],"38":[24,1],"39":[24,20],"40":[4,20]},"meta":{"lastBranch":41,"lastFunction":14,"lastStatement":83,"seen":{"s:21:34:335:Infinity":0,"f:21:34:21:35":0,"s:22:26:22:Infinity":1,"s:23:24:23:Infinity":2,"s:24:34:24:Infinity":3,"s:25:34:25:Infinity":4,"s:26:24:26:Infinity":5,"s:27:30:27:Infinity":6,"s:28:24:28:Infinity":7,"s:29:36:29:Infinity":8,"s:31:24:38:Infinity":9,"s:40:2:55:Infinity":10,"f:40:12:40:18":1,"b:41:4:41:Infinity:undefined:undefined:undefined:undefined":0,"s:41:4:41:Infinity":11,"s:41:18:41:Infinity":12,"s:44:24:46:Infinity":13,"b:45:8:45:Infinity:46:8:46:Infinity":1,"s:48:4:48:Infinity":14,"s:49:4:49:Infinity":15,"b:49:38:49:62:49:62:49:64":2,"s:50:4:50:Infinity":16,"b:50:84:50:113:50:113:50:115":3,"b:50:18:50:49:50:49:50:84":4,"s:51:4:51:Infinity":17,"b:51:39:51:74:51:74:51:76":5,"s:52:4:52:Infinity":18,"b:52:13:52:30:52:30:52:32":6,"s:53:4:53:Infinity":19,"s:54:4:54:Infinity":20,"s:57:2:61:Infinity":21,"f:57:12:57:18":2,"b:58:4:60:Infinity:undefined:undefined:undefined:undefined":7,"s:58:4:60:Infinity":22,"s:59:6:59:Infinity":23,"b:63:2:63:Infinity:undefined:undefined:undefined:undefined":8,"s:63:2:63:Infinity":24,"b:63:6:63:17:63:17:63:27":9,"s:63:27:63:Infinity":25,"s:65:25:65:Infinity":26,"s:67:22:120:Infinity":27,"f:67:22:67:34":3,"s:68:4:68:Infinity":28,"s:69:4:69:Infinity":29,"s:70:4:70:Infinity":30,"s:71:4:119:Infinity":31,"b:72:6:78:Infinity:undefined:undefined:undefined:undefined":10,"s:72:6:78:Infinity":32,"b:73:8:77:Infinity:undefined:undefined:undefined:undefined":11,"s:73:8:77:Infinity":33,"s:74:10:74:Infinity":34,"s:75:10:75:Infinity":35,"s:76:10:76:Infinity":36,"b:80:6:87:Infinity:undefined:undefined:undefined:undefined":12,"s:80:6:87:Infinity":37,"s:81:27:81:Infinity":38,"b:82:8:86:Infinity:undefined:undefined:undefined:undefined":13,"s:82:8:86:Infinity":39,"b:82:12:82:40:82:40:82:58:82:58:82:75":14,"s:83:10:83:Infinity":40,"s:84:10:84:Infinity":41,"s:85:10:85:Infinity":42,"b:89:6:96:Infinity:undefined:undefined:undefined:undefined":15,"s:89:6:96:Infinity":43,"s:90:26:90:Infinity":44,"b:91:8:95:Infinity:undefined:undefined:undefined:undefined":16,"s:91:8:95:Infinity":45,"b:91:12:91:39:91:39:91:56:91:56:91:73":17,"s:92:10:92:Infinity":46,"s:93:10:93:Infinity":47,"s:94:10:94:Infinity":48,"s:98:25:98:Infinity":49,"b:98:47:98:54:98:54:98:Infinity":18,"s:99:30:99:Infinity":50,"b:99:80:99:87:99:87:99:Infinity":19,"b:99:30:99:53:99:53:99:80":20,"s:100:30:100:Infinity":51,"b:100:57:100:64:100:64:100:Infinity":21,"s:101:35:101:Infinity":52,"b:101:95:101:102:101:102:101:Infinity":22,"b:101:35:101:63:101:63:101:95":23,"s:102:30:102:Infinity":53,"b:102:57:102:64:102:64:102:Infinity":24,"s:103:25:103:Infinity":54,"b:103:47:103:54:103:54:103:Infinity":25,"s:105:6:111:Infinity":55,"s:112:6:112:Infinity":56,"s:114:6:114:Infinity":57,"s:115:22:115:Infinity":58,"b:115:45:115:59:115:59:115:Infinity":26,"s:116:6:116:Infinity":59,"s:118:6:118:Infinity":60,"s:122:21:128:Infinity":61,"f:122:21:122:33":4,"b:123:4:126:Infinity:undefined:undefined:undefined:undefined":27,"s:123:4:126:Infinity":62,"b:123:8:123:54:123:54:123:90":28,"s:124:6:124:Infinity":63,"s:125:6:125:Infinity":64,"s:127:4:127:Infinity":65,"s:131:4:331:Infinity":66,"f:149:26:149:27":5,"s:149:37:149:Infinity":67,"f:151:35:151:36":6,"s:152:18:154:Infinity":68,"b:159:13:159:Infinity:160:14:163:Infinity":29,"b:182:12:210:Infinity:212:12:327:Infinity":30,"f:196:27:196:33":7,"s:196:33:196:Infinity":69,"b:207:30:207:46:207:46:207:Infinity":31,"b:218:22:218:Infinity:220:22:220:Infinity":32,"f:228:30:228:31":8,"s:229:34:229:Infinity":70,"b:230:22:232:Infinity:undefined:undefined:undefined:undefined":33,"s:230:22:232:Infinity":71,"b:230:26:230:40:230:40:230:65":34,"s:231:24:231:Infinity":72,"b:236:19:236:57:236:57:236:Infinity":35,"f:248:32:248:33":9,"s:248:43:248:Infinity":73,"f:263:30:263:31":10,"s:265:32:265:Infinity":74,"s:266:22:266:Infinity":75,"f:273:29:273:30":11,"s:274:40:274:Infinity":76,"b:275:22:279:Infinity:undefined:undefined:undefined:undefined":36,"s:275:22:279:Infinity":77,"b:275:26:275:39:275:39:275:61":37,"s:276:24:278:Infinity":78,"s:277:26:277:Infinity":79,"f:288:30:288:31":12,"s:288:37:288:Infinity":80,"f:298:28:298:29":13,"s:298:39:298:Infinity":81,"b:303:15:303:Infinity:304:16:308:Infinity":38,"b:322:28:322:40:322:40:322:Infinity":39,"b:324:30:324:47:324:47:324:Infinity":40,"s:334:2:334:Infinity":82}}}
,"C:\\Users\\luisd\\Desktop\\Proyectos\\Mi-Carrerita\\client\\src\\features\\academic\\components\\YearSeparatorNode.tsx": {"path":"C:\\Users\\luisd\\Desktop\\Proyectos\\Mi-Carrerita\\client\\src\\features\\academic\\components\\YearSeparatorNode.tsx","statementMap":{"0":{"start":{"line":11,"column":13},"end":{"line":20,"column":null}},"1":{"start":{"line":12,"column":2},"end":{"line":18,"column":null}},"2":{"start":{"line":20,"column":19},"end":{"line":20,"column":93}}},"fnMap":{"0":{"name":"(anonymous_0)","decl":{"start":{"line":11,"column":38},"end":{"line":11,"column":39}},"loc":{"start":{"line":11,"column":86},"end":{"line":20,"column":3}},"line":11},"1":{"name":"(anonymous_1)","decl":{"start":{"line":20,"column":3},"end":{"line":20,"column":4}},"loc":{"start":{"line":20,"column":19},"end":{"line":20,"column":93}},"line":20}},"branchMap":{"0":{"loc":{"start":{"line":20,"column":19},"end":{"line":20,"column":93}},"type":"binary-expr","locations":[{"start":{"line":20,"column":19},"end":{"line":20,"column":58}},{"start":{"line":20,"column":58},"end":{"line":20,"column":93}}],"line":20}},"s":{"0":1,"1":0,"2":0},"f":{"0":0,"1":0},"b":{"0":[0,0]},"meta":{"lastBranch":1,"lastFunction":2,"lastStatement":3,"seen":{"s:11:13:20:Infinity":0,"f:11:38:11:39":0,"s:12:2:18:Infinity":1,"f:20:3:20:4":1,"s:20:19:20:93":2,"b:20:19:20:58:20:58:20:93":0}}}
,"C:\\Users\\luisd\\Desktop\\Proyectos\\Mi-Carrerita\\client\\src\\features\\academic\\components\\useCareerGraph.ts": {"path":"C:\\Users\\luisd\\Desktop\\Proyectos\\Mi-Carrerita\\client\\src\\features\\academic\\components\\useCareerGraph.ts","statementMap":{"0":{"start":{"line":24,"column":16},"end":{"line":24,"column":null}},"1":{"start":{"line":26,"column":30},"end":{"line":316,"column":null}},"2":{"start":{"line":27,"column":39},"end":{"line":27,"column":null}},"3":{"start":{"line":28,"column":39},"end":{"line":28,"column":null}},"4":{"start":{"line":29,"column":8},"end":{"line":29,"column":null}},"5":{"start":{"line":29,"column":50},"end":{"line":29,"column":67}},"6":{"start":{"line":30,"column":8},"end":{"line":30,"column":null}},"7":{"start":{"line":30,"column":47},"end":{"line":30,"column":61}},"8":{"start":{"line":31,"column":8},"end":{"line":31,"column":null}},"9":{"start":{"line":31,"column":52},"end":{"line":31,"column":71}},"10":{"start":{"line":32,"column":8},"end":{"line":32,"column":null}},"11":{"start":{"line":33,"column":38},"end":{"line":35,"column":null}},"12":{"start":{"line":37,"column":28},"end":{"line":37,"column":null}},"13":{"start":{"line":38,"column":24},"end":{"line":38,"column":null}},"14":{"start":{"line":39,"column":42},"end":{"line":39,"column":null}},"15":{"start":{"line":40,"column":32},"end":{"line":40,"column":null}},"16":{"start":{"line":52,"column":2},"end":{"line":52,"column":null}},"17":{"start":{"line":61,"column":2},"end":{"line":61,"column":null}},"18":{"start":{"line":63,"column":2},"end":{"line":65,"column":null}},"19":{"start":{"line":64,"column":4},"end":{"line":64,"column":null}},"20":{"start":{"line":68,"column":8},"end":{"line":135,"column":null}},"21":{"start":{"line":70,"column":6},"end":{"line":132,"column":null}},"22":{"start":{"line":71,"column":8},"end":{"line":73,"column":null}},"23":{"start":{"line":72,"column":10},"end":{"line":72,"column":null}},"24":{"start":{"line":74,"column":8},"end":{"line":74,"column":null}},"25":{"start":{"line":76,"column":32},"end":{"line":76,"column":null}},"26":{"start":{"line":78,"column":8},"end":{"line":80,"column":null}},"27":{"start":{"line":79,"column":10},"end":{"line":79,"column":null}},"28":{"start":{"line":82,"column":14},"end":{"line":82,"column":null}},"29":{"start":{"line":83,"column":28},"end":{"line":85,"column":null}},"30":{"start":{"line":84,"column":41},"end":{"line":84,"column":65}},"31":{"start":{"line":87,"column":10},"end":{"line":88,"column":null}},"32":{"start":{"line":88,"column":34},"end":{"line":88,"column":61}},"33":{"start":{"line":89,"column":26},"end":{"line":91,"column":null}},"34":{"start":{"line":90,"column":34},"end":{"line":90,"column":62}},"35":{"start":{"line":93,"column":25},"end":{"line":100,"column":null}},"36":{"start":{"line":93,"column":55},"end":{"line":100,"column":10}},"37":{"start":{"line":102,"column":33},"end":{"line":115,"column":null}},"38":{"start":{"line":102,"column":58},"end":{"line":115,"column":10}},"39":{"start":{"line":117,"column":8},"end":{"line":117,"column":null}},"40":{"start":{"line":118,"column":8},"end":{"line":118,"column":null}},"41":{"start":{"line":119,"column":8},"end":{"line":119,"column":null}},"42":{"start":{"line":120,"column":8},"end":{"line":120,"column":null}},"43":{"start":{"line":122,"column":8},"end":{"line":122,"column":null}},"44":{"start":{"line":124,"column":10},"end":{"line":126,"column":null}},"45":{"start":{"line":127,"column":8},"end":{"line":127,"column":null}},"46":{"start":{"line":129,"column":8},"end":{"line":131,"column":null}},"47":{"start":{"line":130,"column":10},"end":{"line":130,"column":null}},"48":{"start":{"line":137,"column":2},"end":{"line":139,"column":null}},"49":{"start":{"line":138,"column":4},"end":{"line":138,"column":null}},"50":{"start":{"line":141,"column":8},"end":{"line":151,"column":null}},"51":{"start":{"line":142,"column":4},"end":{"line":144,"column":null}},"52":{"start":{"line":143,"column":6},"end":{"line":143,"column":null}},"53":{"start":{"line":145,"column":25},"end":{"line":148,"column":null}},"54":{"start":{"line":147,"column":8},"end":{"line":147,"column":null}},"55":{"start":{"line":149,"column":10},"end":{"line":149,"column":null}},"56":{"start":{"line":150,"column":4},"end":{"line":150,"column":null}},"57":{"start":{"line":153,"column":8},"end":{"line":156,"column":null}},"58":{"start":{"line":154,"column":10},"end":{"line":154,"column":null}},"59":{"start":{"line":154,"column":44},"end":{"line":154,"column":65}},"60":{"start":{"line":159,"column":2},"end":{"line":191,"column":null}},"61":{"start":{"line":160,"column":4},"end":{"line":190,"column":null}},"62":{"start":{"line":161,"column":20},"end":{"line":161,"column":null}},"63":{"start":{"line":162,"column":24},"end":{"line":188,"column":null}},"64":{"start":{"line":163,"column":25},"end":{"line":163,"column":null}},"65":{"start":{"line":164,"column":8},"end":{"line":164,"column":null}},"66":{"start":{"line":164,"column":22},"end":{"line":164,"column":null}},"67":{"start":{"line":166,"column":27},"end":{"line":166,"column":null}},"68":{"start":{"line":167,"column":34},"end":{"line":167,"column":null}},"69":{"start":{"line":168,"column":26},"end":{"line":168,"column":null}},"70":{"start":{"line":170,"column":8},"end":{"line":176,"column":null}},"71":{"start":{"line":175,"column":10},"end":{"line":175,"column":null}},"72":{"start":{"line":178,"column":8},"end":{"line":178,"column":null}},"73":{"start":{"line":179,"column":8},"end":{"line":187,"column":null}},"74":{"start":{"line":189,"column":6},"end":{"line":189,"column":null}},"75":{"start":{"line":194,"column":2},"end":{"line":240,"column":null}},"76":{"start":{"line":195,"column":4},"end":{"line":239,"column":null}},"77":{"start":{"line":196,"column":20},"end":{"line":196,"column":null}},"78":{"start":{"line":197,"column":24},"end":{"line":237,"column":null}},"79":{"start":{"line":198,"column":24},"end":{"line":198,"column":null}},"80":{"start":{"line":199,"column":27},"end":{"line":199,"column":null}},"81":{"start":{"line":200,"column":30},"end":{"line":200,"column":null}},"82":{"start":{"line":201,"column":26},"end":{"line":201,"column":null}},"83":{"start":{"line":203,"column":8},"end":{"line":208,"column":null}},"84":{"start":{"line":207,"column":10},"end":{"line":207,"column":null}},"85":{"start":{"line":210,"column":8},"end":{"line":210,"column":null}},"86":{"start":{"line":211,"column":26},"end":{"line":215,"column":null}},"87":{"start":{"line":217,"column":8},"end":{"line":236,"column":null}},"88":{"start":{"line":238,"column":6},"end":{"line":238,"column":null}},"89":{"start":{"line":242,"column":8},"end":{"line":245,"column":null}},"90":{"start":{"line":243,"column":4},"end":{"line":243,"column":null}},"91":{"start":{"line":248,"column":8},"end":{"line":287,"column":null}},"92":{"start":{"line":256,"column":6},"end":{"line":256,"column":null}},"93":{"start":{"line":256,"column":26},"end":{"line":256,"column":null}},"94":{"start":{"line":257,"column":23},"end":{"line":266,"column":null}},"95":{"start":{"line":268,"column":6},"end":{"line":279,"column":null}},"96":{"start":{"line":269,"column":26},"end":{"line":269,"column":null}},"97":{"start":{"line":269,"column":60},"end":{"line":269,"column":64}},"98":{"start":{"line":270,"column":18},"end":{"line":270,"column":null}},"99":{"start":{"line":271,"column":8},"end":{"line":277,"column":null}},"100":{"start":{"line":272,"column":10},"end":{"line":276,"column":null}},"101":{"start":{"line":273,"column":12},"end":{"line":273,"column":null}},"102":{"start":{"line":274,"column":10},"end":{"line":276,"column":null}},"103":{"start":{"line":275,"column":12},"end":{"line":275,"column":null}},"104":{"start":{"line":278,"column":8},"end":{"line":278,"column":null}},"105":{"start":{"line":281,"column":6},"end":{"line":281,"column":null}},"106":{"start":{"line":282,"column":6},"end":{"line":282,"column":null}},"107":{"start":{"line":283,"column":6},"end":{"line":283,"column":null}},"108":{"start":{"line":283,"column":23},"end":{"line":283,"column":48}},"109":{"start":{"line":284,"column":6},"end":{"line":284,"column":null}},"110":{"start":{"line":289,"column":2},"end":{"line":315,"column":null}}},"fnMap":{"0":{"name":"(anonymous_0)","decl":{"start":{"line":26,"column":30},"end":{"line":26,"column":36}},"loc":{"start":{"line":26,"column":36},"end":{"line":316,"column":null}},"line":26},"1":{"name":"(anonymous_1)","decl":{"start":{"line":29,"column":39},"end":{"line":29,"column":40}},"loc":{"start":{"line":29,"column":50},"end":{"line":29,"column":67}},"line":29},"2":{"name":"(anonymous_2)","decl":{"start":{"line":30,"column":36},"end":{"line":30,"column":37}},"loc":{"start":{"line":30,"column":47},"end":{"line":30,"column":61}},"line":30},"3":{"name":"(anonymous_3)","decl":{"start":{"line":31,"column":41},"end":{"line":31,"column":42}},"loc":{"start":{"line":31,"column":52},"end":{"line":31,"column":71}},"line":31},"4":{"name":"(anonymous_4)","decl":{"start":{"line":63,"column":12},"end":{"line":63,"column":18}},"loc":{"start":{"line":63,"column":18},"end":{"line":65,"column":5}},"line":63},"5":{"name":"(anonymous_5)","decl":{"start":{"line":69,"column":4},"end":{"line":69,"column":11}},"loc":{"start":{"line":69,"column":72},"end":{"line":133,"column":null}},"line":69},"6":{"name":"(anonymous_6)","decl":{"start":{"line":84,"column":31},"end":{"line":84,"column":32}},"loc":{"start":{"line":84,"column":41},"end":{"line":84,"column":65}},"line":84},"7":{"name":"(anonymous_7)","decl":{"start":{"line":88,"column":21},"end":{"line":88,"column":22}},"loc":{"start":{"line":88,"column":34},"end":{"line":88,"column":61}},"line":88},"8":{"name":"(anonymous_8)","decl":{"start":{"line":90,"column":21},"end":{"line":90,"column":22}},"loc":{"start":{"line":90,"column":34},"end":{"line":90,"column":62}},"line":90},"9":{"name":"(anonymous_9)","decl":{"start":{"line":93,"column":34},"end":{"line":93,"column":35}},"loc":{"start":{"line":93,"column":55},"end":{"line":100,"column":10}},"line":93},"10":{"name":"(anonymous_10)","decl":{"start":{"line":102,"column":47},"end":{"line":102,"column":48}},"loc":{"start":{"line":102,"column":58},"end":{"line":115,"column":10}},"line":102},"11":{"name":"(anonymous_11)","decl":{"start":{"line":137,"column":12},"end":{"line":137,"column":18}},"loc":{"start":{"line":137,"column":18},"end":{"line":139,"column":5}},"line":137},"12":{"name":"(anonymous_12)","decl":{"start":{"line":141,"column":31},"end":{"line":141,"column":37}},"loc":{"start":{"line":141,"column":37},"end":{"line":151,"column":5}},"line":141},"13":{"name":"(anonymous_13)","decl":{"start":{"line":146,"column":6},"end":{"line":146,"column":7}},"loc":{"start":{"line":147,"column":8},"end":{"line":147,"column":null}},"line":147},"14":{"name":"(anonymous_14)","decl":{"start":{"line":154,"column":4},"end":{"line":154,"column":10}},"loc":{"start":{"line":154,"column":10},"end":{"line":154,"column":null}},"line":154},"15":{"name":"(anonymous_15)","decl":{"start":{"line":154,"column":31},"end":{"line":154,"column":32}},"loc":{"start":{"line":154,"column":44},"end":{"line":154,"column":65}},"line":154},"16":{"name":"(anonymous_16)","decl":{"start":{"line":159,"column":12},"end":{"line":159,"column":18}},"loc":{"start":{"line":159,"column":18},"end":{"line":191,"column":5}},"line":159},"17":{"name":"(anonymous_17)","decl":{"start":{"line":160,"column":13},"end":{"line":160,"column":14}},"loc":{"start":{"line":160,"column":22},"end":{"line":190,"column":5}},"line":160},"18":{"name":"(anonymous_18)","decl":{"start":{"line":162,"column":32},"end":{"line":162,"column":33}},"loc":{"start":{"line":162,"column":42},"end":{"line":188,"column":7}},"line":162},"19":{"name":"(anonymous_19)","decl":{"start":{"line":194,"column":12},"end":{"line":194,"column":18}},"loc":{"start":{"line":194,"column":18},"end":{"line":240,"column":5}},"line":194},"20":{"name":"(anonymous_20)","decl":{"start":{"line":195,"column":13},"end":{"line":195,"column":14}},"loc":{"start":{"line":195,"column":22},"end":{"line":239,"column":5}},"line":195},"21":{"name":"(anonymous_21)","decl":{"start":{"line":197,"column":32},"end":{"line":197,"column":33}},"loc":{"start":{"line":197,"column":42},"end":{"line":237,"column":7}},"line":197},"22":{"name":"(anonymous_22)","decl":{"start":{"line":243,"column":4},"end":{"line":243,"column":10}},"loc":{"start":{"line":243,"column":4},"end":{"line":243,"column":null}},"line":243},"23":{"name":"(anonymous_23)","decl":{"start":{"line":249,"column":4},"end":{"line":249,"column":11}},"loc":{"start":{"line":255,"column":10},"end":{"line":285,"column":null}},"line":255},"24":{"name":"(anonymous_24)","decl":{"start":{"line":269,"column":54},"end":{"line":269,"column":60}},"loc":{"start":{"line":269,"column":60},"end":{"line":269,"column":64}},"line":269},"25":{"name":"(anonymous_25)","decl":{"start":{"line":283,"column":17},"end":{"line":283,"column":23}},"loc":{"start":{"line":283,"column":23},"end":{"line":283,"column":48}},"line":283}},"branchMap":{"0":{"loc":{"start":{"line":24,"column":16},"end":{"line":24,"column":null}},"type":"binary-expr","locations":[{"start":{"line":24,"column":16},"end":{"line":24,"column":48}},{"start":{"line":24,"column":48},"end":{"line":24,"column":null}}],"line":24},"1":{"loc":{"start":{"line":71,"column":8},"end":{"line":73,"column":null}},"type":"if","locations":[{"start":{"line":71,"column":8},"end":{"line":73,"column":null}},{"start":{},"end":{}}],"line":71},"2":{"loc":{"start":{"line":78,"column":8},"end":{"line":80,"column":null}},"type":"if","locations":[{"start":{"line":78,"column":8},"end":{"line":80,"column":null}},{"start":{},"end":{}}],"line":78},"3":{"loc":{"start":{"line":78,"column":12},"end":{"line":78,"column":55}},"type":"binary-expr","locations":[{"start":{"line":78,"column":12},"end":{"line":78,"column":36}},{"start":{"line":78,"column":36},"end":{"line":78,"column":55}}],"line":78},"4":{"loc":{"start":{"line":87,"column":10},"end":{"line":88,"column":null}},"type":"binary-expr","locations":[{"start":{"line":87,"column":10},"end":{"line":87,"column":null}},{"start":{"line":88,"column":10},"end":{"line":88,"column":null}}],"line":87},"5":{"loc":{"start":{"line":89,"column":26},"end":{"line":91,"column":null}},"type":"cond-expr","locations":[{"start":{"line":90,"column":12},"end":{"line":90,"column":null}},{"start":{"line":90,"column":62},"end":{"line":91,"column":null}}],"line":89},"6":{"loc":{"start":{"line":124,"column":10},"end":{"line":126,"column":null}},"type":"cond-expr","locations":[{"start":{"line":125,"column":14},"end":{"line":125,"column":null}},{"start":{"line":126,"column":14},"end":{"line":126,"column":null}}],"line":124},"7":{"loc":{"start":{"line":129,"column":8},"end":{"line":131,"column":null}},"type":"if","locations":[{"start":{"line":129,"column":8},"end":{"line":131,"column":null}},{"start":{},"end":{}}],"line":129},"8":{"loc":{"start":{"line":142,"column":4},"end":{"line":144,"column":null}},"type":"if","locations":[{"start":{"line":142,"column":4},"end":{"line":144,"column":null}},{"start":{},"end":{}}],"line":142},"9":{"loc":{"start":{"line":147,"column":8},"end":{"line":147,"column":null}},"type":"binary-expr","locations":[{"start":{"line":147,"column":8},"end":{"line":147,"column":31}},{"start":{"line":147,"column":31},"end":{"line":147,"column":null}}],"line":147},"10":{"loc":{"start":{"line":164,"column":8},"end":{"line":164,"column":null}},"type":"if","locations":[{"start":{"line":164,"column":8},"end":{"line":164,"column":null}},{"start":{},"end":{}}],"line":164},"11":{"loc":{"start":{"line":170,"column":8},"end":{"line":176,"column":null}},"type":"if","locations":[{"start":{"line":170,"column":8},"end":{"line":176,"column":null}},{"start":{},"end":{}}],"line":170},"12":{"loc":{"start":{"line":171,"column":10},"end":{"line":173,"column":null}},"type":"binary-expr","locations":[{"start":{"line":171,"column":10},"end":{"line":171,"column":null}},{"start":{"line":172,"column":10},"end":{"line":172,"column":null}},{"start":{"line":173,"column":10},"end":{"line":173,"column":null}}],"line":171},"13":{"loc":{"start":{"line":189,"column":13},"end":{"line":189,"column":null}},"type":"cond-expr","locations":[{"start":{"line":189,"column":23},"end":{"line":189,"column":35}},{"start":{"line":189,"column":35},"end":{"line":189,"column":null}}],"line":189},"14":{"loc":{"start":{"line":203,"column":8},"end":{"line":208,"column":null}},"type":"if","locations":[{"start":{"line":203,"column":8},"end":{"line":208,"column":null}},{"start":{},"end":{}}],"line":203},"15":{"loc":{"start":{"line":204,"column":11},"end":{"line":205,"column":null}},"type":"binary-expr","locations":[{"start":{"line":204,"column":11},"end":{"line":204,"column":null}},{"start":{"line":205,"column":11},"end":{"line":205,"column":null}}],"line":204},"16":{"loc":{"start":{"line":211,"column":26},"end":{"line":215,"column":null}},"type":"cond-expr","locations":[{"start":{"line":212,"column":12},"end":{"line":212,"column":null}},{"start":{"line":213,"column":12},"end":{"line":215,"column":null}}],"line":211},"17":{"loc":{"start":{"line":213,"column":12},"end":{"line":215,"column":null}},"type":"cond-expr","locations":[{"start":{"line":214,"column":14},"end":{"line":214,"column":null}},{"start":{"line":215,"column":14},"end":{"line":215,"column":null}}],"line":213},"18":{"loc":{"start":{"line":220,"column":17},"end":{"line":224,"column":null}},"type":"cond-expr","locations":[{"start":{"line":221,"column":14},"end":{"line":221,"column":null}},{"start":{"line":222,"column":14},"end":{"line":224,"column":null}}],"line":220},"19":{"loc":{"start":{"line":222,"column":14},"end":{"line":224,"column":null}},"type":"cond-expr","locations":[{"start":{"line":223,"column":16},"end":{"line":223,"column":null}},{"start":{"line":224,"column":16},"end":{"line":224,"column":null}}],"line":222},"20":{"loc":{"start":{"line":238,"column":13},"end":{"line":238,"column":null}},"type":"cond-expr","locations":[{"start":{"line":238,"column":23},"end":{"line":238,"column":35}},{"start":{"line":238,"column":35},"end":{"line":238,"column":null}}],"line":238},"21":{"loc":{"start":{"line":256,"column":6},"end":{"line":256,"column":null}},"type":"if","locations":[{"start":{"line":256,"column":6},"end":{"line":256,"column":null}},{"start":{},"end":{}}],"line":256},"22":{"loc":{"start":{"line":268,"column":6},"end":{"line":279,"column":null}},"type":"if","locations":[{"start":{"line":268,"column":6},"end":{"line":279,"column":null}},{"start":{},"end":{}}],"line":268},"23":{"loc":{"start":{"line":271,"column":8},"end":{"line":277,"column":null}},"type":"if","locations":[{"start":{"line":271,"column":8},"end":{"line":277,"column":null}},{"start":{},"end":{}}],"line":271},"24":{"loc":{"start":{"line":272,"column":10},"end":{"line":276,"column":null}},"type":"if","locations":[{"start":{"line":272,"column":10},"end":{"line":276,"column":null}},{"start":{"line":274,"column":10},"end":{"line":276,"column":null}}],"line":272},"25":{"loc":{"start":{"line":274,"column":10},"end":{"line":276,"column":null}},"type":"if","locations":[{"start":{"line":274,"column":10},"end":{"line":276,"column":null}},{"start":{},"end":{}}],"line":274}},"s":{"0":2,"1":2,"2":19,"3":19,"4":19,"5":64,"6":19,"7":64,"8":19,"9":64,"10":19,"11":19,"12":19,"13":19,"14":19,"15":19,"16":19,"17":19,"18":19,"19":14,"20":19,"21":6,"22":6,"23":4,"24":6,"25":6,"26":5,"27":0,"28":5,"29":5,"30":2,"31":5,"32":2,"33":6,"34":2,"35":6,"36":5,"37":6,"38":0,"39":6,"40":6,"41":6,"42":6,"43":1,"44":1,"45":1,"46":6,"47":4,"48":19,"49":4,"50":19,"51":11,"52":11,"53":0,"54":0,"55":0,"56":0,"57":19,"58":11,"59":7,"60":19,"61":11,"62":11,"63":11,"64":7,"65":7,"66":0,"67":7,"68":7,"69":7,"70":7,"71":0,"72":7,"73":7,"74":11,"75":19,"76":11,"77":11,"78":11,"79":0,"80":0,"81":0,"82":0,"83":0,"84":0,"85":0,"86":0,"87":0,"88":11,"89":19,"90":11,"91":19,"92":2,"93":0,"94":2,"95":2,"96":0,"97":0,"98":0,"99":0,"100":0,"101":0,"102":0,"103":0,"104":0,"105":2,"106":2,"107":2,"108":0,"109":2,"110":19},"f":{"0":19,"1":64,"2":64,"3":64,"4":14,"5":6,"6":2,"7":2,"8":2,"9":5,"10":0,"11":4,"12":11,"13":0,"14":11,"15":7,"16":11,"17":11,"18":7,"19":11,"20":11,"21":0,"22":11,"23":2,"24":0,"25":0},"b":{"0":[2,2],"1":[4,2],"2":[0,5],"3":[5,5],"4":[5,2],"5":[2,3],"6":[1,0],"7":[4,2],"8":[11,0],"9":[0,0],"10":[0,7],"11":[0,7],"12":[7,2,0],"13":[7,4],"14":[0,0],"15":[0,0],"16":[0,0],"17":[0,0],"18":[0,0],"19":[0,0],"20":[0,11],"21":[0,2],"22":[0,2],"23":[0,0],"24":[0,0],"25":[0,0]},"meta":{"lastBranch":26,"lastFunction":26,"lastStatement":111,"seen":{"s:24:16:24:Infinity":0,"b:24:16:24:48:24:48:24:Infinity":0,"s:26:30:316:Infinity":1,"f:26:30:26:36":0,"s:27:39:27:Infinity":2,"s:28:39:28:Infinity":3,"s:29:8:29:Infinity":4,"f:29:39:29:40":1,"s:29:50:29:67":5,"s:30:8:30:Infinity":6,"f:30:36:30:37":2,"s:30:47:30:61":7,"s:31:8:31:Infinity":8,"f:31:41:31:42":3,"s:31:52:31:71":9,"s:32:8:32:Infinity":10,"s:33:38:35:Infinity":11,"s:37:28:37:Infinity":12,"s:38:24:38:Infinity":13,"s:39:42:39:Infinity":14,"s:40:32:40:Infinity":15,"s:52:2:52:Infinity":16,"s:61:2:61:Infinity":17,"s:63:2:65:Infinity":18,"f:63:12:63:18":4,"s:64:4:64:Infinity":19,"s:68:8:135:Infinity":20,"f:69:4:69:11":5,"s:70:6:132:Infinity":21,"b:71:8:73:Infinity:undefined:undefined:undefined:undefined":1,"s:71:8:73:Infinity":22,"s:72:10:72:Infinity":23,"s:74:8:74:Infinity":24,"s:76:32:76:Infinity":25,"b:78:8:80:Infinity:undefined:undefined:undefined:undefined":2,"s:78:8:80:Infinity":26,"b:78:12:78:36:78:36:78:55":3,"s:79:10:79:Infinity":27,"s:82:14:82:Infinity":28,"s:83:28:85:Infinity":29,"f:84:31:84:32":6,"s:84:41:84:65":30,"s:87:10:88:Infinity":31,"b:87:10:87:Infinity:88:10:88:Infinity":4,"f:88:21:88:22":7,"s:88:34:88:61":32,"s:89:26:91:Infinity":33,"b:90:12:90:Infinity:90:62:91:Infinity":5,"f:90:21:90:22":8,"s:90:34:90:62":34,"s:93:25:100:Infinity":35,"f:93:34:93:35":9,"s:93:55:100:10":36,"s:102:33:115:Infinity":37,"f:102:47:102:48":10,"s:102:58:115:10":38,"s:117:8:117:Infinity":39,"s:118:8:118:Infinity":40,"s:119:8:119:Infinity":41,"s:120:8:120:Infinity":42,"s:122:8:122:Infinity":43,"s:124:10:126:Infinity":44,"b:125:14:125:Infinity:126:14:126:Infinity":6,"s:127:8:127:Infinity":45,"b:1
[...]
Infinity":67,"b:103:27:103:48:103:48:103:Infinity":18,"s:104:10:104:Infinity":68,"b:107:6:115:Infinity:113:13:115:Infinity":19,"s:107:6:115:Infinity":69,"s:108:25:108:Infinity":70,"s:109:8:109:Infinity":71,"s:110:8:110:Infinity":72,"s:111:8:111:Infinity":73,"s:112:8:112:Infinity":74,"s:114:8:114:Infinity":75,"s:119:2:119:Infinity":76,"f:122:16:122:27":17,"s:123:29:123:Infinity":77,"s:124:21:126:Infinity":78,"f:125:17:125:18":18,"s:125:30:125:60":79,"s:128:2:135:Infinity":80,"f:128:19:128:20":19,"s:129:4:134:Infinity":81,"f:129:35:129:36":20,"s:130:25:130:Infinity":82,"b:131:6:133:Infinity:undefined:undefined:undefined:undefined":20,"s:131:6:133:Infinity":83,"s:132:8:132:Infinity":84,"s:137:2:137:Infinity":85,"f:140:16:140:31":21,"s:141:18:141:Infinity":86,"s:142:2:144:Infinity":87,"f:142:16:142:17":22,"s:143:4:143:Infinity":88,"b:143:28:143:54:143:54:143:59":21,"s:145:2:145:Infinity":89,"f:148:16:148:Infinity":23,"s:155:19:155:Infinity":90,"s:156:2:156:Infinity":91,"f:159:16:159:Infinity":24,"s:164:28:164:Infinity":92,"s:165:20:172:Infinity":93,"f:166:4:166:5":25,"s:167:6:171:Infinity":94,"b:167:6:167:Infinity:168:6:171:Infinity":22,"f:168:35:168:36":26,"s:169:25:169:Infinity":95,"s:170:8:170:Infinity":96,"b:170:15:170:28:170:28:170:Infinity":23,"b:174:2:174:Infinity:undefined:undefined:undefined:undefined":24,"s:174:2:174:Infinity":97,"s:174:30:174:Infinity":98,"s:176:25:176:Infinity":99,"s:177:37:180:Infinity":100,"s:182:17:189:Infinity":101,"f:182:31:182:32":27,"s:183:17:183:Infinity":102,"b:183:17:183:51:183:51:183:Infinity":25,"s:184:18:184:Infinity":103,"b:184:50:184:73:184:73:184:Infinity":26,"s:185:4:188:Infinity":104,"s:191:2:191:Infinity":105,"f:191:14:191:15":28,"s:191:24:191:76":106,"b:191:24:191:45:191:45:191:76":27,"s:193:2:193:Infinity":107,"f:193:43:193:44":29,"s:193:54:193:67":108,"s:206:28:206:Infinity":109,"f:211:16:211:Infinity":30,"s:215:25:215:Infinity":110,"f:215:41:215:42":31,"s:215:48:215:78":111,"b:217:2:217:Infinity:undefined:undefined:undefined:undefined":28,"s:217:2:217:Infinity":112,"s:217:35:217:Infinity":113,"s:219:20:219:Infinity":114,"f:219:47:219:48":32,"s:219:54:219:58":115,"s:220:24:220:Infinity":116,"s:223:2:227:Infinity":117,"f:223:16:223:17":33,"b:224:4:226:Infinity:undefined:undefined:undefined:undefined":29,"s:224:4:226:Infinity":118,"s:225:6:225:Infinity":119,"s:229:2:229:Infinity":120,"f:235:16:235:Infinity":34,"b:239:25:239:Infinity":30,"s:241:21:241:Infinity":121,"s:242:28:242:Infinity":122,"s:244:20:252:Infinity":123,"f:245:4:245:5":35,"s:246:6:251:Infinity":124,"b:246:6:246:Infinity:247:6:247:Infinity:248:6:251:Infinity":31,"f:248:35:248:36":36,"s:249:25:249:Infinity":125,"s:250:8:250:Infinity":126,"b:250:15:250:28:250:28:250:Infinity":32,"b:254:2:254:Infinity:undefined:undefined:undefined:undefined":33,"s:254:2:254:Infinity":127,"s:254:30:254:Infinity":128,"s:256:25:256:Infinity":129,"s:257:37:260:Infinity":130,"s:261:24:261:Infinity":131,"s:262:20:262:Infinity":132,"s:264:17:304:Infinity":133,"f:264:31:264:32":37,"s:265:30:265:Infinity":134,"s:266:16:266:Infinity":135,"b:269:4:272:Infinity:undefined:undefined:undefined:undefined":34,"s:269:4:272:Infinity":136,"s:270:6:270:Infinity":137,"s:271:6:271:Infinity":138,"b:275:4:278:Infinity:undefined:undefined:undefined:undefined":35,"s:275:4:278:Infinity":139,"s:276:6:276:Infinity":140,"s:277:6:277:Infinity":141,"b:281:4:284:Infinity:undefined:undefined:undefined:undefined":36,"s:281:4:284:Infinity":142,"s:282:6:282:Infinity":143,"s:283:6:283:Infinity":144,"s:287:25:287:Infinity":145,"b:287:25:287:54:287:54:287:Infinity":37,"b:288:4:293:Infinity:undefined:undefined:undefined:undefined":38,"s:288:4:293:Infinity":146,"s:289:6:291:Infinity":147,"b:290:62:290:74:290:74:290:84":39,"s:292:6:292:Infinity":148,"s:296:21:296:Infinity":149,"b:296:21:296:55:296:55:296:Infinity":40,"s:297:4:297:Infinity":150,"s:299:4:303:Infinity":151,"s:307:2:310:Infinity":152,"f:307:14:307:15":38,"b:308:4:308:Infinity:undefined:undefined:undefined:undefined":41,"s:308:4:308:Infinity":153,"s:308:29:308:Infinity":154,"s:309:4:309:Infinity":155,"s:312:2:312:Infinity":156}}}
,"C:\\Users\\luisd\\Desktop\\Proyectos\\Mi-Carrerita\\client\\src\\shared\\lib\\utils.ts": {"path":"C:\\Users\\luisd\\Desktop\\Proyectos\\Mi-Carrerita\\client\\src\\shared\\lib\\utils.ts","statementMap":{"0":{"start":{"line":8,"column":2},"end":{"line":8,"column":null}},"1":{"start":{"line":15,"column":2},"end":{"line":15,"column":null}},"2":{"start":{"line":15,"column":32},"end":{"line":15,"column":null}},"3":{"start":{"line":16,"column":2},"end":{"line":16,"column":null}},"4":{"start":{"line":23,"column":43},"end":{"line":29,"column":null}},"5":{"start":{"line":30,"column":2},"end":{"line":30,"column":null}},"6":{"start":{"line":37,"column":17},"end":{"line":45,"column":null}},"7":{"start":{"line":46,"column":2},"end":{"line":46,"column":null}},"8":{"start":{"line":56,"column":2},"end":{"line":56,"column":null}},"9":{"start":{"line":56,"column":27},"end":{"line":56,"column":null}},"10":{"start":{"line":57,"column":2},"end":{"line":57,"column":null}},"11":{"start":{"line":66,"column":2},"end":{"line":73,"column":null}},"12":{"start":{"line":67,"column":21},"end":{"line":67,"column":null}},"13":{"start":{"line":68,"column":4},"end":{"line":70,"column":null}},"14":{"start":{"line":69,"column":6},"end":{"line":69,"column":null}},"15":{"start":{"line":71,"column":4},"end":{"line":71,"column":null}},"16":{"start":{"line":72,"column":4},"end":{"line":72,"column":null}},"17":{"start":{"line":80,"column":2},"end":{"line":80,"column":null}},"18":{"start":{"line":80,"column":22},"end":{"line":80,"column":null}},"19":{"start":{"line":81,"column":2},"end":{"line":81,"column":null}},"20":{"start":{"line":81,"column":18},"end":{"line":81,"column":null}},"21":{"start":{"line":82,"column":2},"end":{"line":82,"column":null}},"22":{"start":{"line":82,"column":18},"end":{"line":82,"column":null}},"23":{"start":{"line":83,"column":2},"end":{"line":83,"column":null}},"24":{"start":{"line":90,"column":2},"end":{"line":90,"column":null}},"25":{"start":{"line":90,"column":13},"end":{"line":90,"column":null}},"26":{"start":{"line":91,"column":2},"end":{"line":91,"column":null}},"27":{"start":{"line":97,"column":21},"end":{"line":98,"column":null}},"28":{"start":{"line":98,"column":2},"end":{"line":98,"column":null}},"29":{"start":{"line":98,"column":27},"end":{"line":98,"column":50}},"30":{"start":{"line":107,"column":54},"end":{"line":107,"column":null}},"31":{"start":{"line":109,"column":2},"end":{"line":112,"column":null}},"32":{"start":{"line":110,"column":4},"end":{"line":110,"column":null}},"33":{"start":{"line":110,"column":17},"end":{"line":110,"column":null}},"34":{"start":{"line":111,"column":4},"end":{"line":111,"column":null}},"35":{"start":{"line":111,"column":31},"end":{"line":111,"column":46}}},"fnMap":{"0":{"name":"cn","decl":{"start":{"line":7,"column":16},"end":{"line":7,"column":22}},"loc":{"start":{"line":7,"column":44},"end":{"line":9,"column":null}},"line":7},"1":{"name":"truncateSubjectName","decl":{"start":{"line":14,"column":16},"end":{"line":14,"column":36}},"loc":{"start":{"line":14,"column":74},"end":{"line":17,"column":null}},"line":14},"2":{"name":"getSubjectEmoji","decl":{"start":{"line":22,"column":16},"end":{"line":22,"column":32}},"loc":{"start":{"line":22,"column":56},"end":{"line":31,"column":null}},"line":22},"3":{"name":"getRandomRetroColor","decl":{"start":{"line":36,"column":16},"end":{"line":36,"column":46}},"loc":{"start":{"line":36,"column":46},"end":{"line":47,"column":null}},"line":36},"4":{"name":"calculateProgress","decl":{"start":{"line":52,"column":16},"end":{"line":52,"column":null}},"loc":{"start":{"line":55,"column":10},"end":{"line":58,"column":null}},"line":55},"5":{"name":"groupBySemester","decl":{"start":{"line":63,"column":16},"end":{"line":63,"column":null}},"loc":{"start":{"line":65,"column":20},"end":{"line":74,"column":null}},"line":65},"6":{"name":"(anonymous_6)","decl":{"start":{"line":66,"column":22},"end":{"line":66,"column":23}},"loc":{"start":{"line":66,"column":37},"end":{"line":73,"column":5}},"line":66},"7":{"name":"formatGrade","decl":{"start":{"line":79,"column":16},"end":{"line":79,"column":28}},"loc":{"start":{"line":79,"column":58},"end":{"line":84,"column":null}},"line":79},"8":{"name":"formatDate","decl":{"start":{"line":89,"column":16},"end":{"line":89,"column":27}},"loc":{"start":{"line":89,"column":68},"end":{"line":92,"column":null}},"line":89},"9":{"name":"(anonymous_9)","decl":{"start":{"line":97,"column":21},"end":{"line":97,"column":22}},"loc":{"start":{"line":98,"column":2},"end":{"line":98,"column":null}},"line":98},"10":{"name":"(anonymous_10)","decl":{"start":{"line":98,"column":14},"end":{"line":98,"column":15}},"loc":{"start":{"line":98,"column":27},"end":{"line":98,"column":50}},"line":98},"11":{"name":"debounce","decl":{"start":{"line":103,"column":16},"end":{"line":103,"column":null}},"loc":{"start":{"line":106,"column":36},"end":{"line":113,"column":null}},"line":106},"12":{"name":"(anonymous_12)","decl":{"start":{"line":109,"column":9},"end":{"line":109,"column":13}},"loc":{"start":{"line":109,"column":37},"end":{"line":112,"column":null}},"line":109},"13":{"name":"(anonymous_13)","decl":{"start":{"line":111,"column":25},"end":{"line":111,"column":31}},"loc":{"start":{"line":111,"column":31},"end":{"line":111,"column":46}},"line":111}},"branchMap":{"0":{"loc":{"start":{"line":14,"column":50},"end":{"line":14,"column":74}},"type":"default-arg","locations":[{"start":{"line":14,"column":62},"end":{"line":14,"column":74}}],"line":14},"1":{"loc":{"start":{"line":15,"column":2},"end":{"line":15,"column":null}},"type":"if","locations":[{"start":{"line":15,"column":2},"end":{"line":15,"column":null}},{"start":{},"end":{}}],"line":15},"2":{"loc":{"start":{"line":30,"column":9},"end":{"line":30,"column":null}},"type":"binary-expr","locations":[{"start":{"line":30,"column":9},"end":{"line":30,"column":29}},{"start":{"line":30,"column":29},"end":{"line":30,"column":null}}],"line":30},"3":{"loc":{"start":{"line":56,"column":2},"end":{"line":56,"column":null}},"type":"if","locations":[{"start":{"line":56,"column":2},"end":{"line":56,"column":null}},{"start":{},"end":{}}],"line":56},"4":{"loc":{"start":{"line":68,"column":4},"end":{"line":70,"column":null}},"type":"if","locations":[{"start":{"line":68,"column":4},"end":{"line":70,"column":null}},{"start":{},"end":{}}],"line":68},"5":{"loc":{"start":{"line":80,"column":2},"end":{"line":80,"column":null}},"type":"if","locations":[{"start":{"line":80,"column":2},"end":{"line":80,"column":null}},{"start":{},"end":{}}],"line":80},"6":{"loc":{"start":{"line":81,"column":2},"end":{"line":81,"column":null}},"type":"if","locations":[{"start":{"line":81,"column":2},"end":{"line":81,"column":null}},{"start":{},"end":{}}],"line":81},"7":{"loc":{"start":{"line":82,"column":2},"end":{"line":82,"column":null}},"type":"if","locations":[{"start":{"line":82,"column":2},"end":{"line":82,"column":null}},{"start":{},"end":{}}],"line":82},"8":{"loc":{"start":{"line":90,"column":2},"end":{"line":90,"column":null}},"type":"if","locations":[{"start":{"line":90,"column":2},"end":{"line":90,"column":null}},{"start":{},"end":{}}],"line":90},"9":{"loc":{"start":{"line":110,"column":4},"end":{"line":110,"column":null}},"type":"if","locations":[{"start":{"line":110,"column":4},"end":{"line":110,"column":null}},{"start":{},"end":{}}],"line":110}},"s":{"0":27,"1":2,"2":1,"3":1,"4":3,"5":3,"6":1,"7":1,"8":4,"9":1,"10":3,"11":1,"12":3,"13":3,"14":2,"15":3,"16":3,"17":6,"18":1,"19":5,"20":5,"21":3,"22":3,"23":1,"24":4,"25":3,"26":1,"27":3,"28":1,"29":1,"30":1,"31":1,"32":3,"33":2,"34":3,"35":1},"f":{"0":27,"1":2,"2":3,"3":1,"4":4,"5":1,"6":3,"7":6,"8":4,"9":1,"10":1,"11":1,"12":3,"13":1},"b":{"0":[2],"1":[1,1],"2":[3,1],"3":[1,3],"4":[2,1],"5":[1,5],"6":[2,3],"7":[2,1],"8":[3,1],"9":[2,1]},"meta":{"lastBranch":10,"lastFunction":14,"lastStatement":36,"seen":{"f:7:16:7:22":0,"s:8:2:8:Infinity":0,"f:14:16:14:36":1,"b:14:62:14:74":0,"b:15:2:15:Infinity:undefined:undefined:undefined:undefined":1,"s:15:2:15:Infinity":1,"s:15:32:15:Infinity":2,"s:16:2:16:Infinity":3,"f:22:16:22:32":2,"s:23:43:29:Infinity":4,"s:30:2:30:Infinity":5,"b:30:9:30:29:30:29:30:Infinity":2,"f:36:16:36:46":3,"s:37:17:45:Infinity":6,"s:46:2:46:Infinity":7,"f:52:16:52:Infinity":4,"b:56:2:56:Infinity:undefined:undefined:undefined:undefined":3,"s:56:2:56:Infinity":8,"s:56:27:56:Infinity":9,"s:57:2:57:Infinity":10,"f:63:16:63:Infinity":5,"s:66:2:73:Infinity":11,"f:66:22:66:23":6,"s:67:21:67:Infinity":12,"b:68:4:70:Infinity:undefined:undefined:undefined:undefined":4,"s:68:4:70:Infinity":13,"s:69:6:69:Infinity":14,"s:71:4:71:Infinity":15,"s:72:4:72:Infinity":16,"f:79:16:79:28":7,"b:80:2:80:Infinity:undefined:undefined:undefined:undefined":5,"s:80:2:80:Infinity":17,"s:80:22:80:Infinity":18,"b:81:2:81:Infinity:undefined:undefined:undefined:undefined":6,"s:81:2:81:Infinity":19,"s:81:18:81:Infinity":20,"b:82:2:82:Infinity:undefined:undefined:undefined:undefined":7,"s:82:2:82:Infinity":21,"s:82:18:82:Infinity":22,"s:83:2:83:Infinity":23,"f:89:16:89:27":8,"b:90:2:90:Infinity:undefined:undefined:undefined:undefined":8,"s:90:2:90:Infinity":24,"s:90:13:90:Infinity":25,"s:91:2:91:Infinity":26,"s:97:21:98:Infinity":27,"f:97:21:97:22":9,"s:98:2:98:Infinity":28,"f:98:14:98:15":10,"s:98:27:98:50":29,"f:103:16:103:Infinity":11,"s:107:54:107:Infinity":30,"s:109:2:112:Infinity":31,"f:109:9:109:13":12,"b:110:4:110:Infinity:undefined:undefined:undefined:undefined":9,"s:110:4:110:Infinity":32,"s:110:17:110:Infinity":33,"s:111:4:111:Infinity":34,"f:111:25:111:31":13,"s:111:31:111:46":35}}}
,"C:\\Users\\luisd\\Desktop\\Proyectos\\Mi-Carrerita\\client\\src\\shared\\types\\academic.ts": {"path":"C:\\Users\\luisd\\Desktop\\Proyectos\\Mi-Carrerita\\client\\src\\shared\\types\\academic.ts","statementMap":{"0":{"start":{"line":1,"column":29},"end":{"line":8,"column":null}},"1":{"start":{"line":12,"column":38},"end":{"line":15,"column":null}}},"fnMap":{},"branchMap":{},"s":{"0":6,"1":6},"f":{},"b":{},"meta":{"lastBranch":0,"lastFunction":0,"lastStatement":2,"seen":{"s:1:29:8:Infinity":0,"s:12:38:15:Infinity":1}}}
,"C:\\Users\\luisd\\Desktop\\Proyectos\\Mi-Carrerita\\client\\src\\shared\\ui\\RetroButton.tsx": {"path":"C:\\Users\\luisd\\Desktop\\Proyectos\\Mi-Carrerita\\client\\src\\shared\\ui\\RetroButton.tsx","statementMap":{"0":{"start":{"line":11,"column":22},"end":{"line":16,"column":null}},"1":{"start":{"line":18,"column":19},"end":{"line":22,"column":null}},"2":{"start":{"line":24,"column":27},"end":{"line":52,"column":null}},"3":{"start":{"line":33,"column":2},"end":{"line":50,"column":null}}},"fnMap":{"0":{"name":"(anonymous_0)","decl":{"start":{"line":24,"column":27},"end":{"line":24,"column":28}},"loc":{"start":{"line":32,"column":24},"end":{"line":52,"column":null}},"line":32}},"branchMap":{"0":{"loc":{"start":{"line":26,"column":2},"end":{"line":26,"column":null}},"type":"default-arg","locations":[{"start":{"line":26,"column":12},"end":{"line":26,"column":null}}],"line":26},"1":{"loc":{"start":{"line":27,"column":2},"end":{"line":27,"column":null}},"type":"default-arg","locations":[{"start":{"line":27,"column":9},"end":{"line":27,"column":null}}],"line":27},"2":{"loc":{"start":{"line":28,"column":2},"end":{"line":28,"column":null}},"type":"default-arg","locations":[{"start":{"line":28,"column":14},"end":{"line":28,"column":null}}],"line":28},"3":{"loc":{"start":{"line":41,"column":8},"end":{"line":41,"column":null}},"type":"binary-expr","locations":[{"start":{"line":41,"column":8},"end":{"line":41,"column":21}},{"start":{"line":41,"column":21},"end":{"line":41,"column":null}}],"line":41}},"s":{"0":2,"1":2,"2":2,"3":25},"f":{"0":25},"b":{"0":[25],"1":[25],"2":[25],"3":[25,25]},"meta":{"lastBranch":4,"lastFunction":1,"lastStatement":4,"seen":{"s:11:22:16:Infinity":0,"s:18:19:22:Infinity":1,"s:24:27:52:Infinity":2,"f:24:27:24:28":0,"b:26:12:26:Infinity":0,"b:27:9:27:Infinity":1,"b:28:14:28:Infinity":2,"s:33:2:50:Infinity":3,"b:41:8:41:21:41:21:41:Infinity":3}}}
,"C:\\Users\\luisd\\Desktop\\Proyectos\\Mi-Carrerita\\client\\src\\shared\\ui\\RetroComponents.tsx": {"path":"C:\\Users\\luisd\\Desktop\\Proyectos\\Mi-Carrerita\\client\\src\\shared\\ui\\RetroComponents.tsx","statementMap":{"0":{"start":{"line":11,"column":25},"end":{"line":40,"column":null}},"1":{"start":{"line":17,"column":19},"end":{"line":21,"column":null}},"2":{"start":{"line":23,"column":2},"end":{"line":38,"column":null}},"3":{"start":{"line":42,"column":28},"end":{"line":73,"column":null}},"4":{"start":{"line":43,"column":2},"end":{"line":71,"column":null}},"5":{"start":{"line":81,"column":26},"end":{"line":116,"column":null}},"6":{"start":{"line":86,"column":2},"end":{"line":114,"column":null}},"7":{"start":{"line":124,"column":26},"end":{"line":151,"column":null}},"8":{"start":{"line":129,"column":19},"end":{"line":135,"column":null}},"9":{"start":{"line":137,"column":2},"end":{"line":149,"column":null}}},"fnMap":{"0":{"name":"(anonymous_0)","decl":{"start":{"line":11,"column":25},"end":{"line":11,"column":26}},"loc":{"start":{"line":16,"column":22},"end":{"line":40,"column":null}},"line":16},"1":{"name":"(anonymous_1)","decl":{"start":{"line":42,"column":28},"end":{"line":42,"column":29}},"loc":{"start":{"line":42,"column":83},"end":{"line":73,"column":null}},"line":42},"2":{"name":"(anonymous_2)","decl":{"start":{"line":81,"column":26},"end":{"line":81,"column":27}},"loc":{"start":{"line":85,"column":23},"end":{"line":116,"column":null}},"line":85},"3":{"name":"(anonymous_3)","decl":{"start":{"line":124,"column":26},"end":{"line":124,"column":27}},"loc":{"start":{"line":128,"column":23},"end":{"line":151,"column":null}},"line":128}},"branchMap":{"0":{"loc":{"start":{"line":14,"column":2},"end":{"line":14,"column":null}},"type":"default-arg","locations":[{"start":{"line":14,"column":12},"end":{"line":14,"column":null}}],"line":14},"1":{"loc":{"start":{"line":15,"column":2},"end":{"line":15,"column":null}},"type":"default-arg","locations":[{"start":{"line":15,"column":9},"end":{"line":15,"column":null}}],"line":15},"2":{"loc":{"start":{"line":28,"column":8},"end":{"line":28,"column":null}},"type":"binary-expr","locations":[{"start":{"line":28,"column":8},"end":{"line":28,"column":16}},{"start":{"line":28,"column":16},"end":{"line":28,"column":null}}],"line":28},"3":{"loc":{"start":{"line":42,"column":31},"end":{"line":42,"column":55}},"type":"default-arg","locations":[{"start":{"line":42,"column":41},"end":{"line":42,"column":55}}],"line":42},"4":{"loc":{"start":{"line":82,"column":2},"end":{"line":82,"column":null}},"type":"default-arg","locations":[{"start":{"line":82,"column":10},"end":{"line":82,"column":null}}],"line":82},"5":{"loc":{"start":{"line":101,"column":7},"end":{"line":110,"column":null}},"type":"binary-expr","locations":[{"start":{"line":101,"column":7},"end":{"line":101,"column":null}},{"start":{"line":102,"column":8},"end":{"line":110,"column":null}}],"line":101},"6":{"loc":{"start":{"line":126,"column":2},"end":{"line":126,"column":null}},"type":"default-arg","locations":[{"start":{"line":126,"column":12},"end":{"line":126,"column":null}}],"line":126}},"s":{"0":1,"1":0,"2":0,"3":1,"4":1,"5":1,"6":0,"7":1,"8":0,"9":0},"f":{"0":0,"1":1,"2":0,"3":0},"b":{"0":[0],"1":[0],"2":[0,0],"3":[1],"4":[0],"5":[0,0],"6":[0]},"meta":{"lastBranch":7,"lastFunction":4,"lastStatement":10,"seen":{"s:11:25:40:Infinity":0,"f:11:25:11:26":0,"b:14:12:14:Infinity":0,"b:15:9:15:Infinity":1,"s:17:19:21:Infinity":1,"s:23:2:38:Infinity":2,"b:28:8:28:16:28:16:28:Infinity":2,"s:42:28:73:Infinity":3,"f:42:28:42:29":1,"b:42:41:42:55":3,"s:43:2:71:Infinity":4,"s:81:26:116:Infinity":5,"f:81:26:81:27":2,"b:82:10:82:Infinity":4,"s:86:2:114:Infinity":6,"b:101:7:101:Infinity:102:8:110:Infinity":5,"s:124:26:151:Infinity":7,"f:124:26:124:27":3,"b:126:12:126:Infinity":6,"s:129:19:135:Infinity":8,"s:137:2:149:Infinity":9}}}
}
